{
"contracts/DUMMYDONTDEPLOY.sol":{"l":{"39":67,"40":67,"41":67},"path":"/Users/devonmartens/Haven1/remake/opt2/Contracts-Hardhat-Tests/Prover-Test-Folder/contracts/DUMMYDONTDEPLOY.sol","s":{"1":67},"b":{},"f":{"1":171,"2":1,"3":67},"fnMap":{"1":{"name":"constructor","line":15,"loc":{"start":{"line":15,"column":4},"end":{"line":15,"column":18}}},"2":{"name":"updateAccountStatus","line":26,"loc":{"start":{"line":26,"column":0},"end":{"line":30,"column":18}}},"3":{"name":"assignAccountRole","line":33,"loc":{"start":{"line":33,"column":0},"end":{"line":43,"column":0}}}},"statementMap":{"1":{"start":{"line":39,"column":4},"end":{"line":39,"column":60}}},"branchMap":{}},
"contracts/Errors.sol":{"l":{},"path":"/Users/devonmartens/Haven1/remake/opt2/Contracts-Hardhat-Tests/Prover-Test-Folder/contracts/Errors.sol","s":{},"b":{},"f":{},"fnMap":{},"statementMap":{},"branchMap":{}},
"contracts/IPermissionsInterface.sol":{"l":{},"path":"/Users/devonmartens/Haven1/remake/opt2/Contracts-Hardhat-Tests/Prover-Test-Folder/contracts/IPermissionsInterface.sol","s":{},"b":{},"f":{},"fnMap":{},"statementMap":{},"branchMap":{}},
"contracts/IRoleVerification.sol":{"l":{},"path":"/Users/devonmartens/Haven1/remake/opt2/Contracts-Hardhat-Tests/Prover-Test-Folder/contracts/IRoleVerification.sol","s":{},"b":{},"f":{},"fnMap":{},"statementMap":{},"branchMap":{}},
"contracts/IUserInformation.sol":{"l":{},"path":"/Users/devonmartens/Haven1/remake/opt2/Contracts-Hardhat-Tests/Prover-Test-Folder/contracts/IUserInformation.sol","s":{},"b":{},"f":{},"fnMap":{},"statementMap":{},"branchMap":{}},
"contracts/IUserInformationPreventsOnExpiry.sol":{"l":{},"path":"/Users/devonmartens/Haven1/remake/opt2/Contracts-Hardhat-Tests/Prover-Test-Folder/contracts/IUserInformationPreventsOnExpiry.sol","s":{},"b":{},"f":{},"fnMap":{},"statementMap":{},"branchMap":{}},
"contracts/ProofOfIdentity.sol":{"l":{"91":3,"110":201,"111":201,"112":201,"113":201,"114":201,"115":201,"142":69,"144":68,"145":67,"147":67,"156":67,"157":67,"158":67,"159":67,"160":67,"190":9,"192":8,"200":8,"201":8,"211":4,"225":3,"226":2,"227":2,"241":1,"242":1,"250":3,"263":5,"264":4,"278":1,"290":1,"311":1},"path":"/Users/devonmartens/Haven1/remake/opt2/Contracts-Hardhat-Tests/Prover-Test-Folder/contracts/ProofOfIdentity.sol","s":{"1":3,"2":201,"3":201,"4":201,"5":201,"6":201,"7":69,"8":68,"9":67,"10":67,"11":67,"12":67,"13":67,"14":9,"15":8,"16":3,"17":2,"18":1,"19":1,"20":3,"21":5,"22":4,"23":1,"24":1,"25":1},"b":{"1":[201,1],"2":[69,1],"3":[68,1],"4":[67,1],"5":[9,1],"6":[8,1],"7":[4,1],"8":[3,1],"9":[2,1],"10":[1,1],"11":[4,1],"12":[1,1]},"f":{"1":3,"2":201,"3":69,"4":9,"5":4,"6":3,"7":1,"8":3,"9":5,"10":1,"11":1,"12":1,"13":1},"fnMap":{"1":{"name":"constructor","line":90,"loc":{"start":{"line":90,"column":4},"end":{"line":92,"column":4}}},"2":{"name":"initialize","line":108,"loc":{"start":{"line":103,"column":4},"end":{"line":116,"column":4}}},"3":{"name":"issueIdentity","line":141,"loc":{"start":{"line":134,"column":4},"end":{"line":161,"column":4}}},"4":{"name":"updateIdentity","line":189,"loc":{"start":{"line":181,"column":4},"end":{"line":202,"column":4}}},"5":{"name":"establishCompetencyRating","line":210,"loc":{"start":{"line":210,"column":4},"end":{"line":212,"column":4}}},"6":{"name":"updateTokenURI","line":224,"loc":{"start":{"line":220,"column":4},"end":{"line":228,"column":4}}},"7":{"name":"suspendAccountMaintainTokenAndIdentityBlob","line":240,"loc":{"start":{"line":237,"column":4},"end":{"line":243,"column":4}}},"8":{"name":"totalSupply","line":249,"loc":{"start":{"line":249,"column":4},"end":{"line":251,"column":4}}},"9":{"name":"tokenURI","line":260,"loc":{"start":{"line":260,"column":4},"end":{"line":265,"column":4}}},"10":{"name":"transferFrom","line":273,"loc":{"start":{"line":273,"column":4},"end":{"line":279,"column":4}}},"11":{"name":"safeTransferFrom","line":285,"loc":{"start":{"line":285,"column":4},"end":{"line":291,"column":4}}},"12":{"name":"_authorizeUpgrade","line":300,"loc":{"start":{"line":298,"column":3},"end":{"line":302,"column":5}}},"13":{"name":"supportsInterface","line":308,"loc":{"start":{"line":308,"column":4},"end":{"line":312,"column":4}}}},"statementMap":{"1":{"start":{"line":91,"column":8},"end":{"line":91,"column":29}},"2":{"start":{"line":110,"column":9},"end":{"line":110,"column":30}},"3":{"start":{"line":111,"column":8},"end":{"line":111,"column":50}},"4":{"start":{"line":112,"column":8},"end":{"line":112,"column":31}},"5":{"start":{"line":114,"column":8},"end":{"line":114,"column":51}},"6":{"start":{"line":115,"column":8},"end":{"line":115,"column":49}},"7":{"start":{"line":142,"column":8},"end":{"line":142,"column":67}},"8":{"start":{"line":144,"column":8},"end":{"line":144,"column":67}},"9":{"start":{"line":145,"column":9},"end":{"line":145,"column":35}},"10":{"start":{"line":156,"column":8},"end":{"line":156,"column":52}},"11":{"start":{"line":158,"column":8},"end":{"line":158,"column":75}},"12":{"start":{"line":159,"column":8},"end":{"line":159,"column":63}},"13":{"start":{"line":160,"column":8},"end":{"line":160,"column":40}},"14":{"start":{"line":190,"column":8},"end":{"line":190,"column":65}},"15":{"start":{"line":201,"column":8},"end":{"line":201,"column":68}},"16":{"start":{"line":225,"column":8},"end":{"line":225,"column":58}},"17":{"start":{"line":227,"column":8},"end":{"line":227,"column":56}},"18":{"start":{"line":241,"column":8},"end":{"line":241,"column":77}},"19":{"start":{"line":242,"column":8},"end":{"line":242,"column":68}},"20":{"start":{"line":250,"column":8},"end":{"line":250,"column":42}},"21":{"start":{"line":263,"column":8},"end":{"line":263,"column":58}},"22":{"start":{"line":264,"column":8},"end":{"line":264,"column":33}},"23":{"start":{"line":278,"column":8},"end":{"line":278,"column":41}},"24":{"start":{"line":290,"column":8},"end":{"line":290,"column":41}},"25":{"start":{"line":311,"column":8},"end":{"line":311,"column":51}}},"branchMap":{"1":{"line":108,"type":"if","locations":[{"start":{"line":108,"column":13},"end":{"line":108,"column":13}},{"start":{"line":108,"column":13},"end":{"line":108,"column":13}}]},"2":{"line":141,"type":"if","locations":[{"start":{"line":141,"column":15},"end":{"line":141,"column":15}},{"start":{"line":141,"column":15},"end":{"line":141,"column":15}}]},"3":{"line":142,"type":"if","locations":[{"start":{"line":142,"column":8},"end":{"line":142,"column":8}},{"start":{"line":142,"column":8},"end":{"line":142,"column":8}}]},"4":{"line":144,"type":"if","locations":[{"start":{"line":144,"column":8},"end":{"line":144,"column":8}},{"start":{"line":144,"column":8},"end":{"line":144,"column":8}}]},"5":{"line":189,"type":"if","locations":[{"start":{"line":189,"column":15},"end":{"line":189,"column":15}},{"start":{"line":189,"column":15},"end":{"line":189,"column":15}}]},"6":{"line":190,"type":"if","locations":[{"start":{"line":190,"column":8},"end":{"line":190,"column":8}},{"start":{"line":190,"column":8},"end":{"line":190,"column":8}}]},"7":{"line":210,"type":"if","locations":[{"start":{"line":210,"column":78},"end":{"line":210,"column":78}},{"start":{"line":210,"column":78},"end":{"line":210,"column":78}}]},"8":{"line":224,"type":"if","locations":[{"start":{"line":224,"column":15},"end":{"line":224,"column":15}},{"start":{"line":224,"column":15},"end":{"line":224,"column":15}}]},"9":{"line":225,"type":"if","locations":[{"start":{"line":225,"column":8},"end":{"line":225,"column":8}},{"start":{"line":225,"column":8},"end":{"line":225,"column":8}}]},"10":{"line":240,"type":"if","locations":[{"start":{"line":240,"column":15},"end":{"line":240,"column":15}},{"start":{"line":240,"column":15},"end":{"line":240,"column":15}}]},"11":{"line":263,"type":"if","locations":[{"start":{"line":263,"column":8},"end":{"line":263,"column":8}},{"start":{"line":263,"column":8},"end":{"line":263,"column":8}}]},"12":{"line":300,"type":"if","locations":[{"start":{"line":300,"column":8},"end":{"line":300,"column":8}},{"start":{"line":300,"column":8},"end":{"line":300,"column":8}}]}}},
"contracts/RoleVerification.sol":{"l":{"40":18,"52":10},"path":"/Users/devonmartens/Haven1/remake/opt2/Contracts-Hardhat-Tests/Prover-Test-Folder/contracts/RoleVerification.sol","s":{"1":18,"2":10},"b":{},"f":{"1":18,"2":10},"fnMap":{"1":{"name":"getUserAccountExpiry","line":37,"loc":{"start":{"line":37,"column":4},"end":{"line":41,"column":4}}},"2":{"name":"getUserAccountIdentityBlob","line":49,"loc":{"start":{"line":49,"column":4},"end":{"line":53,"column":4}}}},"statementMap":{"1":{"start":{"line":40,"column":8},"end":{"line":40,"column":45}},"2":{"start":{"line":52,"column":8},"end":{"line":52,"column":38}}},"branchMap":{}},
"contracts/UserInformation.sol":{"l":{"25":2,"38":11,"50":11,"62":11},"path":"/Users/devonmartens/Haven1/remake/opt2/Contracts-Hardhat-Tests/Prover-Test-Folder/contracts/UserInformation.sol","s":{"1":2,"2":11,"3":11,"4":11},"b":{},"f":{"1":2,"2":11,"3":11,"4":11},"fnMap":{"1":{"name":"getUserAccountCompetencyRating","line":22,"loc":{"start":{"line":22,"column":4},"end":{"line":26,"column":4}}},"2":{"name":"getUserAccountCountryCode","line":35,"loc":{"start":{"line":35,"column":4},"end":{"line":39,"column":4}}},"3":{"name":"getUserAccountLevel","line":47,"loc":{"start":{"line":47,"column":4},"end":{"line":51,"column":4}}},"4":{"name":"getUserAccountType","line":59,"loc":{"start":{"line":59,"column":4},"end":{"line":63,"column":4}}}},"statementMap":{"1":{"start":{"line":25,"column":8},"end":{"line":25,"column":55}},"2":{"start":{"line":38,"column":8},"end":{"line":38,"column":50}},"3":{"start":{"line":50,"column":8},"end":{"line":50,"column":44}},"4":{"start":{"line":62,"column":8},"end":{"line":62,"column":47}}},"branchMap":{}},
"contracts/UserInformationPreventsOnExpiry.sol":{"l":{"24":2,"25":1,"27":1,"40":2,"41":1,"43":1,"56":2,"57":1,"59":1,"73":2,"74":1,"76":1},"path":"/Users/devonmartens/Haven1/remake/opt2/Contracts-Hardhat-Tests/Prover-Test-Folder/contracts/UserInformationPreventsOnExpiry.sol","s":{"1":2,"2":1,"3":1,"4":2,"5":1,"6":1,"7":2,"8":1,"9":1,"10":2,"11":1,"12":1},"b":{"1":[1,1],"2":[1,1],"3":[1,1],"4":[1,1]},"f":{"1":2,"2":2,"3":2,"4":2},"fnMap":{"1":{"name":"getUserAccountCountryCodePreventOnExpiry","line":21,"loc":{"start":{"line":21,"column":4},"end":{"line":28,"column":4}}},"2":{"name":"getUserAccountLevelPreventOnExpiry","line":37,"loc":{"start":{"line":37,"column":4},"end":{"line":44,"column":4}}},"3":{"name":"getUserAccountTypePreventOnExpiry","line":53,"loc":{"start":{"line":53,"column":4},"end":{"line":60,"column":4}}},"4":{"name":"getUserAccountCompetencyRatingPreventOnExpiry","line":70,"loc":{"start":{"line":70,"column":5},"end":{"line":77,"column":4}}}},"statementMap":{"1":{"start":{"line":24,"column":8},"end":{"line":24,"column":1050}},"2":{"start":{"line":25,"column":12},"end":{"line":25,"column":44}},"3":{"start":{"line":27,"column":8},"end":{"line":27,"column":50}},"4":{"start":{"line":40,"column":8},"end":{"line":40,"column":1733}},"5":{"start":{"line":41,"column":12},"end":{"line":41,"column":44}},"6":{"start":{"line":43,"column":8},"end":{"line":43,"column":44}},"7":{"start":{"line":56,"column":8},"end":{"line":56,"column":2395}},"8":{"start":{"line":57,"column":12},"end":{"line":57,"column":44}},"9":{"start":{"line":59,"column":8},"end":{"line":59,"column":47}},"10":{"start":{"line":73,"column":8},"end":{"line":73,"column":3130}},"11":{"start":{"line":74,"column":12},"end":{"line":74,"column":44}},"12":{"start":{"line":76,"column":8},"end":{"line":76,"column":55}}},"branchMap":{"1":{"line":24,"type":"if","locations":[{"start":{"line":24,"column":8},"end":{"line":24,"column":8}},{"start":{"line":24,"column":8},"end":{"line":24,"column":8}}]},"2":{"line":40,"type":"if","locations":[{"start":{"line":40,"column":8},"end":{"line":40,"column":8}},{"start":{"line":40,"column":8},"end":{"line":40,"column":8}}]},"3":{"line":56,"type":"if","locations":[{"start":{"line":56,"column":8},"end":{"line":56,"column":8}},{"start":{"line":56,"column":8},"end":{"line":56,"column":8}}]},"4":{"line":73,"type":"if","locations":[{"start":{"line":73,"column":8},"end":{"line":73,"column":8}},{"start":{"line":73,"column":8},"end":{"line":73,"column":8}}]}}},
"contracts/VerifiableIdentity.sol":{"l":{"17":27,"32":1,"43":4,"52":4,"63":3,"74":4,"85":4},"path":"/Users/devonmartens/Haven1/remake/opt2/Contracts-Hardhat-Tests/Prover-Test-Folder/contracts/VerifiableIdentity.sol","s":{"1":1,"2":4,"3":4,"4":3,"5":4,"6":4},"b":{},"f":{"1":27,"2":1,"3":4,"4":4,"5":3,"6":4,"7":4},"fnMap":{"1":{"name":"constructor","line":16,"loc":{"start":{"line":16,"column":4},"end":{"line":18,"column":4}}},"2":{"name":"getUserCompetencyRating","line":29,"loc":{"start":{"line":29,"column":4},"end":{"line":33,"column":4}}},"3":{"name":"getUserCountryCode","line":40,"loc":{"start":{"line":40,"column":4},"end":{"line":44,"column":4}}},"4":{"name":"getUserExpiry","line":51,"loc":{"start":{"line":51,"column":4},"end":{"line":53,"column":4}}},"5":{"name":"getUserIdentityData","line":60,"loc":{"start":{"line":60,"column":4},"end":{"line":64,"column":4}}},"6":{"name":"getUserLevel","line":71,"loc":{"start":{"line":71,"column":4},"end":{"line":75,"column":4}}},"7":{"name":"getUserType","line":82,"loc":{"start":{"line":82,"column":4},"end":{"line":86,"column":4}}}},"statementMap":{"1":{"start":{"line":32,"column":8},"end":{"line":32,"column":98}},"2":{"start":{"line":43,"column":8},"end":{"line":43,"column":93}},"3":{"start":{"line":52,"column":8},"end":{"line":52,"column":88}},"4":{"start":{"line":63,"column":8},"end":{"line":63,"column":95}},"5":{"start":{"line":74,"column":8},"end":{"line":74,"column":87}},"6":{"start":{"line":85,"column":8},"end":{"line":85,"column":86}}},"branchMap":{}},
"contracts/VerifiableIdentityPreventsOnExpiry.sol":{"l":{"18":30,"34":2,"47":2,"61":1,"76":1,"93":2,"109":2},"path":"/Users/devonmartens/Haven1/remake/opt2/Contracts-Hardhat-Tests/Prover-Test-Folder/contracts/VerifiableIdentityPreventsOnExpiry.sol","s":{"1":2,"2":2,"3":1,"4":1,"5":2,"6":2},"b":{},"f":{"1":30,"2":2,"3":2,"4":1,"5":1,"6":2,"7":2},"fnMap":{"1":{"name":"constructor","line":17,"loc":{"start":{"line":17,"column":4},"end":{"line":19,"column":4}}},"2":{"name":"getUserCompetencyRatingPreventOnExpiry","line":31,"loc":{"start":{"line":31,"column":5},"end":{"line":35,"column":4}}},"3":{"name":"getUserCountryCodePreventOnExpiry","line":44,"loc":{"start":{"line":44,"column":4},"end":{"line":51,"column":4}}},"4":{"name":"getUserExpiry","line":60,"loc":{"start":{"line":60,"column":4},"end":{"line":64,"column":4}}},"5":{"name":"getUserIdentityData","line":73,"loc":{"start":{"line":73,"column":4},"end":{"line":81,"column":4}}},"6":{"name":"getUserLevelPreventOnExpiry","line":90,"loc":{"start":{"line":90,"column":4},"end":{"line":97,"column":4}}},"7":{"name":"getUserTypePreventOnExpiry","line":106,"loc":{"start":{"line":106,"column":4},"end":{"line":113,"column":4}}}},"statementMap":{"1":{"start":{"line":34,"column":8},"end":{"line":34,"column":129}},"2":{"start":{"line":47,"column":8},"end":{"line":47,"column":2202}},"3":{"start":{"line":61,"column":8},"end":{"line":61,"column":2843}},"4":{"start":{"line":76,"column":8},"end":{"line":76,"column":3509}},"5":{"start":{"line":93,"column":8},"end":{"line":93,"column":4233}},"6":{"start":{"line":109,"column":8},"end":{"line":109,"column":4936}}},"branchMap":{}}}
