{
"contracts/DUMMYDONTDEPLOY.sol":{"l":{"39":51,"40":51,"41":51},"path":"/Users/devonmartens/Haven1/remake/opt2/Contracts-Hardhat-Tests/Prover-Test-Folder/contracts/DUMMYDONTDEPLOY.sol","s":{"1":51},"b":{},"f":{"1":138,"2":3,"3":51},"fnMap":{"1":{"name":"constructor","line":15,"loc":{"start":{"line":15,"column":4},"end":{"line":15,"column":18}}},"2":{"name":"updateAccountStatus","line":26,"loc":{"start":{"line":26,"column":0},"end":{"line":30,"column":18}}},"3":{"name":"assignAccountRole","line":33,"loc":{"start":{"line":33,"column":0},"end":{"line":43,"column":0}}}},"statementMap":{"1":{"start":{"line":39,"column":4},"end":{"line":39,"column":60}}},"branchMap":{}},
"contracts/Errors.sol":{"l":{},"path":"/Users/devonmartens/Haven1/remake/opt2/Contracts-Hardhat-Tests/Prover-Test-Folder/contracts/Errors.sol","s":{},"b":{},"f":{},"fnMap":{},"statementMap":{},"branchMap":{}},
"contracts/IPermissionsInterface.sol":{"l":{},"path":"/Users/devonmartens/Haven1/remake/opt2/Contracts-Hardhat-Tests/Prover-Test-Folder/contracts/IPermissionsInterface.sol","s":{},"b":{},"f":{},"fnMap":{},"statementMap":{},"branchMap":{}},
"contracts/ProofOfIdentity.sol":{"l":{"105":138,"106":138,"107":138,"108":138,"109":138,"110":138,"111":138,"132":53,"134":52,"135":51,"137":51,"145":51,"146":51,"147":51,"148":51,"149":51,"150":51,"170":9,"172":8,"173":8,"180":8,"193":3,"194":3,"195":2,"196":2,"209":2,"214":2,"215":2,"216":2,"217":2,"230":1,"235":1,"243":2,"254":4,"255":4,"268":2,"281":1,"291":0},"path":"/Users/devonmartens/Haven1/remake/opt2/Contracts-Hardhat-Tests/Prover-Test-Folder/contracts/ProofOfIdentity.sol","s":{"1":138,"2":138,"3":138,"4":138,"5":138,"6":138,"7":53,"8":52,"9":51,"10":51,"11":51,"12":51,"13":51,"14":9,"15":8,"16":8,"17":3,"18":3,"19":2,"20":2,"21":2,"22":2,"23":2,"24":1,"25":1,"26":2,"27":4,"28":4,"29":2,"30":1,"31":0},"b":{"1":[138,0],"2":[53,1],"3":[52,1],"4":[51,1],"5":[9,1],"6":[8,1],"7":[3,1],"8":[2,1],"9":[2,1],"10":[1,2],"11":[4,0]},"f":{"1":138,"2":53,"3":9,"4":3,"5":2,"6":1,"7":2,"8":4,"9":2,"10":1,"11":0},"fnMap":{"1":{"name":"initialize","line":103,"loc":{"start":{"line":98,"column":4},"end":{"line":112,"column":4}}},"2":{"name":"mintIdentity","line":131,"loc":{"start":{"line":124,"column":4},"end":{"line":151,"column":4}}},"3":{"name":"updateIdentity","line":169,"loc":{"start":{"line":163,"column":4},"end":{"line":181,"column":4}}},"4":{"name":"updateTokenURI","line":192,"loc":{"start":{"line":189,"column":4},"end":{"line":197,"column":4}}},"5":{"name":"suspendAccountDeleteTokenAndIdentityBlob","line":208,"loc":{"start":{"line":205,"column":4},"end":{"line":218,"column":4}}},"6":{"name":"suspendAccountMaintainTokenAndIdentityBlob","line":229,"loc":{"start":{"line":226,"column":4},"end":{"line":236,"column":4}}},"7":{"name":"getCurrentTokenId","line":242,"loc":{"start":{"line":242,"column":4},"end":{"line":244,"column":4}}},"8":{"name":"tokenURI","line":251,"loc":{"start":{"line":251,"column":4},"end":{"line":256,"column":4}}},"9":{"name":"transferFrom","line":263,"loc":{"start":{"line":263,"column":4},"end":{"line":269,"column":4}}},"10":{"name":"safeTransferFrom","line":276,"loc":{"start":{"line":276,"column":4},"end":{"line":282,"column":4}}},"11":{"name":"supportsInterface","line":288,"loc":{"start":{"line":288,"column":4},"end":{"line":292,"column":4}}}},"statementMap":{"1":{"start":{"line":105,"column":9},"end":{"line":105,"column":30}},"2":{"start":{"line":106,"column":8},"end":{"line":106,"column":50}},"3":{"start":{"line":108,"column":8},"end":{"line":108,"column":50}},"4":{"start":{"line":109,"column":8},"end":{"line":109,"column":44}},"5":{"start":{"line":110,"column":8},"end":{"line":110,"column":38}},"6":{"start":{"line":111,"column":8},"end":{"line":111,"column":34}},"7":{"start":{"line":132,"column":8},"end":{"line":132,"column":67}},"8":{"start":{"line":134,"column":8},"end":{"line":134,"column":67}},"9":{"start":{"line":135,"column":8},"end":{"line":135,"column":51}},"10":{"start":{"line":145,"column":8},"end":{"line":145,"column":34}},"11":{"start":{"line":146,"column":8},"end":{"line":146,"column":34}},"12":{"start":{"line":149,"column":8},"end":{"line":149,"column":75}},"13":{"start":{"line":150,"column":8},"end":{"line":150,"column":45}},"14":{"start":{"line":170,"column":8},"end":{"line":170,"column":65}},"15":{"start":{"line":172,"column":8},"end":{"line":172,"column":55}},"16":{"start":{"line":180,"column":8},"end":{"line":180,"column":46}},"17":{"start":{"line":193,"column":8},"end":{"line":193,"column":49}},"18":{"start":{"line":194,"column":8},"end":{"line":194,"column":58}},"19":{"start":{"line":196,"column":8},"end":{"line":196,"column":56}},"20":{"start":{"line":209,"column":8},"end":{"line":209,"column":8680}},"21":{"start":{"line":214,"column":8},"end":{"line":214,"column":56}},"22":{"start":{"line":215,"column":8},"end":{"line":215,"column":21}},"23":{"start":{"line":217,"column":8},"end":{"line":217,"column":73}},"24":{"start":{"line":230,"column":8},"end":{"line":230,"column":9533}},"25":{"start":{"line":235,"column":8},"end":{"line":235,"column":68}},"26":{"start":{"line":243,"column":8},"end":{"line":243,"column":40}},"27":{"start":{"line":254,"column":8},"end":{"line":254,"column":58}},"28":{"start":{"line":255,"column":8},"end":{"line":255,"column":33}},"29":{"start":{"line":268,"column":8},"end":{"line":268,"column":41}},"30":{"start":{"line":281,"column":8},"end":{"line":281,"column":41}},"31":{"start":{"line":291,"column":8},"end":{"line":291,"column":51}}},"branchMap":{"1":{"line":103,"type":"if","locations":[{"start":{"line":103,"column":13},"end":{"line":103,"column":13}},{"start":{"line":103,"column":13},"end":{"line":103,"column":13}}]},"2":{"line":131,"type":"if","locations":[{"start":{"line":131,"column":13},"end":{"line":131,"column":13}},{"start":{"line":131,"column":13},"end":{"line":131,"column":13}}]},"3":{"line":132,"type":"if","locations":[{"start":{"line":132,"column":8},"end":{"line":132,"column":8}},{"start":{"line":132,"column":8},"end":{"line":132,"column":8}}]},"4":{"line":134,"type":"if","locations":[{"start":{"line":134,"column":8},"end":{"line":134,"column":8}},{"start":{"line":134,"column":8},"end":{"line":134,"column":8}}]},"5":{"line":169,"type":"if","locations":[{"start":{"line":169,"column":15},"end":{"line":169,"column":15}},{"start":{"line":169,"column":15},"end":{"line":169,"column":15}}]},"6":{"line":170,"type":"if","locations":[{"start":{"line":170,"column":8},"end":{"line":170,"column":8}},{"start":{"line":170,"column":8},"end":{"line":170,"column":8}}]},"7":{"line":192,"type":"if","locations":[{"start":{"line":192,"column":15},"end":{"line":192,"column":15}},{"start":{"line":192,"column":15},"end":{"line":192,"column":15}}]},"8":{"line":194,"type":"if","locations":[{"start":{"line":194,"column":8},"end":{"line":194,"column":8}},{"start":{"line":194,"column":8},"end":{"line":194,"column":8}}]},"9":{"line":208,"type":"if","locations":[{"start":{"line":208,"column":15},"end":{"line":208,"column":15}},{"start":{"line":208,"column":15},"end":{"line":208,"column":15}}]},"10":{"line":229,"type":"if","locations":[{"start":{"line":229,"column":15},"end":{"line":229,"column":15}},{"start":{"line":229,"column":15},"end":{"line":229,"column":15}}]},"11":{"line":254,"type":"if","locations":[{"start":{"line":254,"column":8},"end":{"line":254,"column":8}},{"start":{"line":254,"column":8},"end":{"line":254,"column":8}}]}}},
"contracts/RoleVerification.sol":{"l":{"32":0,"43":17},"path":"/Users/devonmartens/Haven1/remake/opt2/Contracts-Hardhat-Tests/Prover-Test-Folder/contracts/RoleVerification.sol","s":{"1":0,"2":17},"b":{},"f":{"1":0,"2":17},"fnMap":{"1":{"name":"getUserAccountIdentityBlob","line":29,"loc":{"start":{"line":29,"column":4},"end":{"line":33,"column":4}}},"2":{"name":"getUserAccountExpiry","line":40,"loc":{"start":{"line":40,"column":4},"end":{"line":44,"column":4}}}},"statementMap":{"1":{"start":{"line":32,"column":8},"end":{"line":32,"column":38}},"2":{"start":{"line":43,"column":8},"end":{"line":43,"column":45}}},"branchMap":{}},
"contracts/UserInformation.sol":{"l":{"22":12,"33":11,"44":11},"path":"/Users/devonmartens/Haven1/remake/opt2/Contracts-Hardhat-Tests/Prover-Test-Folder/contracts/UserInformation.sol","s":{"1":12,"2":11,"3":11},"b":{},"f":{"1":12,"2":11,"3":11},"fnMap":{"1":{"name":"getUserAccountCountryCode","line":19,"loc":{"start":{"line":19,"column":4},"end":{"line":23,"column":4}}},"2":{"name":"getUserAccountLevel","line":30,"loc":{"start":{"line":30,"column":4},"end":{"line":34,"column":4}}},"3":{"name":"getUserAccountType","line":41,"loc":{"start":{"line":41,"column":4},"end":{"line":45,"column":4}}}},"statementMap":{"1":{"start":{"line":22,"column":8},"end":{"line":22,"column":50}},"2":{"start":{"line":33,"column":8},"end":{"line":33,"column":44}},"3":{"start":{"line":44,"column":8},"end":{"line":44,"column":47}}},"branchMap":{}},
"contracts/UserInformationPreventsOnExpiry.sol":{"l":{"24":2,"25":1,"27":1,"39":2,"40":1,"42":1,"54":2,"55":1,"57":1},"path":"/Users/devonmartens/Haven1/remake/opt2/Contracts-Hardhat-Tests/Prover-Test-Folder/contracts/UserInformationPreventsOnExpiry.sol","s":{"1":2,"2":1,"3":1,"4":2,"5":1,"6":1,"7":2,"8":1,"9":1},"b":{"1":[1,1],"2":[1,1],"3":[1,1]},"f":{"1":2,"2":2,"3":2},"fnMap":{"1":{"name":"getUserAccountCountryCodePreventOnExpiry","line":21,"loc":{"start":{"line":21,"column":4},"end":{"line":28,"column":4}}},"2":{"name":"getUserAccountTypePreventOnExpiry","line":36,"loc":{"start":{"line":36,"column":4},"end":{"line":43,"column":4}}},"3":{"name":"getUserAccountLevelPreventOnExpiry","line":51,"loc":{"start":{"line":51,"column":4},"end":{"line":58,"column":4}}}},"statementMap":{"1":{"start":{"line":24,"column":8},"end":{"line":24,"column":932}},"2":{"start":{"line":25,"column":12},"end":{"line":25,"column":44}},"3":{"start":{"line":27,"column":8},"end":{"line":27,"column":50}},"4":{"start":{"line":39,"column":8},"end":{"line":39,"column":1447}},"5":{"start":{"line":40,"column":12},"end":{"line":40,"column":44}},"6":{"start":{"line":42,"column":8},"end":{"line":42,"column":47}},"7":{"start":{"line":54,"column":8},"end":{"line":54,"column":1967}},"8":{"start":{"line":55,"column":12},"end":{"line":55,"column":44}},"9":{"start":{"line":57,"column":8},"end":{"line":57,"column":44}}},"branchMap":{"1":{"line":24,"type":"if","locations":[{"start":{"line":24,"column":8},"end":{"line":24,"column":8}},{"start":{"line":24,"column":8},"end":{"line":24,"column":8}}]},"2":{"line":39,"type":"if","locations":[{"start":{"line":39,"column":8},"end":{"line":39,"column":8}},{"start":{"line":39,"column":8},"end":{"line":39,"column":8}}]},"3":{"line":54,"type":"if","locations":[{"start":{"line":54,"column":8},"end":{"line":54,"column":8}},{"start":{"line":54,"column":8},"end":{"line":54,"column":8}}]}}},
"contracts/VerifiableIdentity.sol":{"l":{"16":12,"29":4,"38":4,"49":0,"60":4,"71":4},"path":"/Users/devonmartens/Haven1/remake/opt2/Contracts-Hardhat-Tests/Prover-Test-Folder/contracts/VerifiableIdentity.sol","s":{"1":4,"2":4,"3":0,"4":4,"5":4},"b":{},"f":{"1":12,"2":4,"3":4,"4":0,"5":4,"6":4},"fnMap":{"1":{"name":"constructor","line":15,"loc":{"start":{"line":15,"column":4},"end":{"line":17,"column":4}}},"2":{"name":"getUserCountryCode","line":26,"loc":{"start":{"line":26,"column":4},"end":{"line":30,"column":4}}},"3":{"name":"getUserExpiry","line":37,"loc":{"start":{"line":37,"column":4},"end":{"line":39,"column":4}}},"4":{"name":"getUserIdentityData","line":46,"loc":{"start":{"line":46,"column":4},"end":{"line":50,"column":4}}},"5":{"name":"getUserLevel","line":57,"loc":{"start":{"line":57,"column":4},"end":{"line":61,"column":4}}},"6":{"name":"getUserType","line":68,"loc":{"start":{"line":68,"column":4},"end":{"line":72,"column":4}}}},"statementMap":{"1":{"start":{"line":29,"column":8},"end":{"line":29,"column":71}},"2":{"start":{"line":38,"column":8},"end":{"line":38,"column":66}},"3":{"start":{"line":49,"column":8},"end":{"line":49,"column":72}},"4":{"start":{"line":60,"column":8},"end":{"line":60,"column":65}},"5":{"start":{"line":71,"column":8},"end":{"line":71,"column":64}}},"branchMap":{}},
"contracts/VerifiableIdentityPreventsOnExpiry.sol":{"l":{"17":18,"33":0,"49":1,"64":1,"76":0,"90":1},"path":"/Users/devonmartens/Haven1/remake/opt2/Contracts-Hardhat-Tests/Prover-Test-Folder/contracts/VerifiableIdentityPreventsOnExpiry.sol","s":{"1":0,"2":1,"3":1,"4":0,"5":1},"b":{},"f":{"1":18,"2":0,"3":1,"4":1,"5":0,"6":1},"fnMap":{"1":{"name":"constructor","line":16,"loc":{"start":{"line":16,"column":4},"end":{"line":20,"column":4}}},"2":{"name":"getUserIdentityData","line":30,"loc":{"start":{"line":30,"column":4},"end":{"line":38,"column":4}}},"3":{"name":"getUserCountryCodePreventOnExpiry","line":46,"loc":{"start":{"line":46,"column":4},"end":{"line":53,"column":4}}},"4":{"name":"getUserLevelPreventOnExpiry","line":61,"loc":{"start":{"line":61,"column":4},"end":{"line":68,"column":4}}},"5":{"name":"getUserExpiry","line":75,"loc":{"start":{"line":75,"column":4},"end":{"line":79,"column":4}}},"6":{"name":"getUserTypePreventOnExpiry","line":87,"loc":{"start":{"line":87,"column":4},"end":{"line":94,"column":4}}}},"statementMap":{"1":{"start":{"line":33,"column":8},"end":{"line":33,"column":1255}},"2":{"start":{"line":49,"column":8},"end":{"line":49,"column":1773}},"3":{"start":{"line":64,"column":8},"end":{"line":64,"column":2272}},"4":{"start":{"line":76,"column":8},"end":{"line":76,"column":2651}},"5":{"start":{"line":90,"column":8},"end":{"line":90,"column":3104}}},"branchMap":{}},
"contracts/VerifiedSimpleStorage.sol":{"l":{"16":0,"20":0,"21":0,"22":0,"23":0,"27":0},"path":"/Users/devonmartens/Haven1/remake/opt2/Contracts-Hardhat-Tests/Prover-Test-Folder/contracts/VerifiedSimpleStorage.sol","s":{"1":0,"2":0,"3":0,"4":0},"b":{"1":[0,0]},"f":{"1":0,"2":0,"3":0,"4":0},"fnMap":{"1":{"name":"constructor","line":11,"loc":{"start":{"line":11,"column":4},"end":{"line":11,"column":74}}},"2":{"name":"approveCountryCode","line":13,"loc":{"start":{"line":13,"column":4},"end":{"line":17,"column":4}}},"3":{"name":"set","line":19,"loc":{"start":{"line":19,"column":4},"end":{"line":24,"column":4}}},"4":{"name":"get","line":26,"loc":{"start":{"line":26,"column":4},"end":{"line":28,"column":4}}}},"statementMap":{"1":{"start":{"line":20,"column":8},"end":{"line":20,"column":64}},"2":{"start":{"line":21,"column":8},"end":{"line":21,"column":57}},"3":{"start":{"line":22,"column":8},"end":{"line":22,"column":78}},"4":{"start":{"line":27,"column":8},"end":{"line":27,"column":25}}},"branchMap":{"1":{"line":22,"type":"if","locations":[{"start":{"line":22,"column":8},"end":{"line":22,"column":8}},{"start":{"line":22,"column":8},"end":{"line":22,"column":8}}]}}}}
