TN:
SF:/Users/devonmartens/Haven1/remake/opt2/Contracts-Hardhat-Tests/Prover-Test-Folder/contracts/DUMMYDONTDEPLOY.sol
FN:15,constructor
FN:26,updateAccountStatus
FN:33,assignAccountRole
FNF:3
FNH:3
FNDA:123,constructor
FNDA:3,updateAccountStatus
FNDA:45,assignAccountRole
DA:39,45
DA:40,45
DA:41,45
LF:3
LH:3
BRF:0
BRH:0
end_of_record
TN:
SF:/Users/devonmartens/Haven1/remake/opt2/Contracts-Hardhat-Tests/Prover-Test-Folder/contracts/Errors.sol
FNF:0
FNH:0
LF:0
LH:0
BRF:0
BRH:0
end_of_record
TN:
SF:/Users/devonmartens/Haven1/remake/opt2/Contracts-Hardhat-Tests/Prover-Test-Folder/contracts/IPermissionsInterface.sol
FNF:0
FNH:0
LF:0
LH:0
BRF:0
BRH:0
end_of_record
TN:
SF:/Users/devonmartens/Haven1/remake/opt2/Contracts-Hardhat-Tests/Prover-Test-Folder/contracts/ProofOfIdentity.sol
FN:102,initialize
FN:129,mintIdentity
FN:167,updateIdentity
FN:190,updateTokenURI
FN:206,suspendAccountDeleteTokenAndIdentityBlob
FN:227,suspendAccountMaintainTokenAndIdentityBlob
FN:240,getCurrentTokenId
FN:249,tokenURI
FN:261,transferFrom
FN:274,safeTransferFrom
FN:286,supportsInterface
FNF:11
FNH:10
FNDA:123,initialize
FNDA:47,mintIdentity
FNDA:9,updateIdentity
FNDA:3,updateTokenURI
FNDA:2,suspendAccountDeleteTokenAndIdentityBlob
FNDA:1,suspendAccountMaintainTokenAndIdentityBlob
FNDA:2,getCurrentTokenId
FNDA:4,tokenURI
FNDA:2,transferFrom
FNDA:1,safeTransferFrom
FNDA:0,supportsInterface
DA:104,123
DA:105,123
DA:106,123
DA:107,123
DA:108,123
DA:109,123
DA:130,47
DA:132,46
DA:133,45
DA:135,45
DA:143,45
DA:144,45
DA:145,45
DA:146,45
DA:147,45
DA:148,45
DA:168,9
DA:170,8
DA:171,8
DA:178,8
DA:191,3
DA:192,3
DA:193,2
DA:194,2
DA:207,2
DA:212,2
DA:213,2
DA:214,2
DA:215,2
DA:228,1
DA:233,1
DA:241,2
DA:252,4
DA:253,4
DA:266,2
DA:279,1
DA:289,0
LF:37
LH:36
BRDA:102,1,0,123
BRDA:102,1,1,0
BRDA:129,2,0,47
BRDA:129,2,1,1
BRDA:130,3,0,46
BRDA:130,3,1,1
BRDA:132,4,0,45
BRDA:132,4,1,1
BRDA:167,5,0,9
BRDA:167,5,1,1
BRDA:168,6,0,8
BRDA:168,6,1,1
BRDA:190,7,0,3
BRDA:190,7,1,1
BRDA:192,8,0,2
BRDA:192,8,1,1
BRDA:206,9,0,2
BRDA:206,9,1,1
BRDA:227,10,0,1
BRDA:227,10,1,2
BRDA:252,11,0,4
BRDA:252,11,1,0
BRF:22
BRH:20
end_of_record
TN:
SF:/Users/devonmartens/Haven1/remake/opt2/Contracts-Hardhat-Tests/Prover-Test-Folder/contracts/RoleVerification.sol
FN:29,getUserAccountIdentityBlob
FN:40,getUserAccountExpiry
FNF:2
FNH:1
FNDA:0,getUserAccountIdentityBlob
FNDA:17,getUserAccountExpiry
DA:32,0
DA:43,17
LF:2
LH:1
BRF:0
BRH:0
end_of_record
TN:
SF:/Users/devonmartens/Haven1/remake/opt2/Contracts-Hardhat-Tests/Prover-Test-Folder/contracts/UserInformation.sol
FN:19,getUserAccountCountryCode
FN:30,getUserAccountLevel
FN:41,getUserAccountType
FNF:3
FNH:3
FNDA:12,getUserAccountCountryCode
FNDA:11,getUserAccountLevel
FNDA:11,getUserAccountType
DA:22,12
DA:33,11
DA:44,11
LF:3
LH:3
BRF:0
BRH:0
end_of_record
TN:
SF:/Users/devonmartens/Haven1/remake/opt2/Contracts-Hardhat-Tests/Prover-Test-Folder/contracts/UserInformationPreventsOnExpiry.sol
FN:21,getUserAccountCountryCodePreventOnExpiry
FN:36,getUserAccountTypePreventOnExpiry
FN:51,getUserAccountLevelPreventOnExpiry
FNF:3
FNH:0
FNDA:0,getUserAccountCountryCodePreventOnExpiry
FNDA:0,getUserAccountTypePreventOnExpiry
FNDA:0,getUserAccountLevelPreventOnExpiry
DA:24,0
DA:25,0
DA:27,0
DA:39,0
DA:40,0
DA:42,0
DA:54,0
DA:55,0
DA:57,0
LF:9
LH:0
BRDA:24,1,0,0
BRDA:24,1,1,0
BRDA:39,2,0,0
BRDA:39,2,1,0
BRDA:54,3,0,0
BRDA:54,3,1,0
BRF:6
BRH:0
end_of_record
TN:
SF:/Users/devonmartens/Haven1/remake/opt2/Contracts-Hardhat-Tests/Prover-Test-Folder/contracts/VerifiableIdentity.sol
FN:15,constructor
FN:26,getUserCountryCode
FN:37,getUserExpiry
FN:46,getUserIdentityData
FN:57,getUserLevel
FN:68,getUserType
FNF:6
FNH:5
FNDA:12,constructor
FNDA:4,getUserCountryCode
FNDA:4,getUserExpiry
FNDA:0,getUserIdentityData
FNDA:4,getUserLevel
FNDA:4,getUserType
DA:16,12
DA:29,4
DA:38,4
DA:49,0
DA:60,4
DA:71,4
LF:6
LH:5
BRF:0
BRH:0
end_of_record
TN:
SF:/Users/devonmartens/Haven1/remake/opt2/Contracts-Hardhat-Tests/Prover-Test-Folder/contracts/VerifiableIdentityPreventsOnExpiry.sol
FN:16,constructor
FN:30,getUserIdentityData
FN:46,getUserCountryCodePreventOnExpiry
FN:61,getUserLevelPreventOnExpiry
FN:75,getUserExpiry
FN:87,getUserTypePreventOnExpiry
FNF:6
FNH:1
FNDA:3,constructor
FNDA:0,getUserIdentityData
FNDA:0,getUserCountryCodePreventOnExpiry
FNDA:0,getUserLevelPreventOnExpiry
FNDA:0,getUserExpiry
FNDA:0,getUserTypePreventOnExpiry
DA:17,3
DA:33,0
DA:49,0
DA:64,0
DA:76,0
DA:90,0
LF:6
LH:1
BRF:0
BRH:0
end_of_record
TN:
SF:/Users/devonmartens/Haven1/remake/opt2/Contracts-Hardhat-Tests/Prover-Test-Folder/contracts/VerifiedSimpleStorage.sol
FN:11,constructor
FN:13,approveCountryCode
FN:19,set
FN:26,get
FNF:4
FNH:0
FNDA:0,constructor
FNDA:0,approveCountryCode
FNDA:0,set
FNDA:0,get
DA:16,0
DA:20,0
DA:21,0
DA:22,0
DA:23,0
DA:27,0
LF:6
LH:0
BRDA:22,1,0,0
BRDA:22,1,1,0
BRF:2
BRH:0
end_of_record
