TN:
SF:/Users/devonmartens/Haven1/remake/opt2/Contracts-Hardhat-Tests/Prover-Test-Folder/contracts/DUMMYDONTDEPLOY.sol
FN:15,constructor
FN:26,updateAccountStatus
FN:33,assignAccountRole
FNF:3
FNH:3
FNDA:147,constructor
FNDA:3,updateAccountStatus
FNDA:54,assignAccountRole
DA:39,54
DA:40,54
DA:41,54
LF:3
LH:3
BRF:0
BRH:0
end_of_record
TN:
SF:/Users/devonmartens/Haven1/remake/opt2/Contracts-Hardhat-Tests/Prover-Test-Folder/contracts/Errors.sol
FNF:0
FNH:0
LF:0
LH:0
BRF:0
BRH:0
end_of_record
TN:
SF:/Users/devonmartens/Haven1/remake/opt2/Contracts-Hardhat-Tests/Prover-Test-Folder/contracts/IPermissionsInterface.sol
FNF:0
FNH:0
LF:0
LH:0
BRF:0
BRH:0
end_of_record
TN:
SF:/Users/devonmartens/Haven1/remake/opt2/Contracts-Hardhat-Tests/Prover-Test-Folder/contracts/ProofOfIdentity.sol
FN:116,initialize
FN:168,mintIdentity
FN:212,updateIdentity
FN:235,updateTokenURI
FN:253,suspendAccountDeleteTokenAndIdentityBlob
FN:276,suspendAccountMaintainTokenAndIdentityBlob
FN:289,getCurrentTokenId
FN:298,tokenURI
FN:310,transferFrom
FN:323,safeTransferFrom
FN:338,_authorizeUpgrade
FN:346,supportsInterface
FNF:12
FNH:12
FNDA:700,initialize
FNDA:56,mintIdentity
FNDA:9,updateIdentity
FNDA:3,updateTokenURI
FNDA:2,suspendAccountDeleteTokenAndIdentityBlob
FNDA:1,suspendAccountMaintainTokenAndIdentityBlob
FNDA:2,getCurrentTokenId
FNDA:4,tokenURI
FNDA:2,transferFrom
FNDA:1,safeTransferFrom
FNDA:1,_authorizeUpgrade
FNDA:1,supportsInterface
DA:118,700
DA:122,700
DA:126,700
DA:130,700
DA:134,700
DA:135,700
DA:136,700
DA:137,700
DA:138,700
DA:139,700
DA:140,700
DA:141,700
DA:142,700
DA:169,56
DA:171,55
DA:172,54
DA:174,54
DA:182,54
DA:183,54
DA:184,54
DA:185,54
DA:186,54
DA:187,54
DA:213,9
DA:215,8
DA:216,8
DA:223,8
DA:236,3
DA:237,3
DA:238,2
DA:239,2
DA:254,2
DA:259,2
DA:260,2
DA:261,2
DA:262,2
DA:277,1
DA:282,1
DA:290,2
DA:301,4
DA:302,4
DA:315,2
DA:328,1
DA:349,1
LF:44
LH:44
BRDA:116,1,0,700
BRDA:116,1,1,1
BRDA:168,2,0,56
BRDA:168,2,1,1
BRDA:169,3,0,55
BRDA:169,3,1,1
BRDA:171,4,0,54
BRDA:171,4,1,1
BRDA:212,5,0,9
BRDA:212,5,1,1
BRDA:213,6,0,8
BRDA:213,6,1,1
BRDA:235,7,0,3
BRDA:235,7,1,1
BRDA:237,8,0,2
BRDA:237,8,1,1
BRDA:253,9,0,2
BRDA:253,9,1,1
BRDA:276,10,0,1
BRDA:276,10,1,2
BRDA:301,11,0,4
BRDA:301,11,1,0
BRDA:338,12,0,1
BRDA:338,12,1,1
BRF:24
BRH:23
end_of_record
TN:
SF:/Users/devonmartens/Haven1/remake/opt2/Contracts-Hardhat-Tests/Prover-Test-Folder/contracts/RoleVerification.sol
FN:30,getUserAccountIdentityBlob
FN:41,getUserAccountExpiry
FNF:2
FNH:1
FNDA:0,getUserAccountIdentityBlob
FNDA:17,getUserAccountExpiry
DA:33,0
DA:44,17
LF:2
LH:1
BRF:0
BRH:0
end_of_record
TN:
SF:/Users/devonmartens/Haven1/remake/opt2/Contracts-Hardhat-Tests/Prover-Test-Folder/contracts/UserInformation.sol
FN:20,getUserAccountCountryCode
FN:31,getUserAccountLevel
FN:42,getUserAccountType
FNF:3
FNH:3
FNDA:12,getUserAccountCountryCode
FNDA:11,getUserAccountLevel
FNDA:11,getUserAccountType
DA:23,12
DA:34,11
DA:45,11
LF:3
LH:3
BRF:0
BRH:0
end_of_record
TN:
SF:/Users/devonmartens/Haven1/remake/opt2/Contracts-Hardhat-Tests/Prover-Test-Folder/contracts/UserInformationPreventsOnExpiry.sol
FN:22,getUserAccountCountryCodePreventOnExpiry
FN:37,getUserAccountTypePreventOnExpiry
FN:52,getUserAccountLevelPreventOnExpiry
FNF:3
FNH:3
FNDA:2,getUserAccountCountryCodePreventOnExpiry
FNDA:2,getUserAccountTypePreventOnExpiry
FNDA:2,getUserAccountLevelPreventOnExpiry
DA:25,2
DA:26,1
DA:28,1
DA:40,2
DA:41,1
DA:43,1
DA:55,2
DA:56,1
DA:58,1
LF:9
LH:9
BRDA:25,1,0,1
BRDA:25,1,1,1
BRDA:40,2,0,1
BRDA:40,2,1,1
BRDA:55,3,0,1
BRDA:55,3,1,1
BRF:6
BRH:6
end_of_record
TN:
SF:/Users/devonmartens/Haven1/remake/opt2/Contracts-Hardhat-Tests/Prover-Test-Folder/contracts/VerifiableIdentity.sol
FN:15,constructor
FN:26,getUserCountryCode
FN:37,getUserExpiry
FN:46,getUserIdentityData
FN:57,getUserLevel
FN:68,getUserType
FNF:6
FNH:5
FNDA:12,constructor
FNDA:4,getUserCountryCode
FNDA:4,getUserExpiry
FNDA:0,getUserIdentityData
FNDA:4,getUserLevel
FNDA:4,getUserType
DA:16,12
DA:29,4
DA:38,4
DA:49,0
DA:60,4
DA:71,4
LF:6
LH:5
BRF:0
BRH:0
end_of_record
TN:
SF:/Users/devonmartens/Haven1/remake/opt2/Contracts-Hardhat-Tests/Prover-Test-Folder/contracts/VerifiableIdentityPreventsOnExpiry.sol
FN:17,constructor
FN:31,getUserIdentityData
FN:47,getUserCountryCodePreventOnExpiry
FN:62,getUserLevelPreventOnExpiry
FN:76,getUserExpiry
FN:88,getUserTypePreventOnExpiry
FNF:6
FNH:4
FNDA:18,constructor
FNDA:0,getUserIdentityData
FNDA:1,getUserCountryCodePreventOnExpiry
FNDA:1,getUserLevelPreventOnExpiry
FNDA:0,getUserExpiry
FNDA:1,getUserTypePreventOnExpiry
DA:18,18
DA:34,0
DA:50,1
DA:65,1
DA:77,0
DA:91,1
LF:6
LH:4
BRF:0
BRH:0
end_of_record
TN:
SF:/Users/devonmartens/Haven1/remake/opt2/Contracts-Hardhat-Tests/Prover-Test-Folder/contracts/VerifiedSimpleStorage.sol
FN:11,constructor
FN:13,approveCountryCode
FN:19,set
FN:26,get
FNF:4
FNH:0
FNDA:0,constructor
FNDA:0,approveCountryCode
FNDA:0,set
FNDA:0,get
DA:16,0
DA:20,0
DA:21,0
DA:22,0
DA:23,0
DA:27,0
LF:6
LH:0
BRDA:22,1,0,0
BRDA:22,1,1,0
BRF:2
BRH:0
end_of_record
