{
"contracts/DUMMY2DONOTDEPLOY.sol":{"l":{"51":0,"52":0,"53":0,"54":0,"55":0,"57":0,"66":0,"74":8,"75":0,"76":0,"78":8,"87":4,"141":96,"142":0,"144":96,"145":96,"146":96,"147":96,"148":96,"149":96,"150":96,"151":288,"152":288,"153":288,"164":4,"165":4,"166":4,"168":0,"179":0,"180":0,"182":0,"186":0,"188":0,"189":0,"190":0,"208":0,"212":0,"214":0,"215":0,"217":0,"218":0,"219":0,"220":0,"228":0,"239":0,"243":0,"244":0,"247":0,"249":0,"251":0,"252":0,"253":0,"254":0,"256":0,"258":0,"259":0,"261":0,"270":0,"271":0,"272":0,"273":0,"274":0,"275":0,"277":0,"278":0,"287":0,"296":0,"297":0,"298":0,"301":0,"309":0,"317":0,"325":0,"333":0,"344":0,"355":0,"356":0,"357":0,"365":0,"373":0,"389":0},"path":"/Users/devonmartens/Haven1/remake/opt2/Contracts-Hardhat-Tests/Fee-Lib/contracts/DUMMY2DONOTDEPLOY.sol","s":{"1":0,"2":0,"3":0,"4":0,"5":0,"6":8,"7":0,"8":0,"9":8,"10":4,"11":96,"12":0,"13":96,"14":288,"15":288,"16":4,"17":0,"18":0,"19":0,"20":0,"21":0,"22":0,"23":0,"24":0,"25":0,"26":0,"27":0,"28":0,"29":0,"30":0,"31":0,"32":0,"33":0,"34":0,"35":0,"36":0,"37":0,"38":0,"39":0,"40":0,"41":0,"42":0,"43":0,"44":0,"45":0,"46":0,"47":0,"48":0,"49":0,"50":0,"51":0,"52":0,"53":0,"54":0,"55":0,"56":0,"57":0,"58":0,"59":0,"60":0,"61":0},"b":{"1":[0,0],"2":[0,0],"3":[0,8],"4":[0,96],"5":[0,0],"6":[4,0],"7":[0,4],"8":[0,0],"9":[0,0],"10":[0,0],"11":[0,0],"12":[0,0],"13":[0,0],"14":[0,0],"15":[0,0],"16":[0,0],"17":[0,0],"18":[0,0],"19":[0,0]},"f":{"1":0,"2":0,"3":8,"4":4,"5":96,"6":4,"7":0,"8":0,"9":0,"10":0,"11":0,"12":0,"13":0,"14":0,"15":0,"16":0,"17":0,"18":0,"19":0,"20":0,"21":0,"22":0},"fnMap":{"1":{"name":"resetFee","line":50,"loc":{"start":{"line":50,"column":4},"end":{"line":59,"column":4}}},"2":{"name":"getMinFee","line":65,"loc":{"start":{"line":65,"column":4},"end":{"line":67,"column":4}}},"3":{"name":"getFee","line":73,"loc":{"start":{"line":73,"column":4},"end":{"line":80,"column":4}}},"4":{"name":"queryOracle","line":86,"loc":{"start":{"line":86,"column":4},"end":{"line":88,"column":4}}},"5":{"name":"constructor","line":134,"loc":{"start":{"line":134,"column":4},"end":{"line":155,"column":4}}},"6":{"name":"setAgainFee","line":163,"loc":{"start":{"line":163,"column":4},"end":{"line":170,"column":4}}},"7":{"name":"plusChannel","line":178,"loc":{"start":{"line":178,"column":4},"end":{"line":191,"column":4}}},"8":{"name":"moveChannel","line":203,"loc":{"start":{"line":203,"column":4},"end":{"line":221,"column":4}}},"9":{"name":"newEpoch","line":227,"loc":{"start":{"line":227,"column":4},"end":{"line":229,"column":4}}},"10":{"name":"grabFee","line":238,"loc":{"start":{"line":238,"column":4},"end":{"line":263,"column":4}}},"11":{"name":"pressureFee","line":269,"loc":{"start":{"line":269,"column":4},"end":{"line":279,"column":4}}},"12":{"name":"newOracle","line":286,"loc":{"start":{"line":286,"column":4},"end":{"line":288,"column":4}}},"13":{"name":"isOriginalAddress","line":295,"loc":{"start":{"line":295,"column":4},"end":{"line":302,"column":4}}},"14":{"name":"getNextResetTime","line":308,"loc":{"start":{"line":308,"column":4},"end":{"line":310,"column":4}}},"15":{"name":"getChannels","line":316,"loc":{"start":{"line":316,"column":4},"end":{"line":318,"column":4}}},"16":{"name":"getWieghts","line":324,"loc":{"start":{"line":324,"column":4},"end":{"line":326,"column":4}}},"17":{"name":"getOracleAddress","line":332,"loc":{"start":{"line":332,"column":4},"end":{"line":334,"column":4}}},"18":{"name":"amountPaidToUponNextDistribution","line":341,"loc":{"start":{"line":341,"column":4},"end":{"line":345,"column":4}}},"19":{"name":"getChannelWeightByIndex","line":352,"loc":{"start":{"line":352,"column":4},"end":{"line":358,"column":4}}},"20":{"name":"getTotalContractShares","line":364,"loc":{"start":{"line":364,"column":4},"end":{"line":366,"column":4}}},"21":{"name":"getLastDistributionBlock","line":372,"loc":{"start":{"line":372,"column":4},"end":{"line":374,"column":4}}},"22":{"name":"_refreshOracle","line":388,"loc":{"start":{"line":388,"column":4},"end":{"line":390,"column":4}}}},"statementMap":{"1":{"start":{"line":51,"column":8},"end":{"line":51,"column":1456}},"2":{"start":{"line":54,"column":11},"end":{"line":54,"column":56}},"3":{"start":{"line":55,"column":12},"end":{"line":55,"column":22}},"4":{"start":{"line":57,"column":13},"end":{"line":57,"column":48}},"5":{"start":{"line":66,"column":8},"end":{"line":66,"column":21}},"6":{"start":{"line":74,"column":8},"end":{"line":74,"column":2179}},"7":{"start":{"line":75,"column":11},"end":{"line":75,"column":38}},"8":{"start":{"line":76,"column":12},"end":{"line":76,"column":25}},"9":{"start":{"line":78,"column":12},"end":{"line":78,"column":22}},"10":{"start":{"line":87,"column":8},"end":{"line":87,"column":45}},"11":{"start":{"line":141,"column":8},"end":{"line":141,"column":4294}},"12":{"start":{"line":142,"column":12},"end":{"line":142,"column":48}},"13":{"start":{"line":150,"column":8},"end":{"line":150,"column":4641}},"14":{"start":{"line":152,"column":12},"end":{"line":152,"column":38}},"15":{"start":{"line":153,"column":12},"end":{"line":153,"column":36}},"16":{"start":{"line":164,"column":8},"end":{"line":164,"column":5129}},"17":{"start":{"line":168,"column":12},"end":{"line":168,"column":47}},"18":{"start":{"line":179,"column":8},"end":{"line":179,"column":5784}},"19":{"start":{"line":180,"column":12},"end":{"line":180,"column":48}},"20":{"start":{"line":182,"column":8},"end":{"line":182,"column":5881}},"21":{"start":{"line":186,"column":12},"end":{"line":186,"column":41}},"22":{"start":{"line":188,"column":8},"end":{"line":188,"column":40}},"23":{"start":{"line":189,"column":8},"end":{"line":189,"column":28}},"24":{"start":{"line":208,"column":8},"end":{"line":208,"column":6851}},"25":{"start":{"line":212,"column":12},"end":{"line":212,"column":41}},"26":{"start":{"line":214,"column":8},"end":{"line":214,"column":7037}},"27":{"start":{"line":215,"column":12},"end":{"line":215,"column":41}},"28":{"start":{"line":239,"column":8},"end":{"line":239,"column":8010}},"29":{"start":{"line":243,"column":12},"end":{"line":243,"column":44}},"30":{"start":{"line":244,"column":12},"end":{"line":244,"column":8193}},"31":{"start":{"line":247,"column":12},"end":{"line":247,"column":55}},"32":{"start":{"line":249,"column":12},"end":{"line":249,"column":47}},"33":{"start":{"line":251,"column":12},"end":{"line":251,"column":8413}},"34":{"start":{"line":252,"column":16},"end":{"line":252,"column":68}},"35":{"start":{"line":253,"column":16},"end":{"line":253,"column":66}},"36":{"start":{"line":254,"column":16},"end":{"line":254,"column":52}},"37":{"start":{"line":256,"column":16},"end":{"line":256,"column":73}},"38":{"start":{"line":259,"column":12},"end":{"line":259,"column":27}},"39":{"start":{"line":261,"column":12},"end":{"line":261,"column":47}},"40":{"start":{"line":270,"column":8},"end":{"line":270,"column":43}},"41":{"start":{"line":271,"column":8},"end":{"line":271,"column":9088}},"42":{"start":{"line":272,"column":12},"end":{"line":272,"column":64}},"43":{"start":{"line":273,"column":12},"end":{"line":273,"column":65}},"44":{"start":{"line":274,"column":12},"end":{"line":274,"column":51}},"45":{"start":{"line":275,"column":12},"end":{"line":275,"column":69}},"46":{"start":{"line":277,"column":8},"end":{"line":277,"column":23}},"47":{"start":{"line":296,"column":8},"end":{"line":296,"column":9957}},"48":{"start":{"line":297,"column":12},"end":{"line":297,"column":10018}},"49":{"start":{"line":298,"column":16},"end":{"line":298,"column":28}},"50":{"start":{"line":301,"column":8},"end":{"line":301,"column":19}},"51":{"start":{"line":309,"column":8},"end":{"line":309,"column":28}},"52":{"start":{"line":317,"column":8},"end":{"line":317,"column":23}},"53":{"start":{"line":325,"column":8},"end":{"line":325,"column":22}},"54":{"start":{"line":333,"column":8},"end":{"line":333,"column":21}},"55":{"start":{"line":344,"column":8},"end":{"line":344,"column":73}},"56":{"start":{"line":355,"column":8},"end":{"line":355,"column":35}},"57":{"start":{"line":356,"column":8},"end":{"line":356,"column":32}},"58":{"start":{"line":357,"column":8},"end":{"line":357,"column":21}},"59":{"start":{"line":365,"column":8},"end":{"line":365,"column":30}},"60":{"start":{"line":373,"column":8},"end":{"line":373,"column":31}},"61":{"start":{"line":389,"column":8},"end":{"line":389,"column":51}}},"branchMap":{"1":{"line":51,"type":"if","locations":[{"start":{"line":51,"column":8},"end":{"line":51,"column":8}},{"start":{"line":51,"column":8},"end":{"line":51,"column":8}}]},"2":{"line":51,"type":"cond-expr","locations":[{"start":{"line":51,"column":12},"end":{"line":51,"column":42}},{"start":{"line":51,"column":47},"end":{"line":51,"column":54}}]},"3":{"line":74,"type":"if","locations":[{"start":{"line":74,"column":8},"end":{"line":74,"column":8}},{"start":{"line":74,"column":8},"end":{"line":74,"column":8}}]},"4":{"line":141,"type":"if","locations":[{"start":{"line":141,"column":8},"end":{"line":141,"column":8}},{"start":{"line":141,"column":8},"end":{"line":141,"column":8}}]},"5":{"line":141,"type":"cond-expr","locations":[{"start":{"line":141,"column":12},"end":{"line":141,"column":31}},{"start":{"line":141,"column":36},"end":{"line":141,"column":54}}]},"6":{"line":164,"type":"if","locations":[{"start":{"line":164,"column":8},"end":{"line":164,"column":8}},{"start":{"line":164,"column":8},"end":{"line":164,"column":8}}]},"7":{"line":164,"type":"cond-expr","locations":[{"start":{"line":164,"column":12},"end":{"line":164,"column":42}},{"start":{"line":164,"column":47},"end":{"line":164,"column":54}}]},"8":{"line":179,"type":"if","locations":[{"start":{"line":179,"column":8},"end":{"line":179,"column":8}},{"start":{"line":179,"column":8},"end":{"line":179,"column":8}}]},"9":{"line":182,"type":"if","locations":[{"start":{"line":182,"column":8},"end":{"line":182,"column":8}},{"start":{"line":182,"column":8},"end":{"line":182,"column":8}}]},"10":{"line":183,"type":"cond-expr","locations":[{"start":{"line":183,"column":12},"end":{"line":183,"column":57}},{"start":{"line":184,"column":12},"end":{"line":184,"column":43}}]},"11":{"line":208,"type":"if","locations":[{"start":{"line":208,"column":8},"end":{"line":208,"column":8}},{"start":{"line":208,"column":8},"end":{"line":208,"column":8}}]},"12":{"line":209,"type":"cond-expr","locations":[{"start":{"line":209,"column":12},"end":{"line":209,"column":43}},{"start":{"line":210,"column":12},"end":{"line":210,"column":57}}]},"13":{"line":214,"type":"if","locations":[{"start":{"line":214,"column":8},"end":{"line":214,"column":8}},{"start":{"line":214,"column":8},"end":{"line":214,"column":8}}]},"14":{"line":239,"type":"if","locations":[{"start":{"line":239,"column":8},"end":{"line":239,"column":8}},{"start":{"line":239,"column":8},"end":{"line":239,"column":8}}]},"15":{"line":240,"type":"cond-expr","locations":[{"start":{"line":240,"column":12},"end":{"line":240,"column":59}},{"start":{"line":241,"column":12},"end":{"line":241,"column":37}}]},"16":{"line":247,"type":"if","locations":[{"start":{"line":247,"column":12},"end":{"line":247,"column":12}},{"start":{"line":247,"column":12},"end":{"line":247,"column":12}}]},"17":{"line":254,"type":"if","locations":[{"start":{"line":254,"column":16},"end":{"line":254,"column":16}},{"start":{"line":254,"column":16},"end":{"line":254,"column":16}}]},"18":{"line":274,"type":"if","locations":[{"start":{"line":274,"column":12},"end":{"line":274,"column":12}},{"start":{"line":274,"column":12},"end":{"line":274,"column":12}}]},"19":{"line":297,"type":"if","locations":[{"start":{"line":297,"column":12},"end":{"line":297,"column":12}},{"start":{"line":297,"column":12},"end":{"line":297,"column":12}}]}}},
"contracts/DUMMYDONOTDEPLOY.sol":{"l":{"15":0,"21":6,"25":26,"29":8,"30":8,"34":1},"path":"/Users/devonmartens/Haven1/remake/opt2/Contracts-Hardhat-Tests/Fee-Lib/contracts/DUMMYDONOTDEPLOY.sol","s":{"1":26,"2":8,"3":1},"b":{},"f":{"1":0,"2":6,"3":26,"4":8,"5":1},"fnMap":{"1":{"name":"setRequiredReset","line":14,"loc":{"start":{"line":14,"column":4},"end":{"line":16,"column":4}}},"2":{"name":"setPriceAverage","line":20,"loc":{"start":{"line":20,"column":4},"end":{"line":22,"column":4}}},"3":{"name":"consult","line":24,"loc":{"start":{"line":24,"column":4},"end":{"line":26,"column":4}}},"4":{"name":"refreshOracle","line":28,"loc":{"start":{"line":28,"column":4},"end":{"line":31,"column":4}}},"5":{"name":"viewJustKeepAdding","line":33,"loc":{"start":{"line":33,"column":4},"end":{"line":35,"column":4}}}},"statementMap":{"1":{"start":{"line":25,"column":8},"end":{"line":25,"column":27}},"2":{"start":{"line":30,"column":8},"end":{"line":30,"column":19}},"3":{"start":{"line":34,"column":8},"end":{"line":34,"column":29}}},"branchMap":{}},
"contracts/Errors.sol":{"l":{},"path":"/Users/devonmartens/Haven1/remake/opt2/Contracts-Hardhat-Tests/Fee-Lib/contracts/Errors.sol","s":{},"b":{},"f":{},"fnMap":{},"statementMap":{},"branchMap":{}},
"contracts/FeeContract.sol":{"l":{"122":446,"123":446,"124":446,"125":446,"126":446,"127":2,"129":444,"130":444,"131":444,"132":444,"133":444,"134":1530,"135":1530,"136":1530,"157":4,"158":1,"160":3,"164":2,"166":1,"167":1,"168":1,"169":1,"187":4,"191":2,"193":2,"194":1,"196":1,"197":1,"198":1,"199":1,"211":2,"212":2,"213":8,"215":2,"216":2,"217":2,"218":2,"219":8,"221":2,"222":2,"232":1,"242":12,"246":10,"247":10,"250":10,"252":9,"254":9,"255":21,"256":21,"257":21,"259":20,"261":8,"262":8,"263":8,"264":8,"266":2,"275":3,"276":3,"277":5,"278":5,"279":5,"280":4,"282":2,"290":3,"298":1,"307":1,"314":90,"325":8,"326":44,"327":3,"330":5,"338":3,"346":3,"354":3,"367":2,"379":2,"380":2,"381":2,"390":5,"399":5,"406":7,"414":21,"422":8},"path":"/Users/devonmartens/Haven1/remake/opt2/Contracts-Hardhat-Tests/Fee-Lib/contracts/FeeContract.sol","s":{"1":446,"2":446,"3":446,"4":446,"5":446,"6":2,"7":444,"8":1530,"9":1530,"10":4,"11":1,"12":3,"13":2,"14":1,"15":1,"16":1,"17":4,"18":2,"19":2,"20":1,"21":1,"22":2,"23":2,"24":2,"25":2,"26":2,"27":2,"28":12,"29":10,"30":10,"31":10,"32":9,"33":9,"34":21,"35":21,"36":21,"37":20,"38":8,"39":8,"40":2,"41":3,"42":3,"43":5,"44":5,"45":5,"46":4,"47":90,"48":8,"49":44,"50":3,"51":5,"52":3,"53":3,"54":3,"55":2,"56":2,"57":2,"58":2,"59":5,"60":5,"61":7,"62":21,"63":8},"b":{"1":[446,1],"2":[2,444],"3":[1,1],"4":[4,1],"5":[1,3],"6":[2,1],"7":[1,1],"8":[4,1],"9":[2,2],"10":[1,1],"11":[1,1],"12":[2,1],"13":[1,1],"14":[10,2],"15":[5,5],"16":[9,1],"17":[20,1],"18":[3,1],"19":[4,1],"20":[3,1],"21":[1,1],"22":[1,1],"23":[3,41],"24":[1,1]},"f":{"1":446,"2":4,"3":4,"4":2,"5":1,"6":12,"7":3,"8":3,"9":1,"10":1,"11":90,"12":8,"13":3,"14":3,"15":3,"16":2,"17":2,"18":5,"19":5,"20":7,"21":21,"22":8,"23":1},"fnMap":{"1":{"name":"initialize","line":121,"loc":{"start":{"line":114,"column":4},"end":{"line":138,"column":4}}},"2":{"name":"addChannel","line":156,"loc":{"start":{"line":153,"column":4},"end":{"line":170,"column":4}}},"3":{"name":"adjustChannel","line":186,"loc":{"start":{"line":182,"column":4},"end":{"line":200,"column":4}}},"4":{"name":"removeChannelAndWeightByIndex","line":210,"loc":{"start":{"line":208,"column":4},"end":{"line":223,"column":4}}},"5":{"name":"setEpoch","line":231,"loc":{"start":{"line":229,"column":4},"end":{"line":233,"column":4}}},"6":{"name":"distributeFeesToChannels","line":241,"loc":{"start":{"line":241,"column":4},"end":{"line":268,"column":4}}},"7":{"name":"forceFeeDistribution","line":274,"loc":{"start":{"line":274,"column":4},"end":{"line":283,"column":4}}},"8":{"name":"setMinFee","line":289,"loc":{"start":{"line":289,"column":4},"end":{"line":291,"column":4}}},"9":{"name":"updateFee","line":297,"loc":{"start":{"line":297,"column":4},"end":{"line":299,"column":4}}},"10":{"name":"setOracle","line":306,"loc":{"start":{"line":306,"column":4},"end":{"line":308,"column":4}}},"11":{"name":"getFee","line":313,"loc":{"start":{"line":313,"column":4},"end":{"line":315,"column":4}}},"12":{"name":"isTheAddressInTheChannelsArray","line":322,"loc":{"start":{"line":322,"column":4},"end":{"line":331,"column":4}}},"13":{"name":"getChannels","line":337,"loc":{"start":{"line":337,"column":4},"end":{"line":339,"column":4}}},"14":{"name":"getWeights","line":345,"loc":{"start":{"line":345,"column":4},"end":{"line":347,"column":4}}},"15":{"name":"getOracleAddress","line":353,"loc":{"start":{"line":353,"column":4},"end":{"line":355,"column":4}}},"16":{"name":"amountPaidToUponNextDistribution","line":364,"loc":{"start":{"line":364,"column":4},"end":{"line":368,"column":4}}},"17":{"name":"getChannelWeightByIndex","line":376,"loc":{"start":{"line":376,"column":4},"end":{"line":382,"column":4}}},"18":{"name":"getTotalContractShares","line":389,"loc":{"start":{"line":389,"column":4},"end":{"line":391,"column":4}}},"19":{"name":"getLastDistributionBlock","line":398,"loc":{"start":{"line":398,"column":4},"end":{"line":400,"column":4}}},"20":{"name":"getMinimumAllottedFee","line":405,"loc":{"start":{"line":405,"column":4},"end":{"line":407,"column":4}}},"21":{"name":"queryOracle","line":413,"loc":{"start":{"line":413,"column":4},"end":{"line":415,"column":4}}},"22":{"name":"_refreshOracle","line":421,"loc":{"start":{"line":421,"column":4},"end":{"line":423,"column":4}}},"23":{"name":"_authorizeUpgrade","line":432,"loc":{"start":{"line":430,"column":4},"end":{"line":432,"column":54}}}},"statementMap":{"1":{"start":{"line":122,"column":8},"end":{"line":122,"column":29}},"2":{"start":{"line":123,"column":8},"end":{"line":123,"column":31}},"3":{"start":{"line":124,"column":8},"end":{"line":124,"column":54}},"4":{"start":{"line":125,"column":8},"end":{"line":125,"column":49}},"5":{"start":{"line":126,"column":8},"end":{"line":126,"column":4187}},"6":{"start":{"line":127,"column":12},"end":{"line":127,"column":48}},"7":{"start":{"line":133,"column":8},"end":{"line":133,"column":4428}},"8":{"start":{"line":135,"column":12},"end":{"line":135,"column":38}},"9":{"start":{"line":136,"column":12},"end":{"line":136,"column":36}},"10":{"start":{"line":157,"column":8},"end":{"line":157,"column":5322}},"11":{"start":{"line":158,"column":12},"end":{"line":158,"column":48}},"12":{"start":{"line":160,"column":8},"end":{"line":160,"column":5420}},"13":{"start":{"line":164,"column":12},"end":{"line":164,"column":41}},"14":{"start":{"line":166,"column":8},"end":{"line":166,"column":40}},"15":{"start":{"line":167,"column":8},"end":{"line":167,"column":28}},"16":{"start":{"line":169,"column":8},"end":{"line":169,"column":71}},"17":{"start":{"line":187,"column":8},"end":{"line":187,"column":6523}},"18":{"start":{"line":191,"column":12},"end":{"line":191,"column":41}},"19":{"start":{"line":193,"column":8},"end":{"line":193,"column":6722}},"20":{"start":{"line":194,"column":12},"end":{"line":194,"column":41}},"21":{"start":{"line":199,"column":8},"end":{"line":199,"column":77}},"22":{"start":{"line":211,"column":8},"end":{"line":211,"column":48}},"23":{"start":{"line":212,"column":8},"end":{"line":212,"column":7475}},"24":{"start":{"line":215,"column":8},"end":{"line":215,"column":21}},"25":{"start":{"line":218,"column":8},"end":{"line":218,"column":7710}},"26":{"start":{"line":221,"column":8},"end":{"line":221,"column":20}},"27":{"start":{"line":222,"column":8},"end":{"line":222,"column":60}},"28":{"start":{"line":242,"column":8},"end":{"line":242,"column":8626}},"29":{"start":{"line":246,"column":12},"end":{"line":246,"column":44}},"30":{"start":{"line":247,"column":12},"end":{"line":247,"column":8817}},"31":{"start":{"line":250,"column":12},"end":{"line":250,"column":55}},"32":{"start":{"line":252,"column":12},"end":{"line":252,"column":47}},"33":{"start":{"line":254,"column":12},"end":{"line":254,"column":9037}},"34":{"start":{"line":255,"column":16},"end":{"line":255,"column":68}},"35":{"start":{"line":256,"column":16},"end":{"line":256,"column":66}},"36":{"start":{"line":257,"column":16},"end":{"line":257,"column":52}},"37":{"start":{"line":259,"column":16},"end":{"line":259,"column":73}},"38":{"start":{"line":263,"column":12},"end":{"line":263,"column":30}},"39":{"start":{"line":264,"column":12},"end":{"line":264,"column":27}},"40":{"start":{"line":266,"column":12},"end":{"line":266,"column":47}},"41":{"start":{"line":275,"column":8},"end":{"line":275,"column":43}},"42":{"start":{"line":276,"column":8},"end":{"line":276,"column":9834}},"43":{"start":{"line":277,"column":12},"end":{"line":277,"column":64}},"44":{"start":{"line":278,"column":12},"end":{"line":278,"column":65}},"45":{"start":{"line":279,"column":12},"end":{"line":279,"column":51}},"46":{"start":{"line":280,"column":12},"end":{"line":280,"column":69}},"47":{"start":{"line":314,"column":12},"end":{"line":314,"column":22}},"48":{"start":{"line":325,"column":8},"end":{"line":325,"column":11552}},"49":{"start":{"line":326,"column":12},"end":{"line":326,"column":11613}},"50":{"start":{"line":327,"column":16},"end":{"line":327,"column":28}},"51":{"start":{"line":330,"column":8},"end":{"line":330,"column":19}},"52":{"start":{"line":338,"column":8},"end":{"line":338,"column":23}},"53":{"start":{"line":346,"column":8},"end":{"line":346,"column":22}},"54":{"start":{"line":354,"column":8},"end":{"line":354,"column":21}},"55":{"start":{"line":367,"column":8},"end":{"line":367,"column":73}},"56":{"start":{"line":379,"column":8},"end":{"line":379,"column":48}},"57":{"start":{"line":380,"column":8},"end":{"line":380,"column":44}},"58":{"start":{"line":381,"column":8},"end":{"line":381,"column":46}},"59":{"start":{"line":390,"column":8},"end":{"line":390,"column":30}},"60":{"start":{"line":399,"column":8},"end":{"line":399,"column":31}},"61":{"start":{"line":406,"column":8},"end":{"line":406,"column":21}},"62":{"start":{"line":414,"column":8},"end":{"line":414,"column":45}},"63":{"start":{"line":422,"column":8},"end":{"line":422,"column":51}}},"branchMap":{"1":{"line":121,"type":"if","locations":[{"start":{"line":121,"column":15},"end":{"line":121,"column":15}},{"start":{"line":121,"column":15},"end":{"line":121,"column":15}}]},"2":{"line":126,"type":"if","locations":[{"start":{"line":126,"column":8},"end":{"line":126,"column":8}},{"start":{"line":126,"column":8},"end":{"line":126,"column":8}}]},"3":{"line":126,"type":"cond-expr","locations":[{"start":{"line":126,"column":12},"end":{"line":126,"column":32}},{"start":{"line":126,"column":37},"end":{"line":126,"column":56}}]},"4":{"line":156,"type":"if","locations":[{"start":{"line":156,"column":15},"end":{"line":156,"column":15}},{"start":{"line":156,"column":15},"end":{"line":156,"column":15}}]},"5":{"line":157,"type":"if","locations":[{"start":{"line":157,"column":8},"end":{"line":157,"column":8}},{"start":{"line":157,"column":8},"end":{"line":157,"column":8}}]},"6":{"line":160,"type":"if","locations":[{"start":{"line":160,"column":8},"end":{"line":160,"column":8}},{"start":{"line":160,"column":8},"end":{"line":160,"column":8}}]},"7":{"line":161,"type":"cond-expr","locations":[{"start":{"line":161,"column":12},"end":{"line":161,"column":70}},{"start":{"line":162,"column":12},"end":{"line":162,"column":43}}]},"8":{"line":186,"type":"if","locations":[{"start":{"line":186,"column":15},"end":{"line":186,"column":15}},{"start":{"line":186,"column":15},"end":{"line":186,"column":15}}]},"9":{"line":187,"type":"if","locations":[{"start":{"line":187,"column":8},"end":{"line":187,"column":8}},{"start":{"line":187,"column":8},"end":{"line":187,"column":8}}]},"10":{"line":188,"type":"cond-expr","locations":[{"start":{"line":188,"column":12},"end":{"line":188,"column":43}},{"start":{"line":189,"column":12},"end":{"line":189,"column":70}}]},"11":{"line":193,"type":"if","locations":[{"start":{"line":193,"column":8},"end":{"line":193,"column":8}},{"start":{"line":193,"column":8},"end":{"line":193,"column":8}}]},"12":{"line":210,"type":"if","locations":[{"start":{"line":210,"column":15},"end":{"line":210,"column":15}},{"start":{"line":210,"column":15},"end":{"line":210,"column":15}}]},"13":{"line":231,"type":"if","locations":[{"start":{"line":231,"column":15},"end":{"line":231,"column":15}},{"start":{"line":231,"column":15},"end":{"line":231,"column":15}}]},"14":{"line":242,"type":"if","locations":[{"start":{"line":242,"column":8},"end":{"line":242,"column":8}},{"start":{"line":242,"column":8},"end":{"line":242,"column":8}}]},"15":{"line":243,"type":"cond-expr","locations":[{"start":{"line":243,"column":12},"end":{"line":243,"column":59}},{"start":{"line":244,"column":12},"end":{"line":244,"column":45}}]},"16":{"line":250,"type":"if","locations":[{"start":{"line":250,"column":12},"end":{"line":250,"column":12}},{"start":{"line":250,"column":12},"end":{"line":250,"column":12}}]},"17":{"line":257,"type":"if","locations":[{"start":{"line":257,"column":16},"end":{"line":257,"column":16}},{"start":{"line":257,"column":16},"end":{"line":257,"column":16}}]},"18":{"line":274,"type":"if","locations":[{"start":{"line":274,"column":53},"end":{"line":274,"column":53}},{"start":{"line":274,"column":53},"end":{"line":274,"column":53}}]},"19":{"line":279,"type":"if","locations":[{"start":{"line":279,"column":12},"end":{"line":279,"column":12}},{"start":{"line":279,"column":12},"end":{"line":279,"column":12}}]},"20":{"line":289,"type":"if","locations":[{"start":{"line":289,"column":54},"end":{"line":289,"column":54}},{"start":{"line":289,"column":54},"end":{"line":289,"column":54}}]},"21":{"line":297,"type":"if","locations":[{"start":{"line":297,"column":34},"end":{"line":297,"column":34}},{"start":{"line":297,"column":34},"end":{"line":297,"column":34}}]},"22":{"line":306,"type":"if","locations":[{"start":{"line":306,"column":52},"end":{"line":306,"column":52}},{"start":{"line":306,"column":52},"end":{"line":306,"column":52}}]},"23":{"line":326,"type":"if","locations":[{"start":{"line":326,"column":12},"end":{"line":326,"column":12}},{"start":{"line":326,"column":12},"end":{"line":326,"column":12}}]},"24":{"line":432,"type":"if","locations":[{"start":{"line":432,"column":24},"end":{"line":432,"column":24}},{"start":{"line":432,"column":24},"end":{"line":432,"column":24}}]}}},
"contracts/H1DevelopedApplication.sol":{"l":{"44":253,"45":1,"47":252,"48":252,"49":252,"54":13,"55":3,"57":10,"58":10,"59":9,"60":9,"61":8,"62":1,"63":1,"67":8,"72":5,"73":1,"75":4,"76":4,"77":3,"78":3,"79":2,"80":1,"81":1,"85":2,"93":5,"94":4,"95":3,"104":12,"105":12,"114":14,"115":14,"122":59,"123":59,"130":3,"137":5,"138":5,"139":2,"141":3},"path":"/Users/devonmartens/Haven1/remake/opt2/Contracts-Hardhat-Tests/Fee-Lib/contracts/H1DevelopedApplication.sol","s":{"1":253,"2":1,"3":13,"4":3,"5":10,"6":10,"7":9,"8":9,"9":8,"10":1,"11":1,"12":5,"13":1,"14":4,"15":4,"16":3,"17":3,"18":2,"19":1,"20":1,"21":5,"22":4,"23":12,"24":14,"25":59,"26":59,"27":3,"28":5,"29":5,"30":2,"31":3},"b":{"1":[1,252],"2":[3,10],"3":[9,1],"4":[8,1],"5":[1,7],"6":[1,4],"7":[3,1],"8":[2,1],"9":[1,1],"10":[4,1],"11":[3,1],"12":[2,3]},"f":{"1":253,"2":13,"3":5,"4":5,"5":12,"6":14,"7":59,"8":3,"9":5},"fnMap":{"1":{"name":"constructor","line":39,"loc":{"start":{"line":39,"column":4},"end":{"line":50,"column":4}}},"2":{"name":"devApplicationFee","line":53,"loc":{"start":{"line":53,"column":4},"end":{"line":68,"column":4}}},"3":{"name":"devApplicationFeeWithPayment","line":71,"loc":{"start":{"line":71,"column":4},"end":{"line":86,"column":4}}},"4":{"name":"setDevApplicationFee","line":92,"loc":{"start":{"line":92,"column":4},"end":{"line":96,"column":4}}},"5":{"name":"getDeveloperPayment","line":103,"loc":{"start":{"line":103,"column":4},"end":{"line":106,"column":4}}},"6":{"name":"getHavenFee","line":113,"loc":{"start":{"line":113,"column":4},"end":{"line":116,"column":4}}},"7":{"name":"calculateDevFee","line":121,"loc":{"start":{"line":121,"column":4},"end":{"line":124,"column":4}}},"8":{"name":"callFee","line":129,"loc":{"start":{"line":129,"column":4},"end":{"line":131,"column":4}}},"9":{"name":"callMinimumViableFee","line":136,"loc":{"start":{"line":136,"column":4},"end":{"line":142,"column":4}}}},"statementMap":{"1":{"start":{"line":44,"column":8},"end":{"line":44,"column":1141}},"2":{"start":{"line":45,"column":12},"end":{"line":45,"column":41}},"3":{"start":{"line":54,"column":8},"end":{"line":54,"column":1488}},"4":{"start":{"line":55,"column":12},"end":{"line":55,"column":44}},"5":{"start":{"line":57,"column":8},"end":{"line":57,"column":69}},"6":{"start":{"line":58,"column":8},"end":{"line":58,"column":47}},"7":{"start":{"line":59,"column":8},"end":{"line":59,"column":72}},"8":{"start":{"line":60,"column":8},"end":{"line":60,"column":44}},"9":{"start":{"line":61,"column":8},"end":{"line":61,"column":1857}},"10":{"start":{"line":62,"column":12},"end":{"line":62,"column":54}},"11":{"start":{"line":63,"column":12},"end":{"line":63,"column":1971}},"12":{"start":{"line":72,"column":8},"end":{"line":72,"column":2261}},"13":{"start":{"line":73,"column":12},"end":{"line":73,"column":44}},"14":{"start":{"line":75,"column":8},"end":{"line":75,"column":69}},"15":{"start":{"line":76,"column":8},"end":{"line":76,"column":47}},"16":{"start":{"line":77,"column":8},"end":{"line":77,"column":72}},"17":{"start":{"line":78,"column":8},"end":{"line":78,"column":44}},"18":{"start":{"line":79,"column":8},"end":{"line":79,"column":2630}},"19":{"start":{"line":80,"column":12},"end":{"line":80,"column":76}},"20":{"start":{"line":81,"column":12},"end":{"line":81,"column":2788}},"21":{"start":{"line":93,"column":8},"end":{"line":93,"column":69}},"22":{"start":{"line":94,"column":8},"end":{"line":94,"column":70}},"23":{"start":{"line":104,"column":8},"end":{"line":104,"column":46}},"24":{"start":{"line":114,"column":8},"end":{"line":114,"column":46}},"25":{"start":{"line":122,"column":8},"end":{"line":122,"column":61}},"26":{"start":{"line":123,"column":8},"end":{"line":123,"column":32}},"27":{"start":{"line":130,"column":8},"end":{"line":130,"column":49}},"28":{"start":{"line":137,"column":8},"end":{"line":137,"column":89}},"29":{"start":{"line":138,"column":8},"end":{"line":138,"column":4720}},"30":{"start":{"line":139,"column":12},"end":{"line":139,"column":37}},"31":{"start":{"line":141,"column":8},"end":{"line":141,"column":36}}},"branchMap":{"1":{"line":44,"type":"if","locations":[{"start":{"line":44,"column":8},"end":{"line":44,"column":8}},{"start":{"line":44,"column":8},"end":{"line":44,"column":8}}]},"2":{"line":54,"type":"if","locations":[{"start":{"line":54,"column":8},"end":{"line":54,"column":8}},{"start":{"line":54,"column":8},"end":{"line":54,"column":8}}]},"3":{"line":58,"type":"if","locations":[{"start":{"line":58,"column":8},"end":{"line":58,"column":8}},{"start":{"line":58,"column":8},"end":{"line":58,"column":8}}]},"4":{"line":60,"type":"if","locations":[{"start":{"line":60,"column":8},"end":{"line":60,"column":8}},{"start":{"line":60,"column":8},"end":{"line":60,"column":8}}]},"5":{"line":61,"type":"if","locations":[{"start":{"line":61,"column":8},"end":{"line":61,"column":8}},{"start":{"line":61,"column":8},"end":{"line":61,"column":8}}]},"6":{"line":72,"type":"if","locations":[{"start":{"line":72,"column":8},"end":{"line":72,"column":8}},{"start":{"line":72,"column":8},"end":{"line":72,"column":8}}]},"7":{"line":76,"type":"if","locations":[{"start":{"line":76,"column":8},"end":{"line":76,"column":8}},{"start":{"line":76,"column":8},"end":{"line":76,"column":8}}]},"8":{"line":78,"type":"if","locations":[{"start":{"line":78,"column":8},"end":{"line":78,"column":8}},{"start":{"line":78,"column":8},"end":{"line":78,"column":8}}]},"9":{"line":79,"type":"if","locations":[{"start":{"line":79,"column":8},"end":{"line":79,"column":8}},{"start":{"line":79,"column":8},"end":{"line":79,"column":8}}]},"10":{"line":93,"type":"if","locations":[{"start":{"line":93,"column":8},"end":{"line":93,"column":8}},{"start":{"line":93,"column":8},"end":{"line":93,"column":8}}]},"11":{"line":94,"type":"if","locations":[{"start":{"line":94,"column":8},"end":{"line":94,"column":8}},{"start":{"line":94,"column":8},"end":{"line":94,"column":8}}]},"12":{"line":138,"type":"if","locations":[{"start":{"line":138,"column":8},"end":{"line":138,"column":8}},{"start":{"line":138,"column":8},"end":{"line":138,"column":8}}]}}},
"contracts/H1NativeApplication.sol":{"l":{"27":8,"28":2,"30":6,"31":6,"32":5,"33":1,"34":1,"38":5,"43":4,"44":1,"46":3,"47":3,"48":2,"49":1,"50":1,"54":2,"62":100,"63":1,"65":99,"74":33},"path":"/Users/devonmartens/Haven1/remake/opt2/Contracts-Hardhat-Tests/Fee-Lib/contracts/H1NativeApplication.sol","s":{"1":8,"2":2,"3":6,"4":6,"5":5,"6":1,"7":1,"8":4,"9":1,"10":3,"11":3,"12":2,"13":1,"14":1,"15":100,"16":1,"17":33},"b":{"1":[2,6],"2":[5,1],"3":[1,4],"4":[1,3],"5":[2,1],"6":[1,1],"7":[1,99]},"f":{"1":8,"2":4,"3":100,"4":33},"fnMap":{"1":{"name":"applicationFee","line":26,"loc":{"start":{"line":26,"column":4},"end":{"line":39,"column":4}}},"2":{"name":"applicationFeeWithPayment","line":42,"loc":{"start":{"line":42,"column":4},"end":{"line":55,"column":4}}},"3":{"name":"constructor","line":61,"loc":{"start":{"line":61,"column":4},"end":{"line":66,"column":4}}},"4":{"name":"callFee","line":73,"loc":{"start":{"line":73,"column":4},"end":{"line":75,"column":4}}}},"statementMap":{"1":{"start":{"line":27,"column":8},"end":{"line":27,"column":682}},"2":{"start":{"line":28,"column":12},"end":{"line":28,"column":44}},"3":{"start":{"line":30,"column":8},"end":{"line":30,"column":65}},"4":{"start":{"line":31,"column":8},"end":{"line":31,"column":47}},"5":{"start":{"line":32,"column":8},"end":{"line":32,"column":910}},"6":{"start":{"line":33,"column":12},"end":{"line":33,"column":54}},"7":{"start":{"line":34,"column":12},"end":{"line":34,"column":1016}},"8":{"start":{"line":43,"column":8},"end":{"line":43,"column":1325}},"9":{"start":{"line":44,"column":12},"end":{"line":44,"column":44}},"10":{"start":{"line":46,"column":8},"end":{"line":46,"column":65}},"11":{"start":{"line":47,"column":8},"end":{"line":47,"column":47}},"12":{"start":{"line":48,"column":8},"end":{"line":48,"column":1553}},"13":{"start":{"line":49,"column":12},"end":{"line":49,"column":76}},"14":{"start":{"line":50,"column":12},"end":{"line":50,"column":1703}},"15":{"start":{"line":62,"column":8},"end":{"line":62,"column":2018}},"16":{"start":{"line":63,"column":12},"end":{"line":63,"column":41}},"17":{"start":{"line":74,"column":8},"end":{"line":74,"column":49}}},"branchMap":{"1":{"line":27,"type":"if","locations":[{"start":{"line":27,"column":8},"end":{"line":27,"column":8}},{"start":{"line":27,"column":8},"end":{"line":27,"column":8}}]},"2":{"line":31,"type":"if","locations":[{"start":{"line":31,"column":8},"end":{"line":31,"column":8}},{"start":{"line":31,"column":8},"end":{"line":31,"column":8}}]},"3":{"line":32,"type":"if","locations":[{"start":{"line":32,"column":8},"end":{"line":32,"column":8}},{"start":{"line":32,"column":8},"end":{"line":32,"column":8}}]},"4":{"line":43,"type":"if","locations":[{"start":{"line":43,"column":8},"end":{"line":43,"column":8}},{"start":{"line":43,"column":8},"end":{"line":43,"column":8}}]},"5":{"line":47,"type":"if","locations":[{"start":{"line":47,"column":8},"end":{"line":47,"column":8}},{"start":{"line":47,"column":8},"end":{"line":47,"column":8}}]},"6":{"line":48,"type":"if","locations":[{"start":{"line":48,"column":8},"end":{"line":48,"column":8}},{"start":{"line":48,"column":8},"end":{"line":48,"column":8}}]},"7":{"line":62,"type":"if","locations":[{"start":{"line":62,"column":8},"end":{"line":62,"column":8}},{"start":{"line":62,"column":8},"end":{"line":62,"column":8}}]}}},
"contracts/SimpleStorageWithDevAppFee.sol":{"l":{"18":8,"22":2,"23":2,"27":4},"path":"/Users/devonmartens/Haven1/remake/opt2/Contracts-Hardhat-Tests/Fee-Lib/contracts/SimpleStorageWithDevAppFee.sol","s":{"1":2,"2":4},"b":{"1":[8,5],"2":[2,3],"3":[2,0]},"f":{"1":189,"2":8,"3":2,"4":4},"fnMap":{"1":{"name":"constructor","line":15,"loc":{"start":{"line":11,"column":4},"end":{"line":15,"column":60}}},"2":{"name":"set","line":17,"loc":{"start":{"line":17,"column":4},"end":{"line":19,"column":4}}},"3":{"name":"setAndPayForIt","line":21,"loc":{"start":{"line":21,"column":4},"end":{"line":24,"column":4}}},"4":{"name":"get","line":26,"loc":{"start":{"line":26,"column":4},"end":{"line":28,"column":4}}}},"statementMap":{"1":{"start":{"line":22,"column":8},"end":{"line":22,"column":38}},"2":{"start":{"line":27,"column":8},"end":{"line":27,"column":25}}},"branchMap":{"1":{"line":17,"type":"if","locations":[{"start":{"line":17,"column":40},"end":{"line":17,"column":40}},{"start":{"line":17,"column":40},"end":{"line":17,"column":40}}]},"2":{"line":21,"type":"if","locations":[{"start":{"line":21,"column":53},"end":{"line":21,"column":53}},{"start":{"line":21,"column":53},"end":{"line":21,"column":53}}]},"3":{"line":22,"type":"if","locations":[{"start":{"line":22,"column":8},"end":{"line":22,"column":8}},{"start":{"line":22,"column":8},"end":{"line":22,"column":8}}]}}},
"contracts/SimpleStorageWithFee.sol":{"l":{"14":0,"18":0,"19":0,"23":5},"path":"/Users/devonmartens/Haven1/remake/opt2/Contracts-Hardhat-Tests/Fee-Lib/contracts/SimpleStorageWithFee.sol","s":{"1":66,"2":0},"b":{"1":[0,0],"2":[0,0],"3":[0,0]},"f":{"1":0,"2":0,"3":0,"4":5},"fnMap":{"1":{"name":"constructor","line":11,"loc":{"start":{"line":11,"column":4},"end":{"line":11,"column":73}}},"2":{"name":"set","line":13,"loc":{"start":{"line":13,"column":4},"end":{"line":15,"column":4}}},"3":{"name":"setAndPayForIt","line":17,"loc":{"start":{"line":17,"column":4},"end":{"line":20,"column":4}}},"4":{"name":"get","line":22,"loc":{"start":{"line":22,"column":4},"end":{"line":24,"column":4}}}},"statementMap":{"1":{"start":{"line":18,"column":8},"end":{"line":18,"column":38}},"2":{"start":{"line":23,"column":8},"end":{"line":23,"column":25}}},"branchMap":{"1":{"line":13,"type":"if","locations":[{"start":{"line":13,"column":42},"end":{"line":13,"column":42}},{"start":{"line":13,"column":42},"end":{"line":13,"column":42}}]},"2":{"line":17,"type":"if","locations":[{"start":{"line":17,"column":53},"end":{"line":17,"column":53}},{"start":{"line":17,"column":53},"end":{"line":17,"column":53}}]},"3":{"line":18,"type":"if","locations":[{"start":{"line":18,"column":8},"end":{"line":18,"column":8}},{"start":{"line":18,"column":8},"end":{"line":18,"column":8}}]}}},
"contracts/ValidatorRewards.sol":{"l":{"95":0,"96":0,"97":0,"98":0,"99":0,"100":1140,"101":1140,"102":1140,"121":1140,"125":1908,"126":0,"127":5,"128":5,"129":5,"142":4,"146":3,"147":3,"148":0,"149":2,"150":2,"151":2,"163":1,"164":1,"165":0,"167":4,"168":3,"169":3,"170":3,"182":1,"183":1,"184":1,"186":0,"187":3,"188":3,"189":3,"190":2,"197":1,"204":2,"212":2,"220":4,"228":28,"236":7,"237":7,"247":33,"248":27,"250":27,"251":27,"252":27,"255":2,"256":2,"265":1,"266":1,"267":1,"268":1,"269":1,"271":1,"274":4,"275":4,"288":12,"289":12,"290":12,"293":12,"318":5},"path":"/Users/devonmartens/Haven1/remake/opt2/Contracts-Hardhat-Tests/Fee-Lib/contracts/ValidatorRewards.sol","s":{"1":0,"2":0,"3":0,"4":0,"5":1140,"6":1140,"7":1140,"8":1908,"9":5,"10":3,"11":3,"12":0,"13":2,"14":1,"15":1,"16":4,"17":3,"18":2,"19":1,"20":1,"21":0,"22":3,"23":2,"24":2,"25":2,"26":2,"27":4,"28":28,"29":7,"30":33,"31":4,"32":27,"33":2,"34":2,"35":1,"36":1,"37":1,"38":4,"39":12,"40":12,"41":12,"42":12,"43":7,"44":5},"b":{"1":[0,0],"2":[0,0],"3":[1908,-768],"4":[0,1908],"5":[0,0],"6":[3,0],"7":[0,0],"8":[1,0],"9":[0,1],"10":[4,0],"11":[0,0],"12":[1,0],"13":[4,0],"14":[12,12],"15":[0,0]},"f":{"1":0,"2":1140,"3":4,"4":1,"5":2,"6":2,"7":2,"8":2,"9":2,"10":4,"11":28,"12":33,"13":1,"14":12,"15":14,"16":14},"fnMap":{"1":{"name":"initialize","line":94,"loc":{"start":{"line":89,"column":4},"end":{"line":104,"column":4}}},"2":{"name":"adjustValidatorShares","line":120,"loc":{"start":{"line":117,"column":4},"end":{"line":130,"column":4}}},"3":{"name":"adjustValidatorAddress","line":141,"loc":{"start":{"line":138,"column":4},"end":{"line":152,"column":4}}},"4":{"name":"addValidator","line":162,"loc":{"start":{"line":159,"column":4},"end":{"line":171,"column":4}}},"5":{"name":"removeValidator","line":181,"loc":{"start":{"line":178,"column":4},"end":{"line":191,"column":4}}},"6":{"name":"totalShares","line":196,"loc":{"start":{"line":196,"column":4},"end":{"line":198,"column":4}}},"7":{"name":"totalH1Issued","line":203,"loc":{"start":{"line":203,"column":4},"end":{"line":205,"column":4}}},"8":{"name":"shares","line":211,"loc":{"start":{"line":211,"column":4},"end":{"line":213,"column":4}}},"9":{"name":"dispersed","line":219,"loc":{"start":{"line":219,"column":4},"end":{"line":221,"column":4}}},"10":{"name":"validators","line":227,"loc":{"start":{"line":227,"column":4},"end":{"line":229,"column":4}}},"11":{"name":"releasable","line":235,"loc":{"start":{"line":235,"column":4},"end":{"line":238,"column":4}}},"12":{"name":"disperseSinglePaymentToValidator","line":246,"loc":{"start":{"line":246,"column":4},"end":{"line":257,"column":4}}},"13":{"name":"disperseAllPaymentsToValidators","line":264,"loc":{"start":{"line":264,"column":4},"end":{"line":277,"column":4}}},"14":{"name":"isTheAddressInTheValidatorsArray","line":285,"loc":{"start":{"line":285,"column":4},"end":{"line":294,"column":4}}},"15":{"name":"_authorizeUpgrade","line":303,"loc":{"start":{"line":301,"column":4},"end":{"line":303,"column":54}}},"16":{"name":"_pendingPayment","line":313,"loc":{"start":{"line":313,"column":4},"end":{"line":320,"column":4}}}},"statementMap":{"1":{"start":{"line":95,"column":8},"end":{"line":95,"column":54}},"2":{"start":{"line":96,"column":8},"end":{"line":96,"column":49}},"3":{"start":{"line":97,"column":8},"end":{"line":97,"column":29}},"4":{"start":{"line":98,"column":8},"end":{"line":98,"column":31}},"5":{"start":{"line":99,"column":8},"end":{"line":99,"column":3677}},"6":{"start":{"line":100,"column":12},"end":{"line":100,"column":57}},"7":{"start":{"line":121,"column":8},"end":{"line":121,"column":4380}},"8":{"start":{"line":125,"column":8},"end":{"line":125,"column":61}},"9":{"start":{"line":129,"column":8},"end":{"line":129,"column":44}},"10":{"start":{"line":142,"column":8},"end":{"line":142,"column":5105}},"11":{"start":{"line":146,"column":8},"end":{"line":146,"column":63}},"12":{"start":{"line":147,"column":8},"end":{"line":147,"column":57}},"13":{"start":{"line":151,"column":8},"end":{"line":151,"column":73}},"14":{"start":{"line":163,"column":8},"end":{"line":163,"column":77}},"15":{"start":{"line":164,"column":8},"end":{"line":164,"column":61}},"16":{"start":{"line":165,"column":8},"end":{"line":165,"column":73}},"17":{"start":{"line":167,"column":8},"end":{"line":167,"column":43}},"18":{"start":{"line":170,"column":8},"end":{"line":170,"column":44}},"19":{"start":{"line":182,"column":8},"end":{"line":182,"column":60}},"20":{"start":{"line":183,"column":8},"end":{"line":183,"column":6719}},"21":{"start":{"line":186,"column":8},"end":{"line":186,"column":35}},"22":{"start":{"line":187,"column":8},"end":{"line":187,"column":41}},"23":{"start":{"line":190,"column":8},"end":{"line":190,"column":60}},"24":{"start":{"line":197,"column":8},"end":{"line":197,"column":27}},"25":{"start":{"line":204,"column":8},"end":{"line":204,"column":41}},"26":{"start":{"line":212,"column":8},"end":{"line":212,"column":31}},"27":{"start":{"line":220,"column":8},"end":{"line":220,"column":34}},"28":{"start":{"line":228,"column":8},"end":{"line":228,"column":44}},"29":{"start":{"line":236,"column":8},"end":{"line":236,"column":71}},"30":{"start":{"line":237,"column":8},"end":{"line":237,"column":74}},"31":{"start":{"line":247,"column":8},"end":{"line":247,"column":66}},"32":{"start":{"line":248,"column":8},"end":{"line":248,"column":45}},"33":{"start":{"line":255,"column":8},"end":{"line":255,"column":42}},"34":{"start":{"line":256,"column":8},"end":{"line":256,"column":46}},"35":{"start":{"line":265,"column":8},"end":{"line":265,"column":9806}},"36":{"start":{"line":266,"column":12},"end":{"line":266,"column":67}},"37":{"start":{"line":271,"column":12},"end":{"line":271,"column":10102}},"38":{"start":{"line":274,"column":12},"end":{"line":274,"column":46}},"39":{"start":{"line":275,"column":12},"end":{"line":275,"column":68}},"40":{"start":{"line":288,"column":8},"end":{"line":288,"column":10745}},"41":{"start":{"line":289,"column":12},"end":{"line":289,"column":10820}},"42":{"start":{"line":290,"column":16},"end":{"line":290,"column":28}},"43":{"start":{"line":293,"column":8},"end":{"line":293,"column":19}},"44":{"start":{"line":318,"column":8},"end":{"line":318,"column":11940}}},"branchMap":{"1":{"line":94,"type":"if","locations":[{"start":{"line":94,"column":15},"end":{"line":94,"column":15}},{"start":{"line":94,"column":15},"end":{"line":94,"column":15}}]},"2":{"line":120,"type":"if","locations":[{"start":{"line":120,"column":15},"end":{"line":120,"column":15}},{"start":{"line":120,"column":15},"end":{"line":120,"column":15}}]},"3":{"line":121,"type":"if","locations":[{"start":{"line":121,"column":8},"end":{"line":121,"column":8}},{"start":{"line":121,"column":8},"end":{"line":121,"column":8}}]},"4":{"line":125,"type":"if","locations":[{"start":{"line":125,"column":8},"end":{"line":125,"column":8}},{"start":{"line":125,"column":8},"end":{"line":125,"column":8}}]},"5":{"line":141,"type":"if","locations":[{"start":{"line":141,"column":15},"end":{"line":141,"column":15}},{"start":{"line":141,"column":15},"end":{"line":141,"column":15}}]},"6":{"line":142,"type":"if","locations":[{"start":{"line":142,"column":8},"end":{"line":142,"column":8}},{"start":{"line":142,"column":8},"end":{"line":142,"column":8}}]},"7":{"line":162,"type":"if","locations":[{"start":{"line":162,"column":15},"end":{"line":162,"column":15}},{"start":{"line":162,"column":15},"end":{"line":162,"column":15}}]},"8":{"line":163,"type":"if","locations":[{"start":{"line":163,"column":8},"end":{"line":163,"column":8}},{"start":{"line":163,"column":8},"end":{"line":163,"column":8}}]},"9":{"line":164,"type":"if","locations":[{"start":{"line":164,"column":8},"end":{"line":164,"column":8}},{"start":{"line":164,"column":8},"end":{"line":164,"column":8}}]},"10":{"line":165,"type":"if","locations":[{"start":{"line":165,"column":8},"end":{"line":165,"column":8}},{"start":{"line":165,"column":8},"end":{"line":165,"column":8}}]},"11":{"line":181,"type":"if","locations":[{"start":{"line":181,"column":15},"end":{"line":181,"column":15}},{"start":{"line":181,"column":15},"end":{"line":181,"column":15}}]},"12":{"line":182,"type":"if","locations":[{"start":{"line":182,"column":8},"end":{"line":182,"column":8}},{"start":{"line":182,"column":8},"end":{"line":182,"column":8}}]},"13":{"line":247,"type":"if","locations":[{"start":{"line":247,"column":8},"end":{"line":247,"column":8}},{"start":{"line":247,"column":8},"end":{"line":247,"column":8}}]},"14":{"line":289,"type":"if","locations":[{"start":{"line":289,"column":12},"end":{"line":289,"column":12}},{"start":{"line":289,"column":12},"end":{"line":289,"column":12}}]},"15":{"line":303,"type":"if","locations":[{"start":{"line":303,"column":24},"end":{"line":303,"column":24}},{"start":{"line":303,"column":24},"end":{"line":303,"column":24}}]}}}}
