{
"contracts/DUMMY2DONOTDEPLOY.sol":{"l":{"51":0,"52":0,"53":0,"54":0,"55":0,"57":0,"66":0,"74":4,"75":0,"76":0,"78":4,"87":2,"141":69,"142":0,"144":69,"145":69,"146":69,"147":69,"148":69,"149":69,"150":69,"151":207,"152":207,"153":207,"164":2,"165":2,"166":2,"168":0,"179":0,"180":0,"182":0,"186":0,"188":0,"189":0,"190":0,"208":0,"212":0,"214":0,"215":0,"217":0,"218":0,"219":0,"220":0,"228":0,"239":0,"243":0,"244":0,"247":0,"249":0,"251":0,"252":0,"253":0,"254":0,"256":0,"258":0,"259":0,"261":0,"270":0,"271":0,"272":0,"273":0,"274":0,"275":0,"277":0,"278":0,"287":0,"296":0,"297":0,"298":0,"301":0,"309":0,"317":0,"325":0,"333":0,"344":0,"355":0,"356":0,"357":0,"365":0,"373":0,"389":0},"path":"/Users/devonmartens/Haven1/remake/opt2/Contracts-Hardhat-Tests/Fee-Lib/contracts/DUMMY2DONOTDEPLOY.sol","s":{"1":0,"2":0,"3":0,"4":0,"5":0,"6":4,"7":0,"8":0,"9":4,"10":2,"11":69,"12":0,"13":69,"14":207,"15":207,"16":2,"17":0,"18":0,"19":0,"20":0,"21":0,"22":0,"23":0,"24":0,"25":0,"26":0,"27":0,"28":0,"29":0,"30":0,"31":0,"32":0,"33":0,"34":0,"35":0,"36":0,"37":0,"38":0,"39":0,"40":0,"41":0,"42":0,"43":0,"44":0,"45":0,"46":0,"47":0,"48":0,"49":0,"50":0,"51":0,"52":0,"53":0,"54":0,"55":0,"56":0,"57":0,"58":0,"59":0,"60":0,"61":0},"b":{"1":[0,0],"2":[0,0],"3":[0,4],"4":[0,69],"5":[0,0],"6":[2,0],"7":[0,2],"8":[0,0],"9":[0,0],"10":[0,0],"11":[0,0],"12":[0,0],"13":[0,0],"14":[0,0],"15":[0,0],"16":[0,0],"17":[0,0],"18":[0,0],"19":[0,0]},"f":{"1":0,"2":0,"3":4,"4":2,"5":69,"6":2,"7":0,"8":0,"9":0,"10":0,"11":0,"12":0,"13":0,"14":0,"15":0,"16":0,"17":0,"18":0,"19":0,"20":0,"21":0,"22":0},"fnMap":{"1":{"name":"resetFee","line":50,"loc":{"start":{"line":50,"column":4},"end":{"line":59,"column":4}}},"2":{"name":"getMinFee","line":65,"loc":{"start":{"line":65,"column":4},"end":{"line":67,"column":4}}},"3":{"name":"getFee","line":73,"loc":{"start":{"line":73,"column":4},"end":{"line":80,"column":4}}},"4":{"name":"queryOracle","line":86,"loc":{"start":{"line":86,"column":4},"end":{"line":88,"column":4}}},"5":{"name":"constructor","line":134,"loc":{"start":{"line":134,"column":4},"end":{"line":155,"column":4}}},"6":{"name":"setAgainFee","line":163,"loc":{"start":{"line":163,"column":4},"end":{"line":170,"column":4}}},"7":{"name":"plusChannel","line":178,"loc":{"start":{"line":178,"column":4},"end":{"line":191,"column":4}}},"8":{"name":"moveChannel","line":203,"loc":{"start":{"line":203,"column":4},"end":{"line":221,"column":4}}},"9":{"name":"newEpoch","line":227,"loc":{"start":{"line":227,"column":4},"end":{"line":229,"column":4}}},"10":{"name":"grabFee","line":238,"loc":{"start":{"line":238,"column":4},"end":{"line":263,"column":4}}},"11":{"name":"pressureFee","line":269,"loc":{"start":{"line":269,"column":4},"end":{"line":279,"column":4}}},"12":{"name":"newOracle","line":286,"loc":{"start":{"line":286,"column":4},"end":{"line":288,"column":4}}},"13":{"name":"isOriginalAddress","line":295,"loc":{"start":{"line":295,"column":4},"end":{"line":302,"column":4}}},"14":{"name":"getNextResetTime","line":308,"loc":{"start":{"line":308,"column":4},"end":{"line":310,"column":4}}},"15":{"name":"getChannels","line":316,"loc":{"start":{"line":316,"column":4},"end":{"line":318,"column":4}}},"16":{"name":"getWieghts","line":324,"loc":{"start":{"line":324,"column":4},"end":{"line":326,"column":4}}},"17":{"name":"getOracleAddress","line":332,"loc":{"start":{"line":332,"column":4},"end":{"line":334,"column":4}}},"18":{"name":"amountPaidToUponNextDistribution","line":341,"loc":{"start":{"line":341,"column":4},"end":{"line":345,"column":4}}},"19":{"name":"getChannelWeightByIndex","line":352,"loc":{"start":{"line":352,"column":4},"end":{"line":358,"column":4}}},"20":{"name":"getTotalContractShares","line":364,"loc":{"start":{"line":364,"column":4},"end":{"line":366,"column":4}}},"21":{"name":"getLastDistributionBlock","line":372,"loc":{"start":{"line":372,"column":4},"end":{"line":374,"column":4}}},"22":{"name":"_refreshOracle","line":388,"loc":{"start":{"line":388,"column":4},"end":{"line":390,"column":4}}}},"statementMap":{"1":{"start":{"line":51,"column":8},"end":{"line":51,"column":1456}},"2":{"start":{"line":54,"column":11},"end":{"line":54,"column":56}},"3":{"start":{"line":55,"column":12},"end":{"line":55,"column":22}},"4":{"start":{"line":57,"column":13},"end":{"line":57,"column":48}},"5":{"start":{"line":66,"column":8},"end":{"line":66,"column":21}},"6":{"start":{"line":74,"column":8},"end":{"line":74,"column":2179}},"7":{"start":{"line":75,"column":11},"end":{"line":75,"column":38}},"8":{"start":{"line":76,"column":12},"end":{"line":76,"column":25}},"9":{"start":{"line":78,"column":12},"end":{"line":78,"column":22}},"10":{"start":{"line":87,"column":8},"end":{"line":87,"column":45}},"11":{"start":{"line":141,"column":8},"end":{"line":141,"column":4294}},"12":{"start":{"line":142,"column":12},"end":{"line":142,"column":48}},"13":{"start":{"line":150,"column":8},"end":{"line":150,"column":4641}},"14":{"start":{"line":152,"column":12},"end":{"line":152,"column":38}},"15":{"start":{"line":153,"column":12},"end":{"line":153,"column":36}},"16":{"start":{"line":164,"column":8},"end":{"line":164,"column":5129}},"17":{"start":{"line":168,"column":12},"end":{"line":168,"column":47}},"18":{"start":{"line":179,"column":8},"end":{"line":179,"column":5784}},"19":{"start":{"line":180,"column":12},"end":{"line":180,"column":48}},"20":{"start":{"line":182,"column":8},"end":{"line":182,"column":5881}},"21":{"start":{"line":186,"column":12},"end":{"line":186,"column":41}},"22":{"start":{"line":188,"column":8},"end":{"line":188,"column":40}},"23":{"start":{"line":189,"column":8},"end":{"line":189,"column":28}},"24":{"start":{"line":208,"column":8},"end":{"line":208,"column":6851}},"25":{"start":{"line":212,"column":12},"end":{"line":212,"column":41}},"26":{"start":{"line":214,"column":8},"end":{"line":214,"column":7037}},"27":{"start":{"line":215,"column":12},"end":{"line":215,"column":41}},"28":{"start":{"line":239,"column":8},"end":{"line":239,"column":8010}},"29":{"start":{"line":243,"column":12},"end":{"line":243,"column":44}},"30":{"start":{"line":244,"column":12},"end":{"line":244,"column":8193}},"31":{"start":{"line":247,"column":12},"end":{"line":247,"column":55}},"32":{"start":{"line":249,"column":12},"end":{"line":249,"column":47}},"33":{"start":{"line":251,"column":12},"end":{"line":251,"column":8413}},"34":{"start":{"line":252,"column":16},"end":{"line":252,"column":68}},"35":{"start":{"line":253,"column":16},"end":{"line":253,"column":66}},"36":{"start":{"line":254,"column":16},"end":{"line":254,"column":52}},"37":{"start":{"line":256,"column":16},"end":{"line":256,"column":73}},"38":{"start":{"line":259,"column":12},"end":{"line":259,"column":27}},"39":{"start":{"line":261,"column":12},"end":{"line":261,"column":47}},"40":{"start":{"line":270,"column":8},"end":{"line":270,"column":43}},"41":{"start":{"line":271,"column":8},"end":{"line":271,"column":9088}},"42":{"start":{"line":272,"column":12},"end":{"line":272,"column":64}},"43":{"start":{"line":273,"column":12},"end":{"line":273,"column":65}},"44":{"start":{"line":274,"column":12},"end":{"line":274,"column":51}},"45":{"start":{"line":275,"column":12},"end":{"line":275,"column":69}},"46":{"start":{"line":277,"column":8},"end":{"line":277,"column":23}},"47":{"start":{"line":296,"column":8},"end":{"line":296,"column":9957}},"48":{"start":{"line":297,"column":12},"end":{"line":297,"column":10018}},"49":{"start":{"line":298,"column":16},"end":{"line":298,"column":28}},"50":{"start":{"line":301,"column":8},"end":{"line":301,"column":19}},"51":{"start":{"line":309,"column":8},"end":{"line":309,"column":28}},"52":{"start":{"line":317,"column":8},"end":{"line":317,"column":23}},"53":{"start":{"line":325,"column":8},"end":{"line":325,"column":22}},"54":{"start":{"line":333,"column":8},"end":{"line":333,"column":21}},"55":{"start":{"line":344,"column":8},"end":{"line":344,"column":73}},"56":{"start":{"line":355,"column":8},"end":{"line":355,"column":35}},"57":{"start":{"line":356,"column":8},"end":{"line":356,"column":32}},"58":{"start":{"line":357,"column":8},"end":{"line":357,"column":21}},"59":{"start":{"line":365,"column":8},"end":{"line":365,"column":30}},"60":{"start":{"line":373,"column":8},"end":{"line":373,"column":31}},"61":{"start":{"line":389,"column":8},"end":{"line":389,"column":51}}},"branchMap":{"1":{"line":51,"type":"if","locations":[{"start":{"line":51,"column":8},"end":{"line":51,"column":8}},{"start":{"line":51,"column":8},"end":{"line":51,"column":8}}]},"2":{"line":51,"type":"cond-expr","locations":[{"start":{"line":51,"column":12},"end":{"line":51,"column":42}},{"start":{"line":51,"column":47},"end":{"line":51,"column":54}}]},"3":{"line":74,"type":"if","locations":[{"start":{"line":74,"column":8},"end":{"line":74,"column":8}},{"start":{"line":74,"column":8},"end":{"line":74,"column":8}}]},"4":{"line":141,"type":"if","locations":[{"start":{"line":141,"column":8},"end":{"line":141,"column":8}},{"start":{"line":141,"column":8},"end":{"line":141,"column":8}}]},"5":{"line":141,"type":"cond-expr","locations":[{"start":{"line":141,"column":12},"end":{"line":141,"column":31}},{"start":{"line":141,"column":36},"end":{"line":141,"column":54}}]},"6":{"line":164,"type":"if","locations":[{"start":{"line":164,"column":8},"end":{"line":164,"column":8}},{"start":{"line":164,"column":8},"end":{"line":164,"column":8}}]},"7":{"line":164,"type":"cond-expr","locations":[{"start":{"line":164,"column":12},"end":{"line":164,"column":42}},{"start":{"line":164,"column":47},"end":{"line":164,"column":54}}]},"8":{"line":179,"type":"if","locations":[{"start":{"line":179,"column":8},"end":{"line":179,"column":8}},{"start":{"line":179,"column":8},"end":{"line":179,"column":8}}]},"9":{"line":182,"type":"if","locations":[{"start":{"line":182,"column":8},"end":{"line":182,"column":8}},{"start":{"line":182,"column":8},"end":{"line":182,"column":8}}]},"10":{"line":183,"type":"cond-expr","locations":[{"start":{"line":183,"column":12},"end":{"line":183,"column":57}},{"start":{"line":184,"column":12},"end":{"line":184,"column":43}}]},"11":{"line":208,"type":"if","locations":[{"start":{"line":208,"column":8},"end":{"line":208,"column":8}},{"start":{"line":208,"column":8},"end":{"line":208,"column":8}}]},"12":{"line":209,"type":"cond-expr","locations":[{"start":{"line":209,"column":12},"end":{"line":209,"column":43}},{"start":{"line":210,"column":12},"end":{"line":210,"column":57}}]},"13":{"line":214,"type":"if","locations":[{"start":{"line":214,"column":8},"end":{"line":214,"column":8}},{"start":{"line":214,"column":8},"end":{"line":214,"column":8}}]},"14":{"line":239,"type":"if","locations":[{"start":{"line":239,"column":8},"end":{"line":239,"column":8}},{"start":{"line":239,"column":8},"end":{"line":239,"column":8}}]},"15":{"line":240,"type":"cond-expr","locations":[{"start":{"line":240,"column":12},"end":{"line":240,"column":59}},{"start":{"line":241,"column":12},"end":{"line":241,"column":37}}]},"16":{"line":247,"type":"if","locations":[{"start":{"line":247,"column":12},"end":{"line":247,"column":12}},{"start":{"line":247,"column":12},"end":{"line":247,"column":12}}]},"17":{"line":254,"type":"if","locations":[{"start":{"line":254,"column":16},"end":{"line":254,"column":16}},{"start":{"line":254,"column":16},"end":{"line":254,"column":16}}]},"18":{"line":274,"type":"if","locations":[{"start":{"line":274,"column":12},"end":{"line":274,"column":12}},{"start":{"line":274,"column":12},"end":{"line":274,"column":12}}]},"19":{"line":297,"type":"if","locations":[{"start":{"line":297,"column":12},"end":{"line":297,"column":12}},{"start":{"line":297,"column":12},"end":{"line":297,"column":12}}]}}},
"contracts/DUMMYDONOTDEPLOY.sol":{"l":{"15":0,"21":5,"25":23,"29":8,"30":8,"34":1},"path":"/Users/devonmartens/Haven1/remake/opt2/Contracts-Hardhat-Tests/Fee-Lib/contracts/DUMMYDONOTDEPLOY.sol","s":{"1":23,"2":8,"3":1},"b":{},"f":{"1":0,"2":5,"3":23,"4":8,"5":1},"fnMap":{"1":{"name":"setRequiredReset","line":14,"loc":{"start":{"line":14,"column":4},"end":{"line":16,"column":4}}},"2":{"name":"setPriceAverage","line":20,"loc":{"start":{"line":20,"column":4},"end":{"line":22,"column":4}}},"3":{"name":"consult","line":24,"loc":{"start":{"line":24,"column":4},"end":{"line":26,"column":4}}},"4":{"name":"refreshOracle","line":28,"loc":{"start":{"line":28,"column":4},"end":{"line":31,"column":4}}},"5":{"name":"viewJustKeepAdding","line":33,"loc":{"start":{"line":33,"column":4},"end":{"line":35,"column":4}}}},"statementMap":{"1":{"start":{"line":25,"column":8},"end":{"line":25,"column":27}},"2":{"start":{"line":30,"column":8},"end":{"line":30,"column":19}},"3":{"start":{"line":34,"column":8},"end":{"line":34,"column":29}}},"branchMap":{}},
"contracts/Errors.sol":{"l":{},"path":"/Users/devonmartens/Haven1/remake/opt2/Contracts-Hardhat-Tests/Fee-Lib/contracts/Errors.sol","s":{},"b":{},"f":{},"fnMap":{},"statementMap":{},"branchMap":{}},
"contracts/FeeContract.sol":{"l":{"125":407,"126":407,"127":407,"128":407,"129":407,"130":2,"132":405,"133":405,"134":405,"136":405,"137":405,"138":1425,"139":1425,"140":1425,"161":4,"162":1,"164":3,"168":2,"170":1,"171":1,"172":1,"173":1,"191":4,"195":2,"197":2,"198":1,"200":1,"201":1,"202":1,"203":1,"215":2,"216":2,"217":8,"219":2,"220":2,"221":2,"222":2,"223":8,"225":2,"226":2,"236":1,"255":12,"259":10,"260":10,"263":10,"265":9,"267":9,"268":21,"269":21,"270":21,"272":20,"274":8,"275":8,"276":8,"278":2,"287":3,"288":3,"289":5,"290":5,"291":5,"292":4,"294":2,"302":3,"311":1,"318":45,"338":8,"339":44,"340":3,"343":5,"360":3,"368":3,"376":3,"388":2,"400":2,"401":2,"402":2,"411":5,"420":5,"427":7,"435":20,"443":8},"path":"/Users/devonmartens/Haven1/remake/opt2/Contracts-Hardhat-Tests/Fee-Lib/contracts/FeeContract.sol","s":{"1":407,"2":407,"3":407,"4":407,"5":407,"6":2,"7":405,"8":1425,"9":1425,"10":4,"11":1,"12":3,"13":2,"14":1,"15":1,"16":1,"17":4,"18":2,"19":2,"20":1,"21":1,"22":2,"23":2,"24":2,"25":2,"26":2,"27":2,"28":12,"29":10,"30":10,"31":10,"32":9,"33":9,"34":21,"35":21,"36":21,"37":20,"38":8,"39":2,"40":3,"41":3,"42":5,"43":5,"44":5,"45":4,"46":45,"47":8,"48":44,"49":3,"50":5,"51":3,"52":3,"53":3,"54":2,"55":2,"56":2,"57":2,"58":5,"59":5,"60":7,"61":20,"62":8},"b":{"1":[407,1],"2":[2,405],"3":[1,1],"4":[4,1],"5":[1,3],"6":[2,1],"7":[1,1],"8":[4,1],"9":[2,2],"10":[1,1],"11":[1,1],"12":[2,1],"13":[1,1],"14":[10,2],"15":[5,5],"16":[9,1],"17":[20,1],"18":[3,1],"19":[4,1],"20":[3,1],"21":[1,1],"22":[3,41],"23":[1,1]},"f":{"1":407,"2":4,"3":4,"4":2,"5":1,"6":12,"7":3,"8":3,"9":1,"10":45,"11":8,"12":3,"13":3,"14":3,"15":2,"16":2,"17":5,"18":5,"19":7,"20":20,"21":8,"22":1},"fnMap":{"1":{"name":"initialize","line":124,"loc":{"start":{"line":117,"column":4},"end":{"line":142,"column":4}}},"2":{"name":"addChannel","line":160,"loc":{"start":{"line":157,"column":4},"end":{"line":174,"column":4}}},"3":{"name":"adjustChannel","line":190,"loc":{"start":{"line":186,"column":4},"end":{"line":204,"column":4}}},"4":{"name":"removeChannelAndWeightByIndex","line":214,"loc":{"start":{"line":212,"column":4},"end":{"line":227,"column":4}}},"5":{"name":"setEpoch","line":235,"loc":{"start":{"line":233,"column":4},"end":{"line":237,"column":4}}},"6":{"name":"distributeFeesToChannels","line":254,"loc":{"start":{"line":254,"column":4},"end":{"line":280,"column":4}}},"7":{"name":"forceFeeDistribution","line":286,"loc":{"start":{"line":286,"column":4},"end":{"line":295,"column":4}}},"8":{"name":"setMinFee","line":301,"loc":{"start":{"line":301,"column":4},"end":{"line":303,"column":4}}},"9":{"name":"setOracle","line":310,"loc":{"start":{"line":310,"column":4},"end":{"line":312,"column":4}}},"10":{"name":"getFee","line":317,"loc":{"start":{"line":317,"column":4},"end":{"line":319,"column":4}}},"11":{"name":"isTheAddressInTheChannelsArray","line":335,"loc":{"start":{"line":335,"column":4},"end":{"line":344,"column":4}}},"12":{"name":"getChannels","line":359,"loc":{"start":{"line":359,"column":4},"end":{"line":361,"column":4}}},"13":{"name":"getWeights","line":367,"loc":{"start":{"line":367,"column":4},"end":{"line":369,"column":4}}},"14":{"name":"getOracleAddress","line":375,"loc":{"start":{"line":375,"column":4},"end":{"line":377,"column":4}}},"15":{"name":"amountPaidToUponNextDistribution","line":385,"loc":{"start":{"line":385,"column":4},"end":{"line":389,"column":4}}},"16":{"name":"getChannelWeightByIndex","line":397,"loc":{"start":{"line":397,"column":4},"end":{"line":403,"column":4}}},"17":{"name":"getTotalContractShares","line":410,"loc":{"start":{"line":410,"column":4},"end":{"line":412,"column":4}}},"18":{"name":"getLastDistributionBlock","line":419,"loc":{"start":{"line":419,"column":4},"end":{"line":421,"column":4}}},"19":{"name":"getMinFee","line":426,"loc":{"start":{"line":426,"column":4},"end":{"line":428,"column":4}}},"20":{"name":"queryOracle","line":434,"loc":{"start":{"line":434,"column":4},"end":{"line":436,"column":4}}},"21":{"name":"_refreshOracle","line":442,"loc":{"start":{"line":442,"column":4},"end":{"line":444,"column":4}}},"22":{"name":"_authorizeUpgrade","line":453,"loc":{"start":{"line":451,"column":4},"end":{"line":453,"column":54}}}},"statementMap":{"1":{"start":{"line":125,"column":8},"end":{"line":125,"column":29}},"2":{"start":{"line":126,"column":8},"end":{"line":126,"column":31}},"3":{"start":{"line":127,"column":8},"end":{"line":127,"column":54}},"4":{"start":{"line":128,"column":8},"end":{"line":128,"column":49}},"5":{"start":{"line":129,"column":8},"end":{"line":129,"column":4298}},"6":{"start":{"line":130,"column":12},"end":{"line":130,"column":48}},"7":{"start":{"line":137,"column":8},"end":{"line":137,"column":4591}},"8":{"start":{"line":139,"column":12},"end":{"line":139,"column":38}},"9":{"start":{"line":140,"column":12},"end":{"line":140,"column":36}},"10":{"start":{"line":161,"column":8},"end":{"line":161,"column":5485}},"11":{"start":{"line":162,"column":12},"end":{"line":162,"column":48}},"12":{"start":{"line":164,"column":8},"end":{"line":164,"column":5583}},"13":{"start":{"line":168,"column":12},"end":{"line":168,"column":41}},"14":{"start":{"line":170,"column":8},"end":{"line":170,"column":40}},"15":{"start":{"line":171,"column":8},"end":{"line":171,"column":28}},"16":{"start":{"line":173,"column":8},"end":{"line":173,"column":71}},"17":{"start":{"line":191,"column":8},"end":{"line":191,"column":6686}},"18":{"start":{"line":195,"column":12},"end":{"line":195,"column":41}},"19":{"start":{"line":197,"column":8},"end":{"line":197,"column":6885}},"20":{"start":{"line":198,"column":12},"end":{"line":198,"column":41}},"21":{"start":{"line":203,"column":8},"end":{"line":203,"column":77}},"22":{"start":{"line":215,"column":8},"end":{"line":215,"column":48}},"23":{"start":{"line":216,"column":8},"end":{"line":216,"column":7638}},"24":{"start":{"line":219,"column":8},"end":{"line":219,"column":21}},"25":{"start":{"line":222,"column":8},"end":{"line":222,"column":7873}},"26":{"start":{"line":225,"column":8},"end":{"line":225,"column":20}},"27":{"start":{"line":226,"column":8},"end":{"line":226,"column":60}},"28":{"start":{"line":255,"column":8},"end":{"line":255,"column":9143}},"29":{"start":{"line":259,"column":12},"end":{"line":259,"column":44}},"30":{"start":{"line":260,"column":12},"end":{"line":260,"column":9334}},"31":{"start":{"line":263,"column":12},"end":{"line":263,"column":55}},"32":{"start":{"line":265,"column":12},"end":{"line":265,"column":47}},"33":{"start":{"line":267,"column":12},"end":{"line":267,"column":9554}},"34":{"start":{"line":268,"column":16},"end":{"line":268,"column":68}},"35":{"start":{"line":269,"column":16},"end":{"line":269,"column":66}},"36":{"start":{"line":270,"column":16},"end":{"line":270,"column":52}},"37":{"start":{"line":272,"column":16},"end":{"line":272,"column":73}},"38":{"start":{"line":276,"column":12},"end":{"line":276,"column":27}},"39":{"start":{"line":278,"column":12},"end":{"line":278,"column":47}},"40":{"start":{"line":287,"column":8},"end":{"line":287,"column":43}},"41":{"start":{"line":288,"column":8},"end":{"line":288,"column":10319}},"42":{"start":{"line":289,"column":12},"end":{"line":289,"column":64}},"43":{"start":{"line":290,"column":12},"end":{"line":290,"column":65}},"44":{"start":{"line":291,"column":12},"end":{"line":291,"column":51}},"45":{"start":{"line":292,"column":12},"end":{"line":292,"column":69}},"46":{"start":{"line":318,"column":12},"end":{"line":318,"column":22}},"47":{"start":{"line":338,"column":8},"end":{"line":338,"column":12006}},"48":{"start":{"line":339,"column":12},"end":{"line":339,"column":12067}},"49":{"start":{"line":340,"column":16},"end":{"line":340,"column":28}},"50":{"start":{"line":343,"column":8},"end":{"line":343,"column":19}},"51":{"start":{"line":360,"column":8},"end":{"line":360,"column":23}},"52":{"start":{"line":368,"column":8},"end":{"line":368,"column":22}},"53":{"start":{"line":376,"column":8},"end":{"line":376,"column":21}},"54":{"start":{"line":388,"column":8},"end":{"line":388,"column":73}},"55":{"start":{"line":400,"column":8},"end":{"line":400,"column":48}},"56":{"start":{"line":401,"column":8},"end":{"line":401,"column":44}},"57":{"start":{"line":402,"column":8},"end":{"line":402,"column":46}},"58":{"start":{"line":411,"column":8},"end":{"line":411,"column":30}},"59":{"start":{"line":420,"column":8},"end":{"line":420,"column":31}},"60":{"start":{"line":427,"column":8},"end":{"line":427,"column":21}},"61":{"start":{"line":435,"column":8},"end":{"line":435,"column":45}},"62":{"start":{"line":443,"column":8},"end":{"line":443,"column":51}}},"branchMap":{"1":{"line":124,"type":"if","locations":[{"start":{"line":124,"column":15},"end":{"line":124,"column":15}},{"start":{"line":124,"column":15},"end":{"line":124,"column":15}}]},"2":{"line":129,"type":"if","locations":[{"start":{"line":129,"column":8},"end":{"line":129,"column":8}},{"start":{"line":129,"column":8},"end":{"line":129,"column":8}}]},"3":{"line":129,"type":"cond-expr","locations":[{"start":{"line":129,"column":12},"end":{"line":129,"column":32}},{"start":{"line":129,"column":37},"end":{"line":129,"column":56}}]},"4":{"line":160,"type":"if","locations":[{"start":{"line":160,"column":15},"end":{"line":160,"column":15}},{"start":{"line":160,"column":15},"end":{"line":160,"column":15}}]},"5":{"line":161,"type":"if","locations":[{"start":{"line":161,"column":8},"end":{"line":161,"column":8}},{"start":{"line":161,"column":8},"end":{"line":161,"column":8}}]},"6":{"line":164,"type":"if","locations":[{"start":{"line":164,"column":8},"end":{"line":164,"column":8}},{"start":{"line":164,"column":8},"end":{"line":164,"column":8}}]},"7":{"line":165,"type":"cond-expr","locations":[{"start":{"line":165,"column":12},"end":{"line":165,"column":70}},{"start":{"line":166,"column":12},"end":{"line":166,"column":43}}]},"8":{"line":190,"type":"if","locations":[{"start":{"line":190,"column":15},"end":{"line":190,"column":15}},{"start":{"line":190,"column":15},"end":{"line":190,"column":15}}]},"9":{"line":191,"type":"if","locations":[{"start":{"line":191,"column":8},"end":{"line":191,"column":8}},{"start":{"line":191,"column":8},"end":{"line":191,"column":8}}]},"10":{"line":192,"type":"cond-expr","locations":[{"start":{"line":192,"column":12},"end":{"line":192,"column":43}},{"start":{"line":193,"column":12},"end":{"line":193,"column":70}}]},"11":{"line":197,"type":"if","locations":[{"start":{"line":197,"column":8},"end":{"line":197,"column":8}},{"start":{"line":197,"column":8},"end":{"line":197,"column":8}}]},"12":{"line":214,"type":"if","locations":[{"start":{"line":214,"column":15},"end":{"line":214,"column":15}},{"start":{"line":214,"column":15},"end":{"line":214,"column":15}}]},"13":{"line":235,"type":"if","locations":[{"start":{"line":235,"column":15},"end":{"line":235,"column":15}},{"start":{"line":235,"column":15},"end":{"line":235,"column":15}}]},"14":{"line":255,"type":"if","locations":[{"start":{"line":255,"column":8},"end":{"line":255,"column":8}},{"start":{"line":255,"column":8},"end":{"line":255,"column":8}}]},"15":{"line":256,"type":"cond-expr","locations":[{"start":{"line":256,"column":12},"end":{"line":256,"column":59}},{"start":{"line":257,"column":12},"end":{"line":257,"column":45}}]},"16":{"line":263,"type":"if","locations":[{"start":{"line":263,"column":12},"end":{"line":263,"column":12}},{"start":{"line":263,"column":12},"end":{"line":263,"column":12}}]},"17":{"line":270,"type":"if","locations":[{"start":{"line":270,"column":16},"end":{"line":270,"column":16}},{"start":{"line":270,"column":16},"end":{"line":270,"column":16}}]},"18":{"line":286,"type":"if","locations":[{"start":{"line":286,"column":53},"end":{"line":286,"column":53}},{"start":{"line":286,"column":53},"end":{"line":286,"column":53}}]},"19":{"line":291,"type":"if","locations":[{"start":{"line":291,"column":12},"end":{"line":291,"column":12}},{"start":{"line":291,"column":12},"end":{"line":291,"column":12}}]},"20":{"line":301,"type":"if","locations":[{"start":{"line":301,"column":54},"end":{"line":301,"column":54}},{"start":{"line":301,"column":54},"end":{"line":301,"column":54}}]},"21":{"line":310,"type":"if","locations":[{"start":{"line":310,"column":52},"end":{"line":310,"column":52}},{"start":{"line":310,"column":52},"end":{"line":310,"column":52}}]},"22":{"line":339,"type":"if","locations":[{"start":{"line":339,"column":12},"end":{"line":339,"column":12}},{"start":{"line":339,"column":12},"end":{"line":339,"column":12}}]},"23":{"line":453,"type":"if","locations":[{"start":{"line":453,"column":24},"end":{"line":453,"column":24}},{"start":{"line":453,"column":24},"end":{"line":453,"column":24}}]}}},
"contracts/H1DevelopedApplication.sol":{"l":{"45":193,"46":1,"48":192,"49":192,"50":192,"55":12,"56":3,"58":9,"59":9,"60":8,"61":8,"62":7,"70":5,"71":4,"72":3,"81":8,"82":8,"91":9,"92":9,"99":33,"100":33,"101":33,"108":1,"115":5,"116":5,"117":2,"119":3},"path":"/Users/devonmartens/Haven1/remake/opt2/Contracts-Hardhat-Tests/Fee-Lib/contracts/H1DevelopedApplication.sol","s":{"1":193,"2":1,"3":12,"4":3,"5":9,"6":9,"7":8,"8":8,"9":5,"10":4,"11":8,"12":9,"13":33,"14":33,"15":33,"16":1,"17":5,"18":5,"19":2,"20":3},"b":{"1":[1,192],"2":[3,9],"3":[8,1],"4":[7,1],"5":[4,1],"6":[3,1],"7":[2,3]},"f":{"1":193,"2":12,"3":5,"4":8,"5":9,"6":33,"7":1,"8":5},"fnMap":{"1":{"name":"constructor","line":40,"loc":{"start":{"line":40,"column":4},"end":{"line":51,"column":4}}},"2":{"name":"devApplicationFee","line":54,"loc":{"start":{"line":54,"column":4},"end":{"line":63,"column":4}}},"3":{"name":"setDevApplicationFee","line":69,"loc":{"start":{"line":69,"column":4},"end":{"line":73,"column":4}}},"4":{"name":"getDeveloperPayment","line":80,"loc":{"start":{"line":80,"column":4},"end":{"line":83,"column":4}}},"5":{"name":"getHavenFee","line":90,"loc":{"start":{"line":90,"column":4},"end":{"line":93,"column":4}}},"6":{"name":"calculateDevFee","line":98,"loc":{"start":{"line":98,"column":4},"end":{"line":102,"column":4}}},"7":{"name":"callFee","line":107,"loc":{"start":{"line":107,"column":4},"end":{"line":109,"column":4}}},"8":{"name":"callMiniumFee","line":114,"loc":{"start":{"line":114,"column":4},"end":{"line":120,"column":4}}}},"statementMap":{"1":{"start":{"line":45,"column":8},"end":{"line":45,"column":1274}},"2":{"start":{"line":46,"column":12},"end":{"line":46,"column":41}},"3":{"start":{"line":55,"column":8},"end":{"line":55,"column":1621}},"4":{"start":{"line":56,"column":12},"end":{"line":56,"column":44}},"5":{"start":{"line":58,"column":8},"end":{"line":58,"column":69}},"6":{"start":{"line":59,"column":8},"end":{"line":59,"column":47}},"7":{"start":{"line":60,"column":8},"end":{"line":60,"column":72}},"8":{"start":{"line":61,"column":8},"end":{"line":61,"column":44}},"9":{"start":{"line":70,"column":8},"end":{"line":70,"column":69}},"10":{"start":{"line":71,"column":8},"end":{"line":71,"column":63}},"11":{"start":{"line":81,"column":8},"end":{"line":81,"column":46}},"12":{"start":{"line":91,"column":8},"end":{"line":91,"column":46}},"13":{"start":{"line":99,"column":8},"end":{"line":99,"column":61}},"14":{"start":{"line":100,"column":8},"end":{"line":100,"column":47}},"15":{"start":{"line":101,"column":8},"end":{"line":101,"column":26}},"16":{"start":{"line":108,"column":8},"end":{"line":108,"column":49}},"17":{"start":{"line":115,"column":8},"end":{"line":115,"column":77}},"18":{"start":{"line":116,"column":8},"end":{"line":116,"column":3768}},"19":{"start":{"line":117,"column":12},"end":{"line":117,"column":37}},"20":{"start":{"line":119,"column":8},"end":{"line":119,"column":36}}},"branchMap":{"1":{"line":45,"type":"if","locations":[{"start":{"line":45,"column":8},"end":{"line":45,"column":8}},{"start":{"line":45,"column":8},"end":{"line":45,"column":8}}]},"2":{"line":55,"type":"if","locations":[{"start":{"line":55,"column":8},"end":{"line":55,"column":8}},{"start":{"line":55,"column":8},"end":{"line":55,"column":8}}]},"3":{"line":59,"type":"if","locations":[{"start":{"line":59,"column":8},"end":{"line":59,"column":8}},{"start":{"line":59,"column":8},"end":{"line":59,"column":8}}]},"4":{"line":61,"type":"if","locations":[{"start":{"line":61,"column":8},"end":{"line":61,"column":8}},{"start":{"line":61,"column":8},"end":{"line":61,"column":8}}]},"5":{"line":70,"type":"if","locations":[{"start":{"line":70,"column":8},"end":{"line":70,"column":8}},{"start":{"line":70,"column":8},"end":{"line":70,"column":8}}]},"6":{"line":71,"type":"if","locations":[{"start":{"line":71,"column":8},"end":{"line":71,"column":8}},{"start":{"line":71,"column":8},"end":{"line":71,"column":8}}]},"7":{"line":116,"type":"if","locations":[{"start":{"line":116,"column":8},"end":{"line":116,"column":8}},{"start":{"line":116,"column":8},"end":{"line":116,"column":8}}]}}},
"contracts/H1NativeApplication.sol":{"l":{"27":7,"28":2,"30":5,"31":5,"32":4,"42":64,"43":1,"45":63,"54":14},"path":"/Users/devonmartens/Haven1/remake/opt2/Contracts-Hardhat-Tests/Fee-Lib/contracts/H1NativeApplication.sol","s":{"1":7,"2":2,"3":5,"4":5,"5":64,"6":1,"7":14},"b":{"1":[2,5],"2":[4,1],"3":[1,63]},"f":{"1":7,"2":64,"3":14},"fnMap":{"1":{"name":"applicationFee","line":26,"loc":{"start":{"line":26,"column":4},"end":{"line":33,"column":4}}},"2":{"name":"constructor","line":41,"loc":{"start":{"line":41,"column":4},"end":{"line":46,"column":4}}},"3":{"name":"callFee","line":53,"loc":{"start":{"line":53,"column":4},"end":{"line":55,"column":4}}}},"statementMap":{"1":{"start":{"line":27,"column":8},"end":{"line":27,"column":656}},"2":{"start":{"line":28,"column":12},"end":{"line":28,"column":44}},"3":{"start":{"line":30,"column":8},"end":{"line":30,"column":65}},"4":{"start":{"line":31,"column":8},"end":{"line":31,"column":47}},"5":{"start":{"line":42,"column":8},"end":{"line":42,"column":1222}},"6":{"start":{"line":43,"column":12},"end":{"line":43,"column":41}},"7":{"start":{"line":54,"column":8},"end":{"line":54,"column":49}}},"branchMap":{"1":{"line":27,"type":"if","locations":[{"start":{"line":27,"column":8},"end":{"line":27,"column":8}},{"start":{"line":27,"column":8},"end":{"line":27,"column":8}}]},"2":{"line":31,"type":"if","locations":[{"start":{"line":31,"column":8},"end":{"line":31,"column":8}},{"start":{"line":31,"column":8},"end":{"line":31,"column":8}}]},"3":{"line":42,"type":"if","locations":[{"start":{"line":42,"column":8},"end":{"line":42,"column":8}},{"start":{"line":42,"column":8},"end":{"line":42,"column":8}}]}}},
"contracts/SimpleStorageWithDevAppFee.sol":{"l":{"18":7,"22":4},"path":"/Users/devonmartens/Haven1/remake/opt2/Contracts-Hardhat-Tests/Fee-Lib/contracts/SimpleStorageWithDevAppFee.sol","s":{"1":4},"b":{"1":[7,5]},"f":{"1":144,"2":7,"3":4},"fnMap":{"1":{"name":"constructor","line":15,"loc":{"start":{"line":11,"column":4},"end":{"line":15,"column":60}}},"2":{"name":"set","line":17,"loc":{"start":{"line":17,"column":4},"end":{"line":19,"column":4}}},"3":{"name":"get","line":21,"loc":{"start":{"line":21,"column":4},"end":{"line":23,"column":4}}}},"statementMap":{"1":{"start":{"line":22,"column":8},"end":{"line":22,"column":25}}},"branchMap":{"1":{"line":17,"type":"if","locations":[{"start":{"line":17,"column":40},"end":{"line":17,"column":40}},{"start":{"line":17,"column":40},"end":{"line":17,"column":40}}]}}},
"contracts/SimpleStorageWithFee.sol":{"l":{"14":4,"18":1},"path":"/Users/devonmartens/Haven1/remake/opt2/Contracts-Hardhat-Tests/Fee-Lib/contracts/SimpleStorageWithFee.sol","s":{"1":1},"b":{"1":[4,3]},"f":{"1":42,"2":4,"3":1},"fnMap":{"1":{"name":"constructor","line":11,"loc":{"start":{"line":11,"column":4},"end":{"line":11,"column":73}}},"2":{"name":"set","line":13,"loc":{"start":{"line":13,"column":4},"end":{"line":15,"column":4}}},"3":{"name":"get","line":17,"loc":{"start":{"line":17,"column":4},"end":{"line":19,"column":4}}}},"statementMap":{"1":{"start":{"line":18,"column":8},"end":{"line":18,"column":25}}},"branchMap":{"1":{"line":13,"type":"if","locations":[{"start":{"line":13,"column":40},"end":{"line":13,"column":40}},{"start":{"line":13,"column":40},"end":{"line":13,"column":40}}]}}},
"contracts/ValidatorRewards.sol":{"l":{"89":1041,"90":1041,"91":1041,"92":1041,"93":1041,"94":1647,"95":1647,"96":1647,"115":5,"119":4,"120":3,"121":3,"122":3,"123":3,"136":2,"140":1,"141":1,"142":1,"143":1,"144":1,"145":1,"157":4,"158":3,"159":2,"161":1,"162":1,"163":1,"164":1,"176":3,"177":2,"178":1,"180":2,"181":2,"182":2,"183":2,"184":2,"191":4,"198":28,"206":7,"214":33,"222":4,"230":27,"231":27,"241":2,"242":1,"244":1,"245":1,"246":1,"249":1,"250":1,"259":4,"260":12,"261":12,"262":12,"263":12,"265":12,"268":12,"269":12,"282":7,"283":14,"284":5,"287":2,"312":27},"path":"/Users/devonmartens/Haven1/remake/opt2/Contracts-Hardhat-Tests/Fee-Lib/contracts/ValidatorRewards.sol","s":{"1":1041,"2":1041,"3":1041,"4":1041,"5":1041,"6":1647,"7":5,"8":4,"9":3,"10":2,"11":1,"12":1,"13":1,"14":4,"15":3,"16":2,"17":1,"18":1,"19":3,"20":2,"21":2,"22":2,"23":2,"24":4,"25":28,"26":7,"27":33,"28":4,"29":27,"30":27,"31":2,"32":1,"33":1,"34":1,"35":4,"36":12,"37":12,"38":12,"39":12,"40":7,"41":14,"42":5,"43":2,"44":27},"b":{"1":[1041,1],"2":[5,1],"3":[4,1],"4":[3,1],"5":[2,1],"6":[1,1],"7":[4,1],"8":[3,1],"9":[2,1],"10":[1,1],"11":[3,1],"12":[2,1],"13":[1,1],"14":[5,9],"15":[1,1]},"f":{"1":1041,"2":5,"3":2,"4":4,"5":3,"6":4,"7":28,"8":7,"9":33,"10":4,"11":27,"12":2,"13":4,"14":7,"15":1,"16":27},"fnMap":{"1":{"name":"initialize","line":88,"loc":{"start":{"line":83,"column":4},"end":{"line":98,"column":4}}},"2":{"name":"adjustValidatorShares","line":114,"loc":{"start":{"line":111,"column":4},"end":{"line":124,"column":4}}},"3":{"name":"adjustValidatorAddress","line":135,"loc":{"start":{"line":132,"column":4},"end":{"line":146,"column":4}}},"4":{"name":"addValidator","line":156,"loc":{"start":{"line":153,"column":4},"end":{"line":165,"column":4}}},"5":{"name":"removeValidator","line":175,"loc":{"start":{"line":172,"column":4},"end":{"line":185,"column":4}}},"6":{"name":"totalShares","line":190,"loc":{"start":{"line":190,"column":4},"end":{"line":192,"column":4}}},"7":{"name":"totalH1Issued","line":197,"loc":{"start":{"line":197,"column":4},"end":{"line":199,"column":4}}},"8":{"name":"shares","line":205,"loc":{"start":{"line":205,"column":4},"end":{"line":207,"column":4}}},"9":{"name":"dispersed","line":213,"loc":{"start":{"line":213,"column":4},"end":{"line":215,"column":4}}},"10":{"name":"validators","line":221,"loc":{"start":{"line":221,"column":4},"end":{"line":223,"column":4}}},"11":{"name":"releasable","line":229,"loc":{"start":{"line":229,"column":4},"end":{"line":232,"column":4}}},"12":{"name":"disperseSinglePaymentToValidator","line":240,"loc":{"start":{"line":240,"column":4},"end":{"line":251,"column":4}}},"13":{"name":"disperseAllPaymentsToValidators","line":258,"loc":{"start":{"line":258,"column":4},"end":{"line":271,"column":4}}},"14":{"name":"isTheAddressInTheValidatorsArray","line":279,"loc":{"start":{"line":279,"column":4},"end":{"line":288,"column":4}}},"15":{"name":"_authorizeUpgrade","line":297,"loc":{"start":{"line":295,"column":4},"end":{"line":297,"column":54}}},"16":{"name":"_pendingPayment","line":307,"loc":{"start":{"line":307,"column":4},"end":{"line":314,"column":4}}}},"statementMap":{"1":{"start":{"line":89,"column":8},"end":{"line":89,"column":54}},"2":{"start":{"line":90,"column":8},"end":{"line":90,"column":49}},"3":{"start":{"line":91,"column":8},"end":{"line":91,"column":29}},"4":{"start":{"line":92,"column":8},"end":{"line":92,"column":31}},"5":{"start":{"line":93,"column":8},"end":{"line":93,"column":3316}},"6":{"start":{"line":94,"column":12},"end":{"line":94,"column":57}},"7":{"start":{"line":115,"column":8},"end":{"line":115,"column":4019}},"8":{"start":{"line":119,"column":8},"end":{"line":119,"column":61}},"9":{"start":{"line":123,"column":8},"end":{"line":123,"column":44}},"10":{"start":{"line":136,"column":8},"end":{"line":136,"column":4744}},"11":{"start":{"line":140,"column":8},"end":{"line":140,"column":63}},"12":{"start":{"line":141,"column":8},"end":{"line":141,"column":57}},"13":{"start":{"line":145,"column":8},"end":{"line":145,"column":73}},"14":{"start":{"line":157,"column":8},"end":{"line":157,"column":77}},"15":{"start":{"line":158,"column":8},"end":{"line":158,"column":61}},"16":{"start":{"line":159,"column":8},"end":{"line":159,"column":73}},"17":{"start":{"line":161,"column":8},"end":{"line":161,"column":43}},"18":{"start":{"line":164,"column":8},"end":{"line":164,"column":44}},"19":{"start":{"line":176,"column":8},"end":{"line":176,"column":60}},"20":{"start":{"line":177,"column":8},"end":{"line":177,"column":6358}},"21":{"start":{"line":180,"column":8},"end":{"line":180,"column":35}},"22":{"start":{"line":181,"column":8},"end":{"line":181,"column":41}},"23":{"start":{"line":184,"column":8},"end":{"line":184,"column":60}},"24":{"start":{"line":191,"column":8},"end":{"line":191,"column":27}},"25":{"start":{"line":198,"column":8},"end":{"line":198,"column":41}},"26":{"start":{"line":206,"column":8},"end":{"line":206,"column":31}},"27":{"start":{"line":214,"column":8},"end":{"line":214,"column":34}},"28":{"start":{"line":222,"column":8},"end":{"line":222,"column":44}},"29":{"start":{"line":230,"column":8},"end":{"line":230,"column":71}},"30":{"start":{"line":231,"column":8},"end":{"line":231,"column":74}},"31":{"start":{"line":241,"column":8},"end":{"line":241,"column":66}},"32":{"start":{"line":242,"column":8},"end":{"line":242,"column":45}},"33":{"start":{"line":249,"column":8},"end":{"line":249,"column":42}},"34":{"start":{"line":250,"column":8},"end":{"line":250,"column":46}},"35":{"start":{"line":259,"column":8},"end":{"line":259,"column":9445}},"36":{"start":{"line":260,"column":12},"end":{"line":260,"column":67}},"37":{"start":{"line":265,"column":12},"end":{"line":265,"column":9741}},"38":{"start":{"line":268,"column":12},"end":{"line":268,"column":46}},"39":{"start":{"line":269,"column":12},"end":{"line":269,"column":68}},"40":{"start":{"line":282,"column":8},"end":{"line":282,"column":10384}},"41":{"start":{"line":283,"column":12},"end":{"line":283,"column":10459}},"42":{"start":{"line":284,"column":16},"end":{"line":284,"column":28}},"43":{"start":{"line":287,"column":8},"end":{"line":287,"column":19}},"44":{"start":{"line":312,"column":8},"end":{"line":312,"column":11579}}},"branchMap":{"1":{"line":88,"type":"if","locations":[{"start":{"line":88,"column":15},"end":{"line":88,"column":15}},{"start":{"line":88,"column":15},"end":{"line":88,"column":15}}]},"2":{"line":114,"type":"if","locations":[{"start":{"line":114,"column":15},"end":{"line":114,"column":15}},{"start":{"line":114,"column":15},"end":{"line":114,"column":15}}]},"3":{"line":115,"type":"if","locations":[{"start":{"line":115,"column":8},"end":{"line":115,"column":8}},{"start":{"line":115,"column":8},"end":{"line":115,"column":8}}]},"4":{"line":119,"type":"if","locations":[{"start":{"line":119,"column":8},"end":{"line":119,"column":8}},{"start":{"line":119,"column":8},"end":{"line":119,"column":8}}]},"5":{"line":135,"type":"if","locations":[{"start":{"line":135,"column":15},"end":{"line":135,"column":15}},{"start":{"line":135,"column":15},"end":{"line":135,"column":15}}]},"6":{"line":136,"type":"if","locations":[{"start":{"line":136,"column":8},"end":{"line":136,"column":8}},{"start":{"line":136,"column":8},"end":{"line":136,"column":8}}]},"7":{"line":156,"type":"if","locations":[{"start":{"line":156,"column":15},"end":{"line":156,"column":15}},{"start":{"line":156,"column":15},"end":{"line":156,"column":15}}]},"8":{"line":157,"type":"if","locations":[{"start":{"line":157,"column":8},"end":{"line":157,"column":8}},{"start":{"line":157,"column":8},"end":{"line":157,"column":8}}]},"9":{"line":158,"type":"if","locations":[{"start":{"line":158,"column":8},"end":{"line":158,"column":8}},{"start":{"line":158,"column":8},"end":{"line":158,"column":8}}]},"10":{"line":159,"type":"if","locations":[{"start":{"line":159,"column":8},"end":{"line":159,"column":8}},{"start":{"line":159,"column":8},"end":{"line":159,"column":8}}]},"11":{"line":175,"type":"if","locations":[{"start":{"line":175,"column":15},"end":{"line":175,"column":15}},{"start":{"line":175,"column":15},"end":{"line":175,"column":15}}]},"12":{"line":176,"type":"if","locations":[{"start":{"line":176,"column":8},"end":{"line":176,"column":8}},{"start":{"line":176,"column":8},"end":{"line":176,"column":8}}]},"13":{"line":241,"type":"if","locations":[{"start":{"line":241,"column":8},"end":{"line":241,"column":8}},{"start":{"line":241,"column":8},"end":{"line":241,"column":8}}]},"14":{"line":283,"type":"if","locations":[{"start":{"line":283,"column":12},"end":{"line":283,"column":12}},{"start":{"line":283,"column":12},"end":{"line":283,"column":12}}]},"15":{"line":297,"type":"if","locations":[{"start":{"line":297,"column":24},"end":{"line":297,"column":24}},{"start":{"line":297,"column":24},"end":{"line":297,"column":24}}]}}}}
