TN:
SF:/Users/devonmartens/Haven1/remake/opt2/Contracts-Hardhat-Tests/Fee-Lib/contracts/DUMMY2DONOTDEPLOY.sol
FN:63,constructor
FN:92,setAgainFee
FN:107,plusChannel
FN:135,moveChannel
FN:159,newEpoch
FN:172,grabFee
FN:203,pressureFee
FN:220,newOracle
FN:229,isOriginalAddress
FN:242,getNextResetTime
FN:250,getChannels
FN:258,getWieghts
FN:266,getOracleAddress
FN:275,amountPaidToUponNextDistribution
FN:286,getChannelWeightByIndex
FN:298,getTotalContractShares
FN:306,getLastDistributionBlock
FN:314,queryOracle
FN:322,_refreshOracle
FNF:19
FNH:3
FNDA:51,constructor
FNDA:2,setAgainFee
FNDA:0,plusChannel
FNDA:0,moveChannel
FNDA:0,newEpoch
FNDA:0,grabFee
FNDA:0,pressureFee
FNDA:0,newOracle
FNDA:0,isOriginalAddress
FNDA:0,getNextResetTime
FNDA:0,getChannels
FNDA:0,getWieghts
FNDA:0,getOracleAddress
FNDA:0,amountPaidToUponNextDistribution
FNDA:0,getChannelWeightByIndex
FNDA:0,getTotalContractShares
FNDA:0,getLastDistributionBlock
FNDA:2,queryOracle
FNDA:0,_refreshOracle
DA:70,51
DA:71,0
DA:73,51
DA:74,51
DA:75,51
DA:76,51
DA:77,51
DA:78,51
DA:79,51
DA:80,153
DA:81,153
DA:82,153
DA:93,2
DA:94,2
DA:95,2
DA:97,0
DA:111,0
DA:112,0
DA:114,0
DA:118,0
DA:120,0
DA:121,0
DA:122,0
DA:140,0
DA:144,0
DA:146,0
DA:147,0
DA:149,0
DA:150,0
DA:151,0
DA:152,0
DA:162,0
DA:173,0
DA:177,0
DA:178,0
DA:181,0
DA:183,0
DA:185,0
DA:186,0
DA:187,0
DA:188,0
DA:190,0
DA:192,0
DA:193,0
DA:195,0
DA:204,0
DA:205,0
DA:206,0
DA:207,0
DA:208,0
DA:209,0
DA:211,0
DA:212,0
DA:221,0
DA:230,0
DA:231,0
DA:232,0
DA:235,0
DA:243,0
DA:251,0
DA:259,0
DA:267,0
DA:278,0
DA:289,0
DA:290,0
DA:291,0
DA:299,0
DA:307,0
DA:315,2
DA:323,0
LF:70
LH:15
BRDA:70,1,0,0
BRDA:70,1,1,51
BRDA:70,2,0,0
BRDA:70,2,1,0
BRDA:93,3,0,2
BRDA:93,3,1,0
BRDA:93,4,0,0
BRDA:93,4,1,2
BRDA:111,5,0,0
BRDA:111,5,1,0
BRDA:114,6,0,0
BRDA:114,6,1,0
BRDA:115,7,0,0
BRDA:115,7,1,0
BRDA:140,8,0,0
BRDA:140,8,1,0
BRDA:141,9,0,0
BRDA:141,9,1,0
BRDA:146,10,0,0
BRDA:146,10,1,0
BRDA:173,11,0,0
BRDA:173,11,1,0
BRDA:174,12,0,0
BRDA:174,12,1,0
BRDA:181,13,0,0
BRDA:181,13,1,0
BRDA:188,14,0,0
BRDA:188,14,1,0
BRDA:208,15,0,0
BRDA:208,15,1,0
BRDA:231,16,0,0
BRDA:231,16,1,0
BRF:32
BRH:3
end_of_record
TN:
SF:/Users/devonmartens/Haven1/remake/opt2/Contracts-Hardhat-Tests/Fee-Lib/contracts/DUMMYDONOTDEPLOY.sol
FN:25,setRequiredReset
FN:31,setPriceAverage
FN:35,consult
FN:39,refreshOracle
FN:44,viewJustKeepAdding
FNF:5
FNH:5
FNDA:2,setRequiredReset
FNDA:7,setPriceAverage
FNDA:29,consult
FNDA:5,refreshOracle
FNDA:1,viewJustKeepAdding
DA:26,2
DA:32,7
DA:36,29
DA:40,5
DA:41,5
DA:45,1
LF:6
LH:6
BRF:0
BRH:0
end_of_record
TN:
SF:/Users/devonmartens/Haven1/remake/opt2/Contracts-Hardhat-Tests/Fee-Lib/contracts/Errors.sol
FNF:0
FNH:0
LF:0
LH:0
BRF:0
BRH:0
end_of_record
TN:
SF:/Users/devonmartens/Haven1/remake/opt2/Contracts-Hardhat-Tests/Fee-Lib/contracts/FeeContract.sol
FN:76,initialize
FN:106,resetFee
FN:124,addChannel
FN:153,adjustChannel
FN:175,setEpoch
FN:186,collectFee
FN:217,forceFee
FN:233,setOracle
FN:242,isOriginalAddress
FN:255,getNextResetTime
FN:263,getChannels
FN:271,getWieghts
FN:279,getOracleAddress
FN:288,amountPaidToUponNextDistribution
FN:299,getChannelWeightByIndex
FN:311,getTotalContractShares
FN:319,getLastDistributionBlock
FN:327,queryOracle
FN:335,_refreshOracle
FN:346,_authorizeUpgrade
FNF:20
FNH:20
FNDA:359,initialize
FNDA:14,resetFee
FNDA:4,addChannel
FNDA:4,adjustChannel
FNDA:1,setEpoch
FNDA:9,collectFee
FNDA:3,forceFee
FNDA:1,setOracle
FNDA:8,isOriginalAddress
FNDA:2,getNextResetTime
FNDA:1,getChannels
FNDA:1,getWieghts
FNDA:3,getOracleAddress
FNDA:2,amountPaidToUponNextDistribution
FNDA:2,getChannelWeightByIndex
FNDA:3,getTotalContractShares
FNDA:5,getLastDistributionBlock
FNDA:26,queryOracle
FNDA:5,_refreshOracle
FNDA:1,_authorizeUpgrade
DA:77,359
DA:78,359
DA:79,359
DA:80,359
DA:81,359
DA:82,2
DA:84,357
DA:85,357
DA:86,357
DA:87,357
DA:88,357
DA:89,921
DA:90,921
DA:91,921
DA:107,14
DA:108,13
DA:109,13
DA:111,1
DA:125,4
DA:126,1
DA:128,3
DA:132,2
DA:134,1
DA:135,1
DA:136,1
DA:154,4
DA:158,2
DA:160,2
DA:161,1
DA:163,1
DA:164,1
DA:165,1
DA:166,1
DA:176,1
DA:187,9
DA:191,7
DA:192,7
DA:195,7
DA:197,6
DA:199,6
DA:200,12
DA:201,12
DA:202,12
DA:204,11
DA:206,5
DA:207,5
DA:209,2
DA:218,3
DA:219,3
DA:220,5
DA:221,5
DA:222,5
DA:223,4
DA:225,2
DA:234,1
DA:243,8
DA:244,24
DA:245,3
DA:248,5
DA:256,2
DA:264,1
DA:272,1
DA:280,3
DA:291,2
DA:302,2
DA:303,2
DA:304,2
DA:312,3
DA:320,5
DA:328,26
DA:336,5
LF:71
LH:71
BRDA:76,1,0,359
BRDA:76,1,1,1
BRDA:81,2,0,2
BRDA:81,2,1,357
BRDA:81,3,0,1
BRDA:81,3,1,1
BRDA:107,4,0,13
BRDA:107,4,1,1
BRDA:107,5,0,2
BRDA:107,5,1,11
BRDA:124,6,0,4
BRDA:124,6,1,1
BRDA:125,7,0,1
BRDA:125,7,1,3
BRDA:128,8,0,2
BRDA:128,8,1,1
BRDA:129,9,0,1
BRDA:129,9,1,1
BRDA:153,10,0,4
BRDA:153,10,1,1
BRDA:154,11,0,2
BRDA:154,11,1,2
BRDA:155,12,0,1
BRDA:155,12,1,1
BRDA:160,13,0,1
BRDA:160,13,1,1
BRDA:175,14,0,1
BRDA:175,14,1,1
BRDA:187,15,0,7
BRDA:187,15,1,2
BRDA:188,16,0,3
BRDA:188,16,1,4
BRDA:195,17,0,6
BRDA:195,17,1,1
BRDA:202,18,0,11
BRDA:202,18,1,1
BRDA:217,19,0,3
BRDA:217,19,1,1
BRDA:222,20,0,4
BRDA:222,20,1,1
BRDA:233,21,0,1
BRDA:233,21,1,1
BRDA:244,22,0,3
BRDA:244,22,1,21
BRDA:346,23,0,1
BRDA:346,23,1,1
BRF:46
BRH:46
end_of_record
TN:
SF:/Users/devonmartens/Haven1/remake/opt2/Contracts-Hardhat-Tests/Fee-Lib/contracts/FeeQuery.sol
FN:27,getMinFee
FN:35,getFee
FNF:2
FNH:1
FNDA:0,getMinFee
FNDA:45,getFee
DA:28,0
DA:36,45
DA:37,2
DA:39,43
LF:4
LH:3
BRDA:36,1,0,2
BRDA:36,1,1,43
BRF:2
BRH:2
end_of_record
TN:
SF:/Users/devonmartens/Haven1/remake/opt2/Contracts-Hardhat-Tests/Fee-Lib/contracts/H1DevelopedApplication.sol
FN:30,constructor
FN:42,devApplicationFee
FN:53,setDevApplicationFee
FN:63,getDeveloperFee
FN:73,getHavenFee
FN:80,calculateDevFee
FN:86,callFee
FN:91,callMiniumFee
FNF:8
FNH:6
FNDA:121,constructor
FNDA:10,devApplicationFee
FNDA:0,setDevApplicationFee
FNDA:7,getDeveloperFee
FNDA:8,getHavenFee
FNDA:27,calculateDevFee
FNDA:28,callFee
FNDA:0,callMiniumFee
DA:32,121
DA:33,1
DA:35,120
DA:36,120
DA:37,120
DA:43,10
DA:44,2
DA:46,8
DA:47,8
DA:48,7
DA:49,7
DA:50,6
DA:54,0
DA:55,0
DA:56,0
DA:64,7
DA:65,7
DA:74,8
DA:75,8
DA:81,27
DA:82,27
DA:87,28
DA:88,28
DA:93,0
DA:94,0
LF:25
LH:20
BRDA:32,1,0,1
BRDA:32,1,1,120
BRDA:43,2,0,2
BRDA:43,2,1,8
BRDA:47,3,0,7
BRDA:47,3,1,1
BRDA:49,4,0,6
BRDA:49,4,1,1
BRDA:54,5,0,0
BRDA:54,5,1,0
BRDA:55,6,0,0
BRDA:55,6,1,0
BRF:12
BRH:8
end_of_record
TN:
SF:/Users/devonmartens/Haven1/remake/opt2/Contracts-Hardhat-Tests/Fee-Lib/contracts/H1NativeApplication.sol
FN:18,applicationFee
FN:33,constructor
FN:47,callFee
FNF:3
FNH:3
FNDA:6,applicationFee
FNDA:64,constructor
FNDA:13,callFee
DA:19,6
DA:20,1
DA:22,5
DA:23,5
DA:24,4
DA:34,64
DA:35,1
DA:37,63
DA:38,63
DA:39,63
DA:48,13
LF:11
LH:11
BRDA:19,1,0,1
BRDA:19,1,1,5
BRDA:23,2,0,4
BRDA:23,2,1,1
BRDA:34,3,0,1
BRDA:34,3,1,63
BRF:6
BRH:6
end_of_record
TN:
SF:/Users/devonmartens/Haven1/remake/opt2/Contracts-Hardhat-Tests/Fee-Lib/contracts/SimpleStorageWithDevAppFee.sol
FN:14,constructor
FN:16,set
FN:22,get
FNF:3
FNH:3
FNDA:90,constructor
FNDA:6,set
FNDA:3,get
DA:18,6
DA:23,3
LF:2
LH:2
BRDA:16,1,0,6
BRDA:16,1,1,4
BRF:2
BRH:2
end_of_record
TN:
SF:/Users/devonmartens/Haven1/remake/opt2/Contracts-Hardhat-Tests/Fee-Lib/contracts/SimpleStorageWithFee.sol
FN:11,constructor
FN:13,set
FN:17,get
FNF:3
FNH:3
FNDA:42,constructor
FNDA:4,set
FNDA:1,get
DA:14,4
DA:18,1
LF:2
LH:2
BRDA:13,1,0,4
BRDA:13,1,1,2
BRF:2
BRH:2
end_of_record
TN:
SF:/Users/devonmartens/Haven1/remake/opt2/Contracts-Hardhat-Tests/Fee-Lib/contracts/ValidatorRewards.sol
FN:77,initialize
FN:103,adjustValidatorShares
FN:121,adjustValidatorAddress
FN:142,addValidator
FN:156,totalShares
FN:163,totalReleased
FN:171,shares
FN:179,released
FN:187,validators
FN:195,releasable
FN:206,release
FN:224,releaseAll
FN:245,isOriginalAddress
FN:261,_authorizeUpgrade
FN:271,_pendingPayment
FNF:15
FNH:15
FNDA:738,initialize
FNDA:5,adjustValidatorShares
FNDA:2,adjustValidatorAddress
FNDA:4,addValidator
FNDA:3,totalShares
FNDA:24,totalReleased
FNDA:7,shares
FNDA:29,released
FNDA:2,validators
FNDA:23,releasable
FNDA:2,release
FNDA:4,releaseAll
FNDA:7,isOriginalAddress
FNDA:1,_authorizeUpgrade
FNDA:23,_pendingPayment
DA:78,738
DA:79,738
DA:80,738
DA:81,738
DA:82,738
DA:83,1212
DA:84,1212
DA:85,1212
DA:104,5
DA:105,4
DA:106,3
DA:107,3
DA:108,3
DA:109,3
DA:122,2
DA:126,1
DA:127,1
DA:128,1
DA:129,1
DA:130,1
DA:131,1
DA:143,4
DA:144,3
DA:145,2
DA:147,1
DA:148,1
DA:149,1
DA:150,1
DA:157,3
DA:164,24
DA:172,7
DA:180,29
DA:188,2
DA:196,23
DA:197,23
DA:207,2
DA:208,1
DA:210,1
DA:211,1
DA:212,1
DA:215,1
DA:216,1
DA:225,4
DA:226,12
DA:227,12
DA:228,12
DA:229,12
DA:231,12
DA:234,12
DA:235,12
DA:246,7
DA:247,14
DA:248,5
DA:251,2
DA:276,23
LF:55
LH:55
BRDA:77,1,0,738
BRDA:77,1,1,1
BRDA:103,2,0,5
BRDA:103,2,1,1
BRDA:104,3,0,4
BRDA:104,3,1,1
BRDA:105,4,0,3
BRDA:105,4,1,1
BRDA:121,5,0,2
BRDA:121,5,1,1
BRDA:122,6,0,1
BRDA:122,6,1,1
BRDA:142,7,0,4
BRDA:142,7,1,1
BRDA:143,8,0,3
BRDA:143,8,1,1
BRDA:144,9,0,2
BRDA:144,9,1,1
BRDA:145,10,0,1
BRDA:145,10,1,1
BRDA:207,11,0,1
BRDA:207,11,1,1
BRDA:247,12,0,5
BRDA:247,12,1,9
BRDA:261,13,0,1
BRDA:261,13,1,1
BRF:26
BRH:26
end_of_record
