TN:
SF:/Users/devonmartens/Haven1/remake/opt2/Contracts-Hardhat-Tests/Fee-Lib/contracts/DUMMYDONOTDEPLOY.sol
FN:30,setRequiredReset
FN:36,setPriceAverage
FN:40,consult
FN:44,refreshOracle
FN:49,viewJustKeepAdding
FNF:5
FNH:5
FNDA:2,setRequiredReset
FNDA:6,setPriceAverage
FNDA:26,consult
FNDA:9,refreshOracle
FNDA:2,viewJustKeepAdding
DA:31,2
DA:37,6
DA:41,26
DA:45,9
DA:46,9
DA:50,2
LF:6
LH:6
BRF:0
BRH:0
end_of_record
TN:
SF:/Users/devonmartens/Haven1/remake/opt2/Contracts-Hardhat-Tests/Fee-Lib/contracts/Errors.sol
FNF:0
FNH:0
LF:0
LH:0
BRF:0
BRH:0
end_of_record
TN:
SF:/Users/devonmartens/Haven1/remake/opt2/Contracts-Hardhat-Tests/Fee-Lib/contracts/FeeContract.sol
FN:68,initialize
FN:108,resetFee
FN:125,addChannel
FN:150,adjustChannel
FN:168,setEpoch
FN:179,collectFee
FN:206,forceFee
FN:223,setOracle
FN:232,isOriginalAddress
FN:245,getNextResetTime
FN:253,getChannels
FN:261,getWieghts
FN:270,amountPaidToUponNextDistribution
FN:279,getChannelWeightByIndex
FN:289,getTotalContractShares
FN:297,getLastDistributionBlock
FN:305,queryOracle
FN:313,_refreshOracle
FNF:18
FNH:18
FNDA:706,initialize
FNDA:14,resetFee
FNDA:3,addChannel
FNDA:4,adjustChannel
FNDA:1,setEpoch
FNDA:8,collectFee
FNDA:3,forceFee
FNDA:1,setOracle
FNDA:9,isOriginalAddress
FNDA:2,getNextResetTime
FNDA:1,getChannels
FNDA:1,getWieghts
FNDA:4,amountPaidToUponNextDistribution
FNDA:2,getChannelWeightByIndex
FNDA:3,getTotalContractShares
FNDA:5,getLastDistributionBlock
FNDA:25,queryOracle
FNDA:9,_refreshOracle
DA:70,706
DA:71,706
DA:75,706
DA:79,706
DA:83,706
DA:84,1
DA:86,705
DA:87,705
DA:88,705
DA:89,705
DA:90,705
DA:91,2325
DA:92,2325
DA:93,2325
DA:109,14
DA:110,13
DA:111,13
DA:113,1
DA:126,3
DA:127,1
DA:129,2
DA:130,1
DA:132,1
DA:133,1
DA:134,1
DA:151,4
DA:152,2
DA:154,2
DA:155,1
DA:157,1
DA:158,1
DA:159,1
DA:160,1
DA:169,1
DA:180,8
DA:181,6
DA:182,6
DA:183,6
DA:185,6
DA:187,6
DA:188,18
DA:189,18
DA:190,18
DA:192,18
DA:194,6
DA:195,6
DA:198,2
DA:207,3
DA:208,3
DA:209,9
DA:210,9
DA:211,9
DA:212,9
DA:214,3
DA:215,3
DA:224,1
DA:233,9
DA:234,28
DA:235,4
DA:238,5
DA:246,2
DA:254,1
DA:262,1
DA:271,4
DA:280,2
DA:281,2
DA:282,2
DA:290,3
DA:298,5
DA:306,25
DA:314,9
LF:71
LH:71
BRDA:68,1,0,706
BRDA:68,1,1,0
BRDA:83,2,0,1
BRDA:83,2,1,705
BRDA:83,3,0,1
BRDA:83,3,1,0
BRDA:109,4,0,13
BRDA:109,4,1,1
BRDA:109,5,0,2
BRDA:109,5,1,11
BRDA:125,6,0,3
BRDA:125,6,1,0
BRDA:126,7,0,1
BRDA:126,7,1,2
BRDA:129,8,0,1
BRDA:129,8,1,1
BRDA:129,9,0,1
BRDA:129,9,1,0
BRDA:150,10,0,4
BRDA:150,10,1,0
BRDA:151,11,0,2
BRDA:151,11,1,2
BRDA:151,12,0,1
BRDA:151,12,1,1
BRDA:154,13,0,1
BRDA:154,13,1,1
BRDA:168,14,0,1
BRDA:168,14,1,0
BRDA:180,15,0,6
BRDA:180,15,1,2
BRDA:180,16,0,4
BRDA:180,16,1,2
BRDA:183,17,0,6
BRDA:183,17,1,0
BRDA:190,18,0,18
BRDA:190,18,1,0
BRDA:206,19,0,3
BRDA:206,19,1,0
BRDA:211,20,0,9
BRDA:211,20,1,0
BRDA:223,21,0,1
BRDA:223,21,1,0
BRDA:234,22,0,4
BRDA:234,22,1,24
BRF:44
BRH:33
end_of_record
TN:
SF:/Users/devonmartens/Haven1/remake/opt2/Contracts-Hardhat-Tests/Fee-Lib/contracts/FeeQuery.sol
FN:26,getFee
FNF:1
FNH:1
FNDA:36,getFee
DA:27,36
DA:28,1
DA:31,36
LF:3
LH:3
BRDA:27,1,0,1
BRDA:27,1,1,36
BRF:2
BRH:2
end_of_record
TN:
SF:/Users/devonmartens/Haven1/remake/opt2/Contracts-Hardhat-Tests/Fee-Lib/contracts/FeeQueryDummyContract.sol
FNF:0
FNH:0
LF:0
LH:0
BRF:0
BRH:0
end_of_record
TN:
SF:/Users/devonmartens/Haven1/remake/opt2/Contracts-Hardhat-Tests/Fee-Lib/contracts/H1DevelopedApplication.sol
FN:20,devApplicationFee
FN:40,constructor
FN:55,getDeveloperFee
FN:65,getHavenFee
FN:71,callFee
FNF:5
FNH:5
FNDA:6,devApplicationFee
FNDA:85,constructor
FNDA:4,getDeveloperFee
FNDA:4,getHavenFee
FNDA:17,callFee
DA:21,6
DA:22,2
DA:24,4
DA:25,4
DA:28,4
DA:29,4
DA:30,4
DA:44,85
DA:45,1
DA:47,84
DA:48,84
DA:56,4
DA:57,4
DA:66,4
DA:67,4
DA:72,17
DA:73,17
LF:17
LH:17
BRDA:21,1,0,2
BRDA:21,1,1,4
BRDA:44,2,0,1
BRDA:44,2,1,84
BRF:4
BRH:4
end_of_record
TN:
SF:/Users/devonmartens/Haven1/remake/opt2/Contracts-Hardhat-Tests/Fee-Lib/contracts/H1NativeApplication.sol
FN:19,applicationFee
FN:34,constructor
FN:48,callFee
FNF:3
FNH:3
FNDA:11,applicationFee
FNDA:94,constructor
FNDA:16,callFee
DA:20,11
DA:21,4
DA:23,7
DA:26,7
DA:35,94
DA:36,1
DA:38,93
DA:39,93
DA:40,93
DA:49,16
DA:50,16
LF:11
LH:11
BRDA:20,1,0,4
BRDA:20,1,1,7
BRDA:35,2,0,1
BRDA:35,2,1,93
BRF:4
BRH:4
end_of_record
TN:
SF:/Users/devonmartens/Haven1/remake/opt2/Contracts-Hardhat-Tests/Fee-Lib/contracts/SimpleStorageWithDevAppFee.sol
FN:11,constructor
FN:15,set
FN:19,get
FNF:3
FNH:3
FNDA:42,constructor
FNDA:4,set
FNDA:1,get
DA:16,4
DA:20,1
LF:2
LH:2
BRDA:15,1,0,4
BRDA:15,1,1,2
BRF:2
BRH:2
end_of_record
TN:
SF:/Users/devonmartens/Haven1/remake/opt2/Contracts-Hardhat-Tests/Fee-Lib/contracts/SimpleStorageWithFee.sol
FN:11,constructor
FN:15,set
FN:19,get
FNF:3
FNH:3
FNDA:45,constructor
FNDA:7,set
FNDA:1,get
DA:16,7
DA:20,1
LF:2
LH:2
BRDA:15,1,0,7
BRDA:15,1,1,4
BRF:2
BRH:2
end_of_record
TN:
SF:/Users/devonmartens/Haven1/remake/opt2/Contracts-Hardhat-Tests/Fee-Lib/contracts/ValidatorRewards.sol
FN:86,initialize
FN:110,adjustValidatorShares
FN:128,adjustValidatorAddress
FN:146,addValidator
FN:161,totalShares
FN:168,totalReleased
FN:177,shares
FN:186,released
FN:195,validators
FN:203,releasable
FN:214,release
FN:232,releaseAll
FN:254,isOriginalAddress
FN:270,_pendingPayment
FNF:14
FNH:14
FNDA:444,initialize
FNDA:3,adjustValidatorShares
FNDA:2,adjustValidatorAddress
FNDA:1,addValidator
FNDA:3,totalShares
FNDA:26,totalReleased
FNDA:6,shares
FNDA:31,released
FNDA:2,validators
FNDA:25,releasable
FNDA:1,release
FNDA:4,releaseAll
FNDA:3,isOriginalAddress
FNDA:25,_pendingPayment
DA:88,444
DA:89,444
DA:90,444
DA:91,1314
DA:92,1314
DA:93,1314
DA:111,3
DA:112,2
DA:113,1
DA:114,1
DA:115,1
DA:116,1
DA:129,2
DA:133,2
DA:134,2
DA:135,2
DA:136,2
DA:137,2
DA:138,2
DA:147,1
DA:148,1
DA:149,1
DA:152,1
DA:153,1
DA:154,1
DA:155,1
DA:162,3
DA:169,26
DA:178,6
DA:187,31
DA:196,2
DA:204,25
DA:205,25
DA:215,1
DA:216,1
DA:218,1
DA:219,1
DA:220,1
DA:223,1
DA:224,1
DA:233,4
DA:234,12
DA:235,12
DA:236,12
DA:237,12
DA:239,12
DA:240,12
DA:244,12
DA:255,3
DA:256,6
DA:257,2
DA:260,1
DA:275,25
LF:53
LH:53
BRDA:86,1,0,444
BRDA:86,1,1,0
BRDA:110,2,0,3
BRDA:110,2,1,0
BRDA:111,3,0,2
BRDA:111,3,1,1
BRDA:112,4,0,1
BRDA:112,4,1,1
BRDA:128,5,0,2
BRDA:128,5,1,0
BRDA:129,6,0,2
BRDA:129,6,1,0
BRDA:146,7,0,1
BRDA:146,7,1,0
BRDA:147,8,0,1
BRDA:147,8,1,0
BRDA:148,9,0,1
BRDA:148,9,1,0
BRDA:149,10,0,1
BRDA:149,10,1,0
BRDA:215,11,0,1
BRDA:215,11,1,0
BRDA:256,12,0,2
BRDA:256,12,1,4
BRF:24
BRH:15
end_of_record
