{"contracts/DUMMY2DONOTDEPLOY.sol":{"l":{"51":0,"52":0,"53":0,"54":0,"55":0,"57":0,"66":0,"74":104,"82":5,"120":0,"141":51,"142":0,"144":51,"145":51,"146":51,"147":51,"148":51,"149":51,"150":51,"151":153,"152":153,"153":153,"164":1,"165":1,"166":1,"168":0,"179":0,"180":0,"182":0,"186":0,"188":0,"189":0,"190":0,"208":0,"212":0,"214":0,"215":0,"217":0,"218":0,"219":0,"220":0,"228":0,"239":0,"243":0,"244":0,"247":0,"249":0,"251":0,"252":0,"253":0,"254":0,"256":0,"258":0,"259":0,"261":0,"270":0,"271":0,"272":0,"273":0,"274":0,"275":0,"277":0,"278":0,"287":0,"296":0,"297":0,"298":0,"301":0,"309":0,"317":0,"325":0,"333":0,"344":0,"355":0,"356":0,"357":0,"365":0,"373":0,"381":2,"382":2,"383":2,"389":55,"397":0},"path":"/Users/devonmartens/Haven1/remake/opt2/Contracts-Hardhat-Tests/Fee-Lib/contracts/DUMMY2DONOTDEPLOY.sol","s":{"1":0,"2":0,"3":0,"4":0,"5":0,"6":104,"7":5,"8":0,"9":51,"10":0,"11":51,"12":153,"13":153,"14":1,"15":0,"16":0,"17":0,"18":0,"19":0,"20":0,"21":0,"22":0,"23":0,"24":0,"25":0,"26":0,"27":0,"28":0,"29":0,"30":0,"31":0,"32":0,"33":0,"34":0,"35":0,"36":0,"37":0,"38":0,"39":0,"40":0,"41":0,"42":0,"43":0,"44":0,"45":0,"46":0,"47":0,"48":0,"49":0,"50":0,"51":0,"52":0,"53":0,"54":0,"55":0,"56":0,"57":0,"58":0,"59":2,"60":55,"61":0},"b":{"1":[0,0],"2":[0,0],"3":[0,51],"4":[0,0],"5":[1,0],"6":[1,0],"7":[0,0],"8":[0,0],"9":[0,0],"10":[0,0],"11":[0,0],"12":[0,0],"13":[0,0],"14":[0,0],"15":[0,0],"16":[0,0],"17":[0,0],"18":[0,0]},"f":{"1":0,"2":0,"3":104,"4":5,"5":0,"6":51,"7":1,"8":0,"9":0,"10":0,"11":0,"12":0,"13":0,"14":0,"15":0,"16":0,"17":0,"18":0,"19":0,"20":0,"21":0,"22":0,"23":2,"24":55,"25":0},"fnMap":{"1":{"name":"resetFee","line":50,"loc":{"start":{"line":50,"column":4},"end":{"line":59,"column":4}}},"2":{"name":"getMinFee","line":65,"loc":{"start":{"line":65,"column":4},"end":{"line":67,"column":4}}},"3":{"name":"getFee","line":73,"loc":{"start":{"line":73,"column":4},"end":{"line":75,"column":4}}},"4":{"name":"queryOracle","line":81,"loc":{"start":{"line":81,"column":4},"end":{"line":83,"column":4}}},"5":{"name":"getMinimumAllottedFee","line":119,"loc":{"start":{"line":119,"column":4},"end":{"line":121,"column":4}}},"6":{"name":"constructor","line":134,"loc":{"start":{"line":134,"column":4},"end":{"line":155,"column":4}}},"7":{"name":"setAgainFee","line":163,"loc":{"start":{"line":163,"column":4},"end":{"line":170,"column":4}}},"8":{"name":"plusChannel","line":178,"loc":{"start":{"line":178,"column":4},"end":{"line":191,"column":4}}},"9":{"name":"moveChannel","line":203,"loc":{"start":{"line":203,"column":4},"end":{"line":221,"column":4}}},"10":{"name":"newEpoch","line":227,"loc":{"start":{"line":227,"column":4},"end":{"line":229,"column":4}}},"11":{"name":"grabFee","line":238,"loc":{"start":{"line":238,"column":4},"end":{"line":263,"column":4}}},"12":{"name":"pressureFee","line":269,"loc":{"start":{"line":269,"column":4},"end":{"line":279,"column":4}}},"13":{"name":"newOracle","line":286,"loc":{"start":{"line":286,"column":4},"end":{"line":288,"column":4}}},"14":{"name":"isOriginalAddress","line":295,"loc":{"start":{"line":295,"column":4},"end":{"line":302,"column":4}}},"15":{"name":"getNextResetTime","line":308,"loc":{"start":{"line":308,"column":4},"end":{"line":310,"column":4}}},"16":{"name":"getChannels","line":316,"loc":{"start":{"line":316,"column":4},"end":{"line":318,"column":4}}},"17":{"name":"getWieghts","line":324,"loc":{"start":{"line":324,"column":4},"end":{"line":326,"column":4}}},"18":{"name":"getOracleAddress","line":332,"loc":{"start":{"line":332,"column":4},"end":{"line":334,"column":4}}},"19":{"name":"amountPaidToUponNextDistribution","line":341,"loc":{"start":{"line":341,"column":4},"end":{"line":345,"column":4}}},"20":{"name":"getChannelWeightByIndex","line":352,"loc":{"start":{"line":352,"column":4},"end":{"line":358,"column":4}}},"21":{"name":"getTotalContractShares","line":364,"loc":{"start":{"line":364,"column":4},"end":{"line":366,"column":4}}},"22":{"name":"getLastDistributionBlock","line":372,"loc":{"start":{"line":372,"column":4},"end":{"line":374,"column":4}}},"23":{"name":"updateFee","line":380,"loc":{"start":{"line":380,"column":3},"end":{"line":385,"column":4}}},"24":{"name":"nextResetTime","line":388,"loc":{"start":{"line":388,"column":4},"end":{"line":390,"column":4}}},"25":{"name":"_refreshOracle","line":396,"loc":{"start":{"line":396,"column":4},"end":{"line":398,"column":4}}}},"statementMap":{"1":{"start":{"line":51,"column":8},"end":{"line":51,"column":1456}},"2":{"start":{"line":54,"column":11},"end":{"line":54,"column":56}},"3":{"start":{"line":55,"column":12},"end":{"line":55,"column":22}},"4":{"start":{"line":57,"column":13},"end":{"line":57,"column":48}},"5":{"start":{"line":66,"column":8},"end":{"line":66,"column":21}},"6":{"start":{"line":74,"column":12},"end":{"line":74,"column":22}},"7":{"start":{"line":82,"column":8},"end":{"line":82,"column":45}},"8":{"start":{"line":120,"column":8},"end":{"line":120,"column":16}},"9":{"start":{"line":141,"column":8},"end":{"line":141,"column":4247}},"10":{"start":{"line":142,"column":12},"end":{"line":142,"column":48}},"11":{"start":{"line":150,"column":8},"end":{"line":150,"column":4605}},"12":{"start":{"line":152,"column":12},"end":{"line":152,"column":38}},"13":{"start":{"line":153,"column":12},"end":{"line":153,"column":36}},"14":{"start":{"line":164,"column":8},"end":{"line":164,"column":5093}},"15":{"start":{"line":168,"column":12},"end":{"line":168,"column":47}},"16":{"start":{"line":179,"column":8},"end":{"line":179,"column":5748}},"17":{"start":{"line":180,"column":12},"end":{"line":180,"column":48}},"18":{"start":{"line":182,"column":8},"end":{"line":182,"column":5845}},"19":{"start":{"line":186,"column":12},"end":{"line":186,"column":41}},"20":{"start":{"line":188,"column":8},"end":{"line":188,"column":40}},"21":{"start":{"line":189,"column":8},"end":{"line":189,"column":28}},"22":{"start":{"line":208,"column":8},"end":{"line":208,"column":6815}},"23":{"start":{"line":212,"column":12},"end":{"line":212,"column":41}},"24":{"start":{"line":214,"column":8},"end":{"line":214,"column":7001}},"25":{"start":{"line":215,"column":12},"end":{"line":215,"column":41}},"26":{"start":{"line":239,"column":8},"end":{"line":239,"column":7974}},"27":{"start":{"line":243,"column":12},"end":{"line":243,"column":44}},"28":{"start":{"line":244,"column":12},"end":{"line":244,"column":8157}},"29":{"start":{"line":247,"column":12},"end":{"line":247,"column":55}},"30":{"start":{"line":249,"column":12},"end":{"line":249,"column":47}},"31":{"start":{"line":251,"column":12},"end":{"line":251,"column":8377}},"32":{"start":{"line":252,"column":16},"end":{"line":252,"column":68}},"33":{"start":{"line":253,"column":16},"end":{"line":253,"column":66}},"34":{"start":{"line":254,"column":16},"end":{"line":254,"column":52}},"35":{"start":{"line":256,"column":16},"end":{"line":256,"column":73}},"36":{"start":{"line":259,"column":12},"end":{"line":259,"column":27}},"37":{"start":{"line":261,"column":12},"end":{"line":261,"column":47}},"38":{"start":{"line":270,"column":8},"end":{"line":270,"column":43}},"39":{"start":{"line":271,"column":8},"end":{"line":271,"column":9052}},"40":{"start":{"line":272,"column":12},"end":{"line":272,"column":64}},"41":{"start":{"line":273,"column":12},"end":{"line":273,"column":65}},"42":{"start":{"line":274,"column":12},"end":{"line":274,"column":51}},"43":{"start":{"line":275,"column":12},"end":{"line":275,"column":69}},"44":{"start":{"line":277,"column":8},"end":{"line":277,"column":23}},"45":{"start":{"line":296,"column":8},"end":{"line":296,"column":9921}},"46":{"start":{"line":297,"column":12},"end":{"line":297,"column":9982}},"47":{"start":{"line":298,"column":16},"end":{"line":298,"column":28}},"48":{"start":{"line":301,"column":8},"end":{"line":301,"column":19}},"49":{"start":{"line":309,"column":8},"end":{"line":309,"column":28}},"50":{"start":{"line":317,"column":8},"end":{"line":317,"column":23}},"51":{"start":{"line":325,"column":8},"end":{"line":325,"column":22}},"52":{"start":{"line":333,"column":8},"end":{"line":333,"column":21}},"53":{"start":{"line":344,"column":8},"end":{"line":344,"column":73}},"54":{"start":{"line":355,"column":8},"end":{"line":355,"column":35}},"55":{"start":{"line":356,"column":8},"end":{"line":356,"column":32}},"56":{"start":{"line":357,"column":8},"end":{"line":357,"column":21}},"57":{"start":{"line":365,"column":8},"end":{"line":365,"column":30}},"58":{"start":{"line":373,"column":8},"end":{"line":373,"column":31}},"59":{"start":{"line":383,"column":8},"end":{"line":383,"column":40}},"60":{"start":{"line":389,"column":8},"end":{"line":389,"column":39}},"61":{"start":{"line":397,"column":8},"end":{"line":397,"column":51}}},"branchMap":{"1":{"line":51,"type":"if","locations":[{"start":{"line":51,"column":8},"end":{"line":51,"column":8}},{"start":{"line":51,"column":8},"end":{"line":51,"column":8}}]},"2":{"line":51,"type":"cond-expr","locations":[{"start":{"line":51,"column":12},"end":{"line":51,"column":42}},{"start":{"line":51,"column":47},"end":{"line":51,"column":54}}]},"3":{"line":141,"type":"if","locations":[{"start":{"line":141,"column":8},"end":{"line":141,"column":8}},{"start":{"line":141,"column":8},"end":{"line":141,"column":8}}]},"4":{"line":141,"type":"cond-expr","locations":[{"start":{"line":141,"column":12},"end":{"line":141,"column":31}},{"start":{"line":141,"column":36},"end":{"line":141,"column":54}}]},"5":{"line":164,"type":"if","locations":[{"start":{"line":164,"column":8},"end":{"line":164,"column":8}},{"start":{"line":164,"column":8},"end":{"line":164,"column":8}}]},"6":{"line":164,"type":"cond-expr","locations":[{"start":{"line":164,"column":12},"end":{"line":164,"column":42}},{"start":{"line":164,"column":47},"end":{"line":164,"column":54}}]},"7":{"line":179,"type":"if","locations":[{"start":{"line":179,"column":8},"end":{"line":179,"column":8}},{"start":{"line":179,"column":8},"end":{"line":179,"column":8}}]},"8":{"line":182,"type":"if","locations":[{"start":{"line":182,"column":8},"end":{"line":182,"column":8}},{"start":{"line":182,"column":8},"end":{"line":182,"column":8}}]},"9":{"line":183,"type":"cond-expr","locations":[{"start":{"line":183,"column":12},"end":{"line":183,"column":57}},{"start":{"line":184,"column":12},"end":{"line":184,"column":43}}]},"10":{"line":208,"type":"if","locations":[{"start":{"line":208,"column":8},"end":{"line":208,"column":8}},{"start":{"line":208,"column":8},"end":{"line":208,"column":8}}]},"11":{"line":209,"type":"cond-expr","locations":[{"start":{"line":209,"column":12},"end":{"line":209,"column":43}},{"start":{"line":210,"column":12},"end":{"line":210,"column":57}}]},"12":{"line":214,"type":"if","locations":[{"start":{"line":214,"column":8},"end":{"line":214,"column":8}},{"start":{"line":214,"column":8},"end":{"line":214,"column":8}}]},"13":{"line":239,"type":"if","locations":[{"start":{"line":239,"column":8},"end":{"line":239,"column":8}},{"start":{"line":239,"column":8},"end":{"line":239,"column":8}}]},"14":{"line":240,"type":"cond-expr","locations":[{"start":{"line":240,"column":12},"end":{"line":240,"column":59}},{"start":{"line":241,"column":12},"end":{"line":241,"column":37}}]},"15":{"line":247,"type":"if","locations":[{"start":{"line":247,"column":12},"end":{"line":247,"column":12}},{"start":{"line":247,"column":12},"end":{"line":247,"column":12}}]},"16":{"line":254,"type":"if","locations":[{"start":{"line":254,"column":16},"end":{"line":254,"column":16}},{"start":{"line":254,"column":16},"end":{"line":254,"column":16}}]},"17":{"line":274,"type":"if","locations":[{"start":{"line":274,"column":12},"end":{"line":274,"column":12}},{"start":{"line":274,"column":12},"end":{"line":274,"column":12}}]},"18":{"line":297,"type":"if","locations":[{"start":{"line":297,"column":12},"end":{"line":297,"column":12}},{"start":{"line":297,"column":12},"end":{"line":297,"column":12}}]}}},"contracts/DUMMYDONOTDEPLOY.sol":{"l":{"15":0,"21":3,"25":279,"29":0,"30":0,"34":0},"path":"/Users/devonmartens/Haven1/remake/opt2/Contracts-Hardhat-Tests/Fee-Lib/contracts/DUMMYDONOTDEPLOY.sol","s":{"1":279,"2":0,"3":0},"b":{},"f":{"1":0,"2":3,"3":279,"4":0,"5":0},"fnMap":{"1":{"name":"setRequiredReset","line":14,"loc":{"start":{"line":14,"column":4},"end":{"line":16,"column":4}}},"2":{"name":"setPriceAverage","line":20,"loc":{"start":{"line":20,"column":4},"end":{"line":22,"column":4}}},"3":{"name":"consult","line":24,"loc":{"start":{"line":24,"column":4},"end":{"line":26,"column":4}}},"4":{"name":"refreshOracle","line":28,"loc":{"start":{"line":28,"column":4},"end":{"line":31,"column":4}}},"5":{"name":"viewJustKeepAdding","line":33,"loc":{"start":{"line":33,"column":4},"end":{"line":35,"column":4}}}},"statementMap":{"1":{"start":{"line":25,"column":8},"end":{"line":25,"column":27}},"2":{"start":{"line":30,"column":8},"end":{"line":30,"column":19}},"3":{"start":{"line":34,"column":8},"end":{"line":34,"column":29}}},"branchMap":{}},"contracts/Errors.sol":{"l":{},"path":"/Users/devonmartens/Haven1/remake/opt2/Contracts-Hardhat-Tests/Fee-Lib/contracts/Errors.sol","s":{},"b":{},"f":{},"fnMap":{},"statementMap":{},"branchMap":{}},"contracts/FeeContract.sol":{"l":{"135":51,"136":51,"137":51,"138":51,"139":51,"140":0,"142":51,"143":51,"144":51,"145":51,"146":51,"147":51,"148":51,"149":153,"150":153,"151":153,"159":17,"174":0,"175":0,"177":0,"181":0,"183":0,"184":0,"185":0,"186":0,"204":0,"208":0,"210":0,"211":0,"212":0,"213":0,"214":0,"226":0,"227":0,"228":0,"229":0,"231":0,"232":0,"233":0,"234":0,"235":0,"237":0,"238":0,"248":0,"258":0,"262":0,"263":0,"266":0,"268":0,"270":0,"271":0,"272":0,"273":0,"275":0,"277":0,"278":0,"280":0,"289":0,"290":0,"291":0,"292":0,"293":0,"294":0,"296":0,"304":0,"313":9,"314":9,"315":9,"326":0,"333":120,"341":214,"352":0,"353":0,"354":0,"367":0,"368":0,"369":0,"372":0,"380":0,"388":0,"396":0,"409":0,"421":0,"422":0,"423":0,"432":0,"441":0,"448":0,"456":9,"464":0},"path":"/Users/devonmartens/Haven1/remake/opt2/Contracts-Hardhat-Tests/Fee-Lib/contracts/FeeContract.sol","s":{"1":51,"2":51,"3":51,"4":51,"5":51,"6":0,"7":51,"8":153,"9":153,"10":0,"11":0,"12":0,"13":0,"14":0,"15":0,"16":0,"17":0,"18":0,"19":0,"20":0,"21":0,"22":0,"23":0,"24":0,"25":0,"26":0,"27":0,"28":0,"29":0,"30":0,"31":0,"32":0,"33":0,"34":0,"35":0,"36":0,"37":0,"38":0,"39":0,"40":0,"41":0,"42":0,"43":0,"44":0,"45":0,"46":9,"47":120,"48":214,"49":0,"50":0,"51":0,"52":0,"53":0,"54":0,"55":0,"56":0,"57":0,"58":0,"59":0,"60":0,"61":0,"62":0,"63":0,"64":0,"65":0,"66":9,"67":0},"b":{"1":[51,0],"2":[0,51],"3":[0,0],"4":[0,0],"5":[0,0],"6":[0,0],"7":[0,0],"8":[0,0],"9":[0,0],"10":[0,0],"11":[0,0],"12":[0,0],"13":[0,0],"14":[0,0],"15":[0,0],"16":[0,0],"17":[0,0],"18":[0,0],"19":[0,0],"20":[0,0],"21":[0,0],"22":[0,0],"23":[0,0]},"f":{"1":51,"2":0,"3":0,"4":0,"5":0,"6":0,"7":0,"8":0,"9":9,"10":0,"11":120,"12":214,"13":0,"14":0,"15":0,"16":0,"17":0,"18":0,"19":0,"20":0,"21":0,"22":0,"23":9,"24":0,"25":0},"fnMap":{"1":{"name":"initialize","line":134,"loc":{"start":{"line":127,"column":4},"end":{"line":153,"column":4}}},"2":{"name":"addChannel","line":173,"loc":{"start":{"line":170,"column":4},"end":{"line":187,"column":4}}},"3":{"name":"adjustChannel","line":203,"loc":{"start":{"line":199,"column":4},"end":{"line":215,"column":4}}},"4":{"name":"removeChannel","line":225,"loc":{"start":{"line":223,"column":4},"end":{"line":239,"column":4}}},"5":{"name":"setEpoch","line":247,"loc":{"start":{"line":245,"column":4},"end":{"line":249,"column":4}}},"6":{"name":"distributeFeesToChannels","line":257,"loc":{"start":{"line":257,"column":4},"end":{"line":282,"column":4}}},"7":{"name":"forceFeeDistribution","line":288,"loc":{"start":{"line":288,"column":4},"end":{"line":297,"column":4}}},"8":{"name":"setMinFee","line":303,"loc":{"start":{"line":303,"column":4},"end":{"line":305,"column":4}}},"9":{"name":"updateFee","line":312,"loc":{"start":{"line":312,"column":4},"end":{"line":317,"column":4}}},"10":{"name":"setOracle","line":325,"loc":{"start":{"line":325,"column":4},"end":{"line":327,"column":4}}},"11":{"name":"nextResetTime","line":332,"loc":{"start":{"line":332,"column":4},"end":{"line":334,"column":4}}},"12":{"name":"getFee","line":340,"loc":{"start":{"line":340,"column":4},"end":{"line":342,"column":4}}},"13":{"name":"_findIndexPosition","line":349,"loc":{"start":{"line":349,"column":4},"end":{"line":357,"column":4}}},"14":{"name":"isTheAddressInTheChannelsArray","line":364,"loc":{"start":{"line":364,"column":4},"end":{"line":373,"column":4}}},"15":{"name":"getChannels","line":379,"loc":{"start":{"line":379,"column":4},"end":{"line":381,"column":4}}},"16":{"name":"getWeights","line":387,"loc":{"start":{"line":387,"column":4},"end":{"line":389,"column":4}}},"17":{"name":"getOracleAddress","line":395,"loc":{"start":{"line":395,"column":4},"end":{"line":397,"column":4}}},"18":{"name":"amountPaidToUponNextDistribution","line":406,"loc":{"start":{"line":406,"column":4},"end":{"line":410,"column":4}}},"19":{"name":"getChannelWeightByIndex","line":418,"loc":{"start":{"line":418,"column":4},"end":{"line":424,"column":4}}},"20":{"name":"getTotalContractShares","line":431,"loc":{"start":{"line":431,"column":4},"end":{"line":433,"column":4}}},"21":{"name":"getLastDistributionBlock","line":440,"loc":{"start":{"line":440,"column":4},"end":{"line":442,"column":4}}},"22":{"name":"getMinimumAllottedFee","line":447,"loc":{"start":{"line":447,"column":4},"end":{"line":449,"column":4}}},"23":{"name":"queryOracle","line":455,"loc":{"start":{"line":455,"column":4},"end":{"line":457,"column":4}}},"24":{"name":"_refreshOracle","line":463,"loc":{"start":{"line":463,"column":4},"end":{"line":465,"column":4}}},"25":{"name":"_authorizeUpgrade","line":474,"loc":{"start":{"line":472,"column":4},"end":{"line":474,"column":54}}}},"statementMap":{"1":{"start":{"line":135,"column":8},"end":{"line":135,"column":29}},"2":{"start":{"line":136,"column":8},"end":{"line":136,"column":31}},"3":{"start":{"line":137,"column":8},"end":{"line":137,"column":54}},"4":{"start":{"line":138,"column":8},"end":{"line":138,"column":49}},"5":{"start":{"line":139,"column":8},"end":{"line":139,"column":4638}},"6":{"start":{"line":140,"column":12},"end":{"line":140,"column":48}},"7":{"start":{"line":148,"column":8},"end":{"line":148,"column":5029}},"8":{"start":{"line":150,"column":12},"end":{"line":150,"column":38}},"9":{"start":{"line":151,"column":12},"end":{"line":151,"column":36}},"10":{"start":{"line":174,"column":8},"end":{"line":174,"column":5994}},"11":{"start":{"line":175,"column":12},"end":{"line":175,"column":48}},"12":{"start":{"line":177,"column":8},"end":{"line":177,"column":6092}},"13":{"start":{"line":181,"column":12},"end":{"line":181,"column":41}},"14":{"start":{"line":183,"column":8},"end":{"line":183,"column":40}},"15":{"start":{"line":184,"column":8},"end":{"line":184,"column":28}},"16":{"start":{"line":186,"column":8},"end":{"line":186,"column":71}},"17":{"start":{"line":204,"column":8},"end":{"line":204,"column":7222}},"18":{"start":{"line":208,"column":12},"end":{"line":208,"column":41}},"19":{"start":{"line":210,"column":8},"end":{"line":210,"column":62}},"20":{"start":{"line":214,"column":8},"end":{"line":214,"column":77}},"21":{"start":{"line":226,"column":8},"end":{"line":226,"column":53}},"22":{"start":{"line":227,"column":8},"end":{"line":227,"column":48}},"23":{"start":{"line":228,"column":8},"end":{"line":228,"column":8169}},"24":{"start":{"line":231,"column":8},"end":{"line":231,"column":21}},"25":{"start":{"line":234,"column":8},"end":{"line":234,"column":8404}},"26":{"start":{"line":237,"column":8},"end":{"line":237,"column":20}},"27":{"start":{"line":238,"column":8},"end":{"line":238,"column":60}},"28":{"start":{"line":258,"column":8},"end":{"line":258,"column":9320}},"29":{"start":{"line":262,"column":12},"end":{"line":262,"column":44}},"30":{"start":{"line":263,"column":12},"end":{"line":263,"column":9511}},"31":{"start":{"line":266,"column":12},"end":{"line":266,"column":55}},"32":{"start":{"line":268,"column":12},"end":{"line":268,"column":47}},"33":{"start":{"line":270,"column":12},"end":{"line":270,"column":9731}},"34":{"start":{"line":271,"column":16},"end":{"line":271,"column":68}},"35":{"start":{"line":272,"column":16},"end":{"line":272,"column":66}},"36":{"start":{"line":273,"column":16},"end":{"line":273,"column":52}},"37":{"start":{"line":275,"column":16},"end":{"line":275,"column":73}},"38":{"start":{"line":278,"column":12},"end":{"line":278,"column":27}},"39":{"start":{"line":280,"column":12},"end":{"line":280,"column":47}},"40":{"start":{"line":289,"column":8},"end":{"line":289,"column":43}},"41":{"start":{"line":290,"column":8},"end":{"line":290,"column":10463}},"42":{"start":{"line":291,"column":12},"end":{"line":291,"column":64}},"43":{"start":{"line":292,"column":12},"end":{"line":292,"column":65}},"44":{"start":{"line":293,"column":12},"end":{"line":293,"column":51}},"45":{"start":{"line":294,"column":12},"end":{"line":294,"column":69}},"46":{"start":{"line":315,"column":8},"end":{"line":315,"column":26}},"47":{"start":{"line":333,"column":8},"end":{"line":333,"column":39}},"48":{"start":{"line":341,"column":12},"end":{"line":341,"column":47}},"49":{"start":{"line":352,"column":8},"end":{"line":352,"column":12532}},"50":{"start":{"line":353,"column":12},"end":{"line":353,"column":12597}},"51":{"start":{"line":354,"column":16},"end":{"line":354,"column":24}},"52":{"start":{"line":367,"column":8},"end":{"line":367,"column":13015}},"53":{"start":{"line":368,"column":12},"end":{"line":368,"column":13076}},"54":{"start":{"line":369,"column":16},"end":{"line":369,"column":28}},"55":{"start":{"line":372,"column":8},"end":{"line":372,"column":19}},"56":{"start":{"line":380,"column":8},"end":{"line":380,"column":23}},"57":{"start":{"line":388,"column":8},"end":{"line":388,"column":22}},"58":{"start":{"line":396,"column":8},"end":{"line":396,"column":21}},"59":{"start":{"line":409,"column":8},"end":{"line":409,"column":73}},"60":{"start":{"line":421,"column":8},"end":{"line":421,"column":48}},"61":{"start":{"line":422,"column":8},"end":{"line":422,"column":44}},"62":{"start":{"line":423,"column":8},"end":{"line":423,"column":46}},"63":{"start":{"line":432,"column":8},"end":{"line":432,"column":30}},"64":{"start":{"line":441,"column":8},"end":{"line":441,"column":31}},"65":{"start":{"line":448,"column":8},"end":{"line":448,"column":39}},"66":{"start":{"line":456,"column":8},"end":{"line":456,"column":45}},"67":{"start":{"line":464,"column":8},"end":{"line":464,"column":51}}},"branchMap":{"1":{"line":134,"type":"if","locations":[{"start":{"line":134,"column":15},"end":{"line":134,"column":15}},{"start":{"line":134,"column":15},"end":{"line":134,"column":15}}]},"2":{"line":139,"type":"if","locations":[{"start":{"line":139,"column":8},"end":{"line":139,"column":8}},{"start":{"line":139,"column":8},"end":{"line":139,"column":8}}]},"3":{"line":139,"type":"cond-expr","locations":[{"start":{"line":139,"column":12},"end":{"line":139,"column":32}},{"start":{"line":139,"column":37},"end":{"line":139,"column":56}}]},"4":{"line":173,"type":"if","locations":[{"start":{"line":173,"column":15},"end":{"line":173,"column":15}},{"start":{"line":173,"column":15},"end":{"line":173,"column":15}}]},"5":{"line":174,"type":"if","locations":[{"start":{"line":174,"column":8},"end":{"line":174,"column":8}},{"start":{"line":174,"column":8},"end":{"line":174,"column":8}}]},"6":{"line":177,"type":"if","locations":[{"start":{"line":177,"column":8},"end":{"line":177,"column":8}},{"start":{"line":177,"column":8},"end":{"line":177,"column":8}}]},"7":{"line":178,"type":"cond-expr","locations":[{"start":{"line":178,"column":12},"end":{"line":178,"column":70}},{"start":{"line":179,"column":12},"end":{"line":179,"column":43}}]},"8":{"line":203,"type":"if","locations":[{"start":{"line":203,"column":15},"end":{"line":203,"column":15}},{"start":{"line":203,"column":15},"end":{"line":203,"column":15}}]},"9":{"line":204,"type":"if","locations":[{"start":{"line":204,"column":8},"end":{"line":204,"column":8}},{"start":{"line":204,"column":8},"end":{"line":204,"column":8}}]},"10":{"line":205,"type":"cond-expr","locations":[{"start":{"line":205,"column":12},"end":{"line":205,"column":43}},{"start":{"line":206,"column":12},"end":{"line":206,"column":70}}]},"11":{"line":225,"type":"if","locations":[{"start":{"line":225,"column":15},"end":{"line":225,"column":15}},{"start":{"line":225,"column":15},"end":{"line":225,"column":15}}]},"12":{"line":247,"type":"if","locations":[{"start":{"line":247,"column":15},"end":{"line":247,"column":15}},{"start":{"line":247,"column":15},"end":{"line":247,"column":15}}]},"13":{"line":258,"type":"if","locations":[{"start":{"line":258,"column":8},"end":{"line":258,"column":8}},{"start":{"line":258,"column":8},"end":{"line":258,"column":8}}]},"14":{"line":259,"type":"cond-expr","locations":[{"start":{"line":259,"column":12},"end":{"line":259,"column":59}},{"start":{"line":260,"column":12},"end":{"line":260,"column":45}}]},"15":{"line":266,"type":"if","locations":[{"start":{"line":266,"column":12},"end":{"line":266,"column":12}},{"start":{"line":266,"column":12},"end":{"line":266,"column":12}}]},"16":{"line":273,"type":"if","locations":[{"start":{"line":273,"column":16},"end":{"line":273,"column":16}},{"start":{"line":273,"column":16},"end":{"line":273,"column":16}}]},"17":{"line":288,"type":"if","locations":[{"start":{"line":288,"column":53},"end":{"line":288,"column":53}},{"start":{"line":288,"column":53},"end":{"line":288,"column":53}}]},"18":{"line":293,"type":"if","locations":[{"start":{"line":293,"column":12},"end":{"line":293,"column":12}},{"start":{"line":293,"column":12},"end":{"line":293,"column":12}}]},"19":{"line":303,"type":"if","locations":[{"start":{"line":303,"column":55},"end":{"line":303,"column":55}},{"start":{"line":303,"column":55},"end":{"line":303,"column":55}}]},"20":{"line":325,"type":"if","locations":[{"start":{"line":325,"column":52},"end":{"line":325,"column":52}},{"start":{"line":325,"column":52},"end":{"line":325,"column":52}}]},"21":{"line":353,"type":"if","locations":[{"start":{"line":353,"column":12},"end":{"line":353,"column":12}},{"start":{"line":353,"column":12},"end":{"line":353,"column":12}}]},"22":{"line":368,"type":"if","locations":[{"start":{"line":368,"column":12},"end":{"line":368,"column":12}},{"start":{"line":368,"column":12},"end":{"line":368,"column":12}}]},"23":{"line":474,"type":"if","locations":[{"start":{"line":474,"column":24},"end":{"line":474,"column":24}},{"start":{"line":474,"column":24},"end":{"line":474,"column":24}}]}}},"contracts/H1NativeApplication.sol":{"l":{"49":154,"50":1,"52":153,"53":153,"54":153,"55":153,"60":11,"61":5,"62":5,"65":0,"68":6,"70":7,"75":8,"76":6,"77":6,"80":0,"83":2,"85":4,"96":11,"97":11,"98":11,"100":11,"101":11,"102":11,"103":11,"115":5,"116":1,"119":4,"120":4,"122":4,"123":4,"124":4,"140":6,"141":2,"144":4,"145":4,"147":3,"148":1,"149":1,"167":2,"168":1,"170":1,"171":1,"173":1,"174":1,"175":1,"188":6,"189":1,"191":5,"192":4,"193":4,"195":5,"196":5,"205":1},"path":"/Users/devonmartens/Haven1/remake/opt2/Contracts-Hardhat-Tests/Fee-Lib/contracts/H1NativeApplication.sol","s":{"1":154,"2":1,"3":11,"4":5,"5":5,"6":6,"7":0,"8":6,"9":8,"10":6,"11":6,"12":2,"13":0,"14":2,"15":11,"16":11,"17":11,"18":5,"19":1,"20":4,"21":4,"22":4,"23":4,"24":4,"25":6,"26":2,"27":4,"28":4,"29":3,"30":1,"31":1,"32":2,"33":1,"34":1,"35":1,"36":1,"37":1,"38":1,"39":6,"40":1,"41":5,"42":4,"43":4,"44":5,"45":5,"46":1},"b":{"1":[1,153],"2":[5,6],"3":[0,6],"4":[6,2],"5":[0,2],"6":[11,0],"7":[1,4],"8":[4,0],"9":[4,0],"10":[2,4],"11":[3,1],"12":[1,2],"13":[1,1],"14":[1,0],"15":[1,0],"16":[1,5],"17":[4,1],"18":[3,2]},"f":{"1":154,"2":11,"3":8,"4":11,"5":5,"6":6,"7":2,"8":6,"9":1},"fnMap":{"1":{"name":"constructor","line":48,"loc":{"start":{"line":48,"column":4},"end":{"line":56,"column":4}}},"2":{"name":"applicationFee","line":59,"loc":{"start":{"line":59,"column":4},"end":{"line":71,"column":4}}},"3":{"name":"applicationFeeWithPaymentToContract","line":74,"loc":{"start":{"line":74,"column":4},"end":{"line":86,"column":4}}},"4":{"name":"_updatesOracleValues","line":95,"loc":{"start":{"line":95,"column":5},"end":{"line":104,"column":4}}},"5":{"name":"_payApplicationWithPriorFee","line":114,"loc":{"start":{"line":114,"column":4},"end":{"line":128,"column":4}}},"6":{"name":"_payApplicationWithFee","line":138,"loc":{"start":{"line":138,"column":4},"end":{"line":154,"column":4}}},"7":{"name":"_payApplicationWithPriorFeeAndContract","line":166,"loc":{"start":{"line":166,"column":4},"end":{"line":177,"column":4}}},"8":{"name":"_payApplicationWithFeeAndContract","line":187,"loc":{"start":{"line":187,"column":4},"end":{"line":197,"column":4}}},"9":{"name":"callFee","line":204,"loc":{"start":{"line":204,"column":4},"end":{"line":206,"column":4}}}},"statementMap":{"1":{"start":{"line":49,"column":8},"end":{"line":49,"column":1338}},"2":{"start":{"line":50,"column":12},"end":{"line":50,"column":41}},"3":{"start":{"line":60,"column":8},"end":{"line":60,"column":1803}},"4":{"start":{"line":61,"column":13},"end":{"line":61,"column":34}},"5":{"start":{"line":62,"column":13},"end":{"line":62,"column":41}},"6":{"start":{"line":64,"column":14},"end":{"line":64,"column":1956}},"7":{"start":{"line":65,"column":12},"end":{"line":65,"column":40}},"8":{"start":{"line":68,"column":11},"end":{"line":68,"column":34}},"9":{"start":{"line":75,"column":7},"end":{"line":75,"column":2316}},"10":{"start":{"line":76,"column":11},"end":{"line":76,"column":32}},"11":{"start":{"line":77,"column":11},"end":{"line":77,"column":64}},"12":{"start":{"line":79,"column":13},"end":{"line":79,"column":2492}},"13":{"start":{"line":80,"column":13},"end":{"line":80,"column":71}},"14":{"start":{"line":83,"column":13},"end":{"line":83,"column":71}},"15":{"start":{"line":96,"column":12},"end":{"line":96,"column":80}},"16":{"start":{"line":97,"column":13},"end":{"line":97,"column":3278}},"17":{"start":{"line":98,"column":16},"end":{"line":98,"column":52}},"18":{"start":{"line":115,"column":12},"end":{"line":115,"column":4087}},"19":{"start":{"line":116,"column":16},"end":{"line":116,"column":48}},"20":{"start":{"line":119,"column":12},"end":{"line":119,"column":68}},"21":{"start":{"line":120,"column":12},"end":{"line":120,"column":51}},"22":{"start":{"line":122,"column":12},"end":{"line":122,"column":4335}},"23":{"start":{"line":123,"column":12},"end":{"line":123,"column":53}},"24":{"start":{"line":124,"column":12},"end":{"line":124,"column":4438}},"25":{"start":{"line":140,"column":8},"end":{"line":140,"column":4953}},"26":{"start":{"line":141,"column":12},"end":{"line":141,"column":44}},"27":{"start":{"line":144,"column":8},"end":{"line":144,"column":60}},"28":{"start":{"line":145,"column":8},"end":{"line":145,"column":47}},"29":{"start":{"line":147,"column":8},"end":{"line":147,"column":5168}},"30":{"start":{"line":148,"column":12},"end":{"line":148,"column":49}},"31":{"start":{"line":149,"column":12},"end":{"line":149,"column":5263}},"32":{"start":{"line":167,"column":10},"end":{"line":167,"column":5883}},"33":{"start":{"line":168,"column":16},"end":{"line":168,"column":48}},"34":{"start":{"line":170,"column":12},"end":{"line":170,"column":68}},"35":{"start":{"line":171,"column":12},"end":{"line":171,"column":51}},"36":{"start":{"line":173,"column":12},"end":{"line":173,"column":6130}},"37":{"start":{"line":174,"column":12},"end":{"line":174,"column":75}},"38":{"start":{"line":175,"column":12},"end":{"line":175,"column":55}},"39":{"start":{"line":188,"column":8},"end":{"line":188,"column":6775}},"40":{"start":{"line":189,"column":12},"end":{"line":189,"column":44}},"41":{"start":{"line":191,"column":7},"end":{"line":191,"column":6874}},"42":{"start":{"line":192,"column":12},"end":{"line":192,"column":71}},"43":{"start":{"line":193,"column":12},"end":{"line":193,"column":55}},"44":{"start":{"line":195,"column":8},"end":{"line":195,"column":62}},"45":{"start":{"line":196,"column":8},"end":{"line":196,"column":47}},"46":{"start":{"line":205,"column":8},"end":{"line":205,"column":49}}},"branchMap":{"1":{"line":49,"type":"if","locations":[{"start":{"line":49,"column":8},"end":{"line":49,"column":8}},{"start":{"line":49,"column":8},"end":{"line":49,"column":8}}]},"2":{"line":60,"type":"if","locations":[{"start":{"line":60,"column":8},"end":{"line":60,"column":8}},{"start":{"line":60,"column":8},"end":{"line":60,"column":8}}]},"3":{"line":64,"type":"if","locations":[{"start":{"line":64,"column":14},"end":{"line":64,"column":14}},{"start":{"line":64,"column":14},"end":{"line":64,"column":14}}]},"4":{"line":75,"type":"if","locations":[{"start":{"line":75,"column":7},"end":{"line":75,"column":7}},{"start":{"line":75,"column":7},"end":{"line":75,"column":7}}]},"5":{"line":79,"type":"if","locations":[{"start":{"line":79,"column":13},"end":{"line":79,"column":13}},{"start":{"line":79,"column":13},"end":{"line":79,"column":13}}]},"6":{"line":97,"type":"if","locations":[{"start":{"line":97,"column":13},"end":{"line":97,"column":13}},{"start":{"line":97,"column":13},"end":{"line":97,"column":13}}]},"7":{"line":115,"type":"if","locations":[{"start":{"line":115,"column":12},"end":{"line":115,"column":12}},{"start":{"line":115,"column":12},"end":{"line":115,"column":12}}]},"8":{"line":120,"type":"if","locations":[{"start":{"line":120,"column":12},"end":{"line":120,"column":12}},{"start":{"line":120,"column":12},"end":{"line":120,"column":12}}]},"9":{"line":122,"type":"if","locations":[{"start":{"line":122,"column":12},"end":{"line":122,"column":12}},{"start":{"line":122,"column":12},"end":{"line":122,"column":12}}]},"10":{"line":140,"type":"if","locations":[{"start":{"line":140,"column":8},"end":{"line":140,"column":8}},{"start":{"line":140,"column":8},"end":{"line":140,"column":8}}]},"11":{"line":145,"type":"if","locations":[{"start":{"line":145,"column":8},"end":{"line":145,"column":8}},{"start":{"line":145,"column":8},"end":{"line":145,"column":8}}]},"12":{"line":147,"type":"if","locations":[{"start":{"line":147,"column":8},"end":{"line":147,"column":8}},{"start":{"line":147,"column":8},"end":{"line":147,"column":8}}]},"13":{"line":167,"type":"if","locations":[{"start":{"line":167,"column":10},"end":{"line":167,"column":10}},{"start":{"line":167,"column":10},"end":{"line":167,"column":10}}]},"14":{"line":171,"type":"if","locations":[{"start":{"line":171,"column":12},"end":{"line":171,"column":12}},{"start":{"line":171,"column":12},"end":{"line":171,"column":12}}]},"15":{"line":173,"type":"if","locations":[{"start":{"line":173,"column":12},"end":{"line":173,"column":12}},{"start":{"line":173,"column":12},"end":{"line":173,"column":12}}]},"16":{"line":188,"type":"if","locations":[{"start":{"line":188,"column":8},"end":{"line":188,"column":8}},{"start":{"line":188,"column":8},"end":{"line":188,"column":8}}]},"17":{"line":191,"type":"if","locations":[{"start":{"line":191,"column":7},"end":{"line":191,"column":7}},{"start":{"line":191,"column":7},"end":{"line":191,"column":7}}]},"18":{"line":196,"type":"if","locations":[{"start":{"line":196,"column":8},"end":{"line":196,"column":8}},{"start":{"line":196,"column":8},"end":{"line":196,"column":8}}]}}},"contracts/SimpleStorageWithFee.sol":{"l":{"14":7,"18":4,"19":4,"23":1},"path":"/Users/devonmartens/Haven1/remake/opt2/Contracts-Hardhat-Tests/Fee-Lib/contracts/SimpleStorageWithFee.sol","s":{"1":4,"2":1},"b":{"1":[7,4],"2":[4,4],"3":[4,0]},"f":{"1":102,"2":7,"3":4,"4":1},"fnMap":{"1":{"name":"constructor","line":11,"loc":{"start":{"line":11,"column":4},"end":{"line":11,"column":73}}},"2":{"name":"set","line":13,"loc":{"start":{"line":13,"column":4},"end":{"line":15,"column":4}}},"3":{"name":"setAndPayForIt","line":17,"loc":{"start":{"line":17,"column":4},"end":{"line":20,"column":4}}},"4":{"name":"get","line":22,"loc":{"start":{"line":22,"column":4},"end":{"line":24,"column":4}}}},"statementMap":{"1":{"start":{"line":18,"column":8},"end":{"line":18,"column":38}},"2":{"start":{"line":23,"column":8},"end":{"line":23,"column":25}}},"branchMap":{"1":{"line":13,"type":"if","locations":[{"start":{"line":13,"column":42},"end":{"line":13,"column":42}},{"start":{"line":13,"column":42},"end":{"line":13,"column":42}}]},"2":{"line":17,"type":"if","locations":[{"start":{"line":17,"column":53},"end":{"line":17,"column":53}},{"start":{"line":17,"column":53},"end":{"line":17,"column":53}}]},"3":{"line":18,"type":"if","locations":[{"start":{"line":18,"column":8},"end":{"line":18,"column":8}},{"start":{"line":18,"column":8},"end":{"line":18,"column":8}}]}}},"contracts/ValidatorRewards.sol":{"l":{"95":153,"96":153,"97":153,"98":153,"99":153,"100":459,"101":459,"102":459,"121":0,"125":0,"126":0,"127":0,"128":0,"129":0,"142":0,"146":0,"147":0,"148":0,"149":0,"150":0,"151":0,"163":0,"164":0,"165":0,"167":0,"168":0,"169":0,"170":0,"182":0,"183":0,"184":0,"186":0,"187":0,"188":0,"189":0,"190":0,"197":0,"204":0,"212":0,"220":0,"228":0,"236":0,"237":0,"247":0,"248":0,"250":0,"251":0,"252":0,"255":0,"256":0,"265":0,"266":0,"267":0,"268":0,"269":0,"271":0,"274":0,"275":0,"288":0,"289":0,"290":0,"293":0,"318":0},"path":"/Users/devonmartens/Haven1/remake/opt2/Contracts-Hardhat-Tests/Fee-Lib/contracts/ValidatorRewards.sol","s":{"1":153,"2":153,"3":153,"4":153,"5":153,"6":459,"7":0,"8":0,"9":0,"10":0,"11":0,"12":0,"13":0,"14":0,"15":0,"16":0,"17":0,"18":0,"19":0,"20":0,"21":0,"22":0,"23":0,"24":0,"25":0,"26":0,"27":0,"28":0,"29":0,"30":0,"31":0,"32":0,"33":0,"34":0,"35":0,"36":0,"37":0,"38":0,"39":0,"40":0,"41":0,"42":0,"43":0,"44":0},"b":{"1":[153,0],"2":[0,0],"3":[0,0],"4":[0,0],"5":[0,0],"6":[0,0],"7":[0,0],"8":[0,0],"9":[0,0],"10":[0,0],"11":[0,0],"12":[0,0],"13":[0,0],"14":[0,0],"15":[0,0]},"f":{"1":153,"2":0,"3":0,"4":0,"5":0,"6":0,"7":0,"8":0,"9":0,"10":0,"11":0,"12":0,"13":0,"14":0,"15":0,"16":0},"fnMap":{"1":{"name":"initialize","line":94,"loc":{"start":{"line":89,"column":4},"end":{"line":104,"column":4}}},"2":{"name":"adjustValidatorShares","line":120,"loc":{"start":{"line":117,"column":4},"end":{"line":130,"column":4}}},"3":{"name":"adjustValidatorAddress","line":141,"loc":{"start":{"line":138,"column":4},"end":{"line":152,"column":4}}},"4":{"name":"addValidator","line":162,"loc":{"start":{"line":159,"column":4},"end":{"line":171,"column":4}}},"5":{"name":"removeValidator","line":181,"loc":{"start":{"line":178,"column":4},"end":{"line":191,"column":4}}},"6":{"name":"totalShares","line":196,"loc":{"start":{"line":196,"column":4},"end":{"line":198,"column":4}}},"7":{"name":"totalH1Issued","line":203,"loc":{"start":{"line":203,"column":4},"end":{"line":205,"column":4}}},"8":{"name":"shares","line":211,"loc":{"start":{"line":211,"column":4},"end":{"line":213,"column":4}}},"9":{"name":"dispersed","line":219,"loc":{"start":{"line":219,"column":4},"end":{"line":221,"column":4}}},"10":{"name":"validators","line":227,"loc":{"start":{"line":227,"column":4},"end":{"line":229,"column":4}}},"11":{"name":"releasable","line":235,"loc":{"start":{"line":235,"column":4},"end":{"line":238,"column":4}}},"12":{"name":"disperseSinglePaymentToValidator","line":246,"loc":{"start":{"line":246,"column":4},"end":{"line":257,"column":4}}},"13":{"name":"disperseAllPaymentsToValidators","line":264,"loc":{"start":{"line":264,"column":4},"end":{"line":277,"column":4}}},"14":{"name":"isTheAddressInTheValidatorsArray","line":285,"loc":{"start":{"line":285,"column":4},"end":{"line":294,"column":4}}},"15":{"name":"_authorizeUpgrade","line":303,"loc":{"start":{"line":301,"column":4},"end":{"line":303,"column":54}}},"16":{"name":"_pendingPayment","line":313,"loc":{"start":{"line":313,"column":4},"end":{"line":320,"column":4}}}},"statementMap":{"1":{"start":{"line":95,"column":8},"end":{"line":95,"column":54}},"2":{"start":{"line":96,"column":8},"end":{"line":96,"column":49}},"3":{"start":{"line":97,"column":8},"end":{"line":97,"column":29}},"4":{"start":{"line":98,"column":8},"end":{"line":98,"column":31}},"5":{"start":{"line":99,"column":8},"end":{"line":99,"column":3733}},"6":{"start":{"line":100,"column":12},"end":{"line":100,"column":57}},"7":{"start":{"line":121,"column":8},"end":{"line":121,"column":4436}},"8":{"start":{"line":125,"column":8},"end":{"line":125,"column":61}},"9":{"start":{"line":129,"column":8},"end":{"line":129,"column":44}},"10":{"start":{"line":142,"column":8},"end":{"line":142,"column":5161}},"11":{"start":{"line":146,"column":8},"end":{"line":146,"column":63}},"12":{"start":{"line":147,"column":8},"end":{"line":147,"column":57}},"13":{"start":{"line":151,"column":8},"end":{"line":151,"column":73}},"14":{"start":{"line":163,"column":8},"end":{"line":163,"column":77}},"15":{"start":{"line":164,"column":8},"end":{"line":164,"column":61}},"16":{"start":{"line":165,"column":8},"end":{"line":165,"column":73}},"17":{"start":{"line":167,"column":8},"end":{"line":167,"column":43}},"18":{"start":{"line":170,"column":8},"end":{"line":170,"column":44}},"19":{"start":{"line":182,"column":8},"end":{"line":182,"column":60}},"20":{"start":{"line":183,"column":8},"end":{"line":183,"column":6775}},"21":{"start":{"line":186,"column":8},"end":{"line":186,"column":35}},"22":{"start":{"line":187,"column":8},"end":{"line":187,"column":41}},"23":{"start":{"line":190,"column":8},"end":{"line":190,"column":60}},"24":{"start":{"line":197,"column":8},"end":{"line":197,"column":27}},"25":{"start":{"line":204,"column":8},"end":{"line":204,"column":41}},"26":{"start":{"line":212,"column":8},"end":{"line":212,"column":31}},"27":{"start":{"line":220,"column":8},"end":{"line":220,"column":34}},"28":{"start":{"line":228,"column":8},"end":{"line":228,"column":44}},"29":{"start":{"line":236,"column":8},"end":{"line":236,"column":71}},"30":{"start":{"line":237,"column":8},"end":{"line":237,"column":74}},"31":{"start":{"line":247,"column":8},"end":{"line":247,"column":66}},"32":{"start":{"line":248,"column":8},"end":{"line":248,"column":45}},"33":{"start":{"line":255,"column":8},"end":{"line":255,"column":42}},"34":{"start":{"line":256,"column":8},"end":{"line":256,"column":46}},"35":{"start":{"line":265,"column":8},"end":{"line":265,"column":9862}},"36":{"start":{"line":266,"column":12},"end":{"line":266,"column":67}},"37":{"start":{"line":271,"column":12},"end":{"line":271,"column":10158}},"38":{"start":{"line":274,"column":12},"end":{"line":274,"column":46}},"39":{"start":{"line":275,"column":12},"end":{"line":275,"column":68}},"40":{"start":{"line":288,"column":8},"end":{"line":288,"column":10801}},"41":{"start":{"line":289,"column":12},"end":{"line":289,"column":10876}},"42":{"start":{"line":290,"column":16},"end":{"line":290,"column":28}},"43":{"start":{"line":293,"column":8},"end":{"line":293,"column":19}},"44":{"start":{"line":318,"column":8},"end":{"line":318,"column":11996}}},"branchMap":{"1":{"line":94,"type":"if","locations":[{"start":{"line":94,"column":15},"end":{"line":94,"column":15}},{"start":{"line":94,"column":15},"end":{"line":94,"column":15}}]},"2":{"line":120,"type":"if","locations":[{"start":{"line":120,"column":15},"end":{"line":120,"column":15}},{"start":{"line":120,"column":15},"end":{"line":120,"column":15}}]},"3":{"line":121,"type":"if","locations":[{"start":{"line":121,"column":8},"end":{"line":121,"column":8}},{"start":{"line":121,"column":8},"end":{"line":121,"column":8}}]},"4":{"line":125,"type":"if","locations":[{"start":{"line":125,"column":8},"end":{"line":125,"column":8}},{"start":{"line":125,"column":8},"end":{"line":125,"column":8}}]},"5":{"line":141,"type":"if","locations":[{"start":{"line":141,"column":15},"end":{"line":141,"column":15}},{"start":{"line":141,"column":15},"end":{"line":141,"column":15}}]},"6":{"line":142,"type":"if","locations":[{"start":{"line":142,"column":8},"end":{"line":142,"column":8}},{"start":{"line":142,"column":8},"end":{"line":142,"column":8}}]},"7":{"line":162,"type":"if","locations":[{"start":{"line":162,"column":15},"end":{"line":162,"column":15}},{"start":{"line":162,"column":15},"end":{"line":162,"column":15}}]},"8":{"line":163,"type":"if","locations":[{"start":{"line":163,"column":8},"end":{"line":163,"column":8}},{"start":{"line":163,"column":8},"end":{"line":163,"column":8}}]},"9":{"line":164,"type":"if","locations":[{"start":{"line":164,"column":8},"end":{"line":164,"column":8}},{"start":{"line":164,"column":8},"end":{"line":164,"column":8}}]},"10":{"line":165,"type":"if","locations":[{"start":{"line":165,"column":8},"end":{"line":165,"column":8}},{"start":{"line":165,"column":8},"end":{"line":165,"column":8}}]},"11":{"line":181,"type":"if","locations":[{"start":{"line":181,"column":15},"end":{"line":181,"column":15}},{"start":{"line":181,"column":15},"end":{"line":181,"column":15}}]},"12":{"line":182,"type":"if","locations":[{"start":{"line":182,"column":8},"end":{"line":182,"column":8}},{"start":{"line":182,"column":8},"end":{"line":182,"column":8}}]},"13":{"line":247,"type":"if","locations":[{"start":{"line":247,"column":8},"end":{"line":247,"column":8}},{"start":{"line":247,"column":8},"end":{"line":247,"column":8}}]},"14":{"line":289,"type":"if","locations":[{"start":{"line":289,"column":12},"end":{"line":289,"column":12}},{"start":{"line":289,"column":12},"end":{"line":289,"column":12}}]},"15":{"line":303,"type":"if","locations":[{"start":{"line":303,"column":24},"end":{"line":303,"column":24}},{"start":{"line":303,"column":24},"end":{"line":303,"column":24}}]}}}}