{"contracts/DUMMY2DONOTDEPLOY.sol":{"l":{"76":66,"77":66,"78":66,"79":66,"80":66,"81":66,"82":0,"84":66,"85":66,"86":66,"87":66,"88":66,"89":198,"90":198,"91":198,"102":2,"103":2,"104":2,"106":0,"120":0,"121":0,"123":0,"127":0,"129":0,"130":0,"131":0,"149":0,"153":0,"155":0,"156":0,"158":0,"159":0,"160":0,"161":0,"171":0,"182":0,"186":0,"187":0,"190":0,"192":0,"194":0,"195":0,"196":0,"197":0,"199":0,"201":0,"202":0,"204":0,"213":0,"214":0,"215":0,"216":0,"217":0,"218":0,"220":0,"221":0,"230":0,"239":0,"240":0,"241":0,"244":0,"252":0,"260":0,"268":0,"276":0,"287":0,"298":0,"299":0,"300":0,"308":0,"316":0,"324":2,"332":0},"path":"/Users/devonmartens/Haven1/remake/opt2/Contracts-Hardhat-Tests/Fee-Lib/contracts/DUMMY2DONOTDEPLOY.sol","s":{"1":66,"2":66,"3":66,"4":66,"5":66,"6":66,"7":0,"8":66,"9":198,"10":198,"11":2,"12":0,"13":0,"14":0,"15":0,"16":0,"17":0,"18":0,"19":0,"20":0,"21":0,"22":0,"23":0,"24":0,"25":0,"26":0,"27":0,"28":0,"29":0,"30":0,"31":0,"32":0,"33":0,"34":0,"35":0,"36":0,"37":0,"38":0,"39":0,"40":0,"41":0,"42":0,"43":0,"44":0,"45":0,"46":0,"47":0,"48":0,"49":0,"50":0,"51":0,"52":0,"53":0,"54":0,"55":0,"56":2,"57":0},"b":{"1":[66,0],"2":[0,66],"3":[0,0],"4":[2,0],"5":[0,2],"6":[0,0],"7":[0,0],"8":[0,0],"9":[0,0],"10":[0,0],"11":[0,0],"12":[0,0],"13":[0,0],"14":[0,0],"15":[0,0],"16":[0,0],"17":[0,0],"18":[0,0],"19":[0,0],"20":[0,0],"21":[0,0],"22":[0,0],"23":[0,0]},"f":{"1":66,"2":2,"3":0,"4":0,"5":0,"6":0,"7":0,"8":0,"9":0,"10":0,"11":0,"12":0,"13":0,"14":0,"15":0,"16":0,"17":0,"18":2,"19":0,"20":0},"fnMap":{"1":{"name":"initialize","line":75,"loc":{"start":{"line":69,"column":4},"end":{"line":93,"column":4}}},"2":{"name":"resetFee","line":101,"loc":{"start":{"line":101,"column":4},"end":{"line":108,"column":4}}},"3":{"name":"addChannel","line":119,"loc":{"start":{"line":116,"column":4},"end":{"line":132,"column":4}}},"4":{"name":"adjustChannel","line":148,"loc":{"start":{"line":144,"column":4},"end":{"line":162,"column":4}}},"5":{"name":"setEpoch","line":170,"loc":{"start":{"line":168,"column":4},"end":{"line":172,"column":4}}},"6":{"name":"collectFee","line":181,"loc":{"start":{"line":181,"column":4},"end":{"line":206,"column":4}}},"7":{"name":"forceFee","line":212,"loc":{"start":{"line":212,"column":4},"end":{"line":222,"column":4}}},"8":{"name":"setOracle","line":229,"loc":{"start":{"line":229,"column":4},"end":{"line":231,"column":4}}},"9":{"name":"isOriginalAddress","line":238,"loc":{"start":{"line":238,"column":4},"end":{"line":245,"column":4}}},"10":{"name":"getNextResetTime","line":251,"loc":{"start":{"line":251,"column":4},"end":{"line":253,"column":4}}},"11":{"name":"getChannels","line":259,"loc":{"start":{"line":259,"column":4},"end":{"line":261,"column":4}}},"12":{"name":"getWieghts","line":267,"loc":{"start":{"line":267,"column":4},"end":{"line":269,"column":4}}},"13":{"name":"getOracleAddress","line":275,"loc":{"start":{"line":275,"column":4},"end":{"line":277,"column":4}}},"14":{"name":"amountPaidToUponNextDistribution","line":284,"loc":{"start":{"line":284,"column":4},"end":{"line":288,"column":4}}},"15":{"name":"getChannelWeightByIndex","line":295,"loc":{"start":{"line":295,"column":4},"end":{"line":301,"column":4}}},"16":{"name":"getTotalContractShares","line":307,"loc":{"start":{"line":307,"column":4},"end":{"line":309,"column":4}}},"17":{"name":"getLastDistributionBlock","line":315,"loc":{"start":{"line":315,"column":4},"end":{"line":317,"column":4}}},"18":{"name":"queryOracle","line":323,"loc":{"start":{"line":323,"column":4},"end":{"line":325,"column":4}}},"19":{"name":"_refreshOracle","line":331,"loc":{"start":{"line":331,"column":4},"end":{"line":333,"column":4}}},"20":{"name":"_authorizeUpgrade","line":342,"loc":{"start":{"line":340,"column":4},"end":{"line":342,"column":54}}}},"statementMap":{"1":{"start":{"line":76,"column":8},"end":{"line":76,"column":29}},"2":{"start":{"line":77,"column":8},"end":{"line":77,"column":31}},"3":{"start":{"line":78,"column":8},"end":{"line":78,"column":50}},"4":{"start":{"line":79,"column":8},"end":{"line":79,"column":51}},"5":{"start":{"line":80,"column":8},"end":{"line":80,"column":49}},"6":{"start":{"line":81,"column":8},"end":{"line":81,"column":2784}},"7":{"start":{"line":82,"column":12},"end":{"line":82,"column":48}},"8":{"start":{"line":88,"column":8},"end":{"line":88,"column":3052}},"9":{"start":{"line":90,"column":12},"end":{"line":90,"column":38}},"10":{"start":{"line":91,"column":12},"end":{"line":91,"column":36}},"11":{"start":{"line":102,"column":8},"end":{"line":102,"column":3537}},"12":{"start":{"line":106,"column":12},"end":{"line":106,"column":47}},"13":{"start":{"line":120,"column":8},"end":{"line":120,"column":4237}},"14":{"start":{"line":121,"column":12},"end":{"line":121,"column":48}},"15":{"start":{"line":123,"column":8},"end":{"line":123,"column":4334}},"16":{"start":{"line":127,"column":12},"end":{"line":127,"column":41}},"17":{"start":{"line":129,"column":8},"end":{"line":129,"column":40}},"18":{"start":{"line":130,"column":8},"end":{"line":130,"column":28}},"19":{"start":{"line":149,"column":8},"end":{"line":149,"column":5330}},"20":{"start":{"line":153,"column":12},"end":{"line":153,"column":41}},"21":{"start":{"line":155,"column":8},"end":{"line":155,"column":5516}},"22":{"start":{"line":156,"column":12},"end":{"line":156,"column":41}},"23":{"start":{"line":182,"column":8},"end":{"line":182,"column":6530}},"24":{"start":{"line":186,"column":12},"end":{"line":186,"column":44}},"25":{"start":{"line":187,"column":12},"end":{"line":187,"column":6721}},"26":{"start":{"line":190,"column":12},"end":{"line":190,"column":55}},"27":{"start":{"line":192,"column":12},"end":{"line":192,"column":47}},"28":{"start":{"line":194,"column":12},"end":{"line":194,"column":6941}},"29":{"start":{"line":195,"column":16},"end":{"line":195,"column":68}},"30":{"start":{"line":196,"column":16},"end":{"line":196,"column":66}},"31":{"start":{"line":197,"column":16},"end":{"line":197,"column":52}},"32":{"start":{"line":199,"column":16},"end":{"line":199,"column":73}},"33":{"start":{"line":202,"column":12},"end":{"line":202,"column":27}},"34":{"start":{"line":204,"column":12},"end":{"line":204,"column":47}},"35":{"start":{"line":213,"column":8},"end":{"line":213,"column":43}},"36":{"start":{"line":214,"column":8},"end":{"line":214,"column":7637}},"37":{"start":{"line":215,"column":12},"end":{"line":215,"column":64}},"38":{"start":{"line":216,"column":12},"end":{"line":216,"column":65}},"39":{"start":{"line":217,"column":12},"end":{"line":217,"column":51}},"40":{"start":{"line":218,"column":12},"end":{"line":218,"column":69}},"41":{"start":{"line":220,"column":8},"end":{"line":220,"column":23}},"42":{"start":{"line":239,"column":8},"end":{"line":239,"column":8530}},"43":{"start":{"line":240,"column":12},"end":{"line":240,"column":8591}},"44":{"start":{"line":241,"column":16},"end":{"line":241,"column":28}},"45":{"start":{"line":244,"column":8},"end":{"line":244,"column":19}},"46":{"start":{"line":252,"column":8},"end":{"line":252,"column":28}},"47":{"start":{"line":260,"column":8},"end":{"line":260,"column":23}},"48":{"start":{"line":268,"column":8},"end":{"line":268,"column":22}},"49":{"start":{"line":276,"column":8},"end":{"line":276,"column":21}},"50":{"start":{"line":287,"column":8},"end":{"line":287,"column":73}},"51":{"start":{"line":298,"column":8},"end":{"line":298,"column":35}},"52":{"start":{"line":299,"column":8},"end":{"line":299,"column":32}},"53":{"start":{"line":300,"column":8},"end":{"line":300,"column":21}},"54":{"start":{"line":308,"column":8},"end":{"line":308,"column":30}},"55":{"start":{"line":316,"column":8},"end":{"line":316,"column":31}},"56":{"start":{"line":324,"column":8},"end":{"line":324,"column":45}},"57":{"start":{"line":332,"column":8},"end":{"line":332,"column":51}}},"branchMap":{"1":{"line":75,"type":"if","locations":[{"start":{"line":75,"column":15},"end":{"line":75,"column":15}},{"start":{"line":75,"column":15},"end":{"line":75,"column":15}}]},"2":{"line":81,"type":"if","locations":[{"start":{"line":81,"column":8},"end":{"line":81,"column":8}},{"start":{"line":81,"column":8},"end":{"line":81,"column":8}}]},"3":{"line":81,"type":"cond-expr","locations":[{"start":{"line":81,"column":12},"end":{"line":81,"column":31}},{"start":{"line":81,"column":36},"end":{"line":81,"column":54}}]},"4":{"line":102,"type":"if","locations":[{"start":{"line":102,"column":8},"end":{"line":102,"column":8}},{"start":{"line":102,"column":8},"end":{"line":102,"column":8}}]},"5":{"line":102,"type":"cond-expr","locations":[{"start":{"line":102,"column":12},"end":{"line":102,"column":42}},{"start":{"line":102,"column":47},"end":{"line":102,"column":54}}]},"6":{"line":119,"type":"if","locations":[{"start":{"line":119,"column":15},"end":{"line":119,"column":15}},{"start":{"line":119,"column":15},"end":{"line":119,"column":15}}]},"7":{"line":120,"type":"if","locations":[{"start":{"line":120,"column":8},"end":{"line":120,"column":8}},{"start":{"line":120,"column":8},"end":{"line":120,"column":8}}]},"8":{"line":123,"type":"if","locations":[{"start":{"line":123,"column":8},"end":{"line":123,"column":8}},{"start":{"line":123,"column":8},"end":{"line":123,"column":8}}]},"9":{"line":124,"type":"cond-expr","locations":[{"start":{"line":124,"column":12},"end":{"line":124,"column":57}},{"start":{"line":125,"column":12},"end":{"line":125,"column":43}}]},"10":{"line":148,"type":"if","locations":[{"start":{"line":148,"column":15},"end":{"line":148,"column":15}},{"start":{"line":148,"column":15},"end":{"line":148,"column":15}}]},"11":{"line":149,"type":"if","locations":[{"start":{"line":149,"column":8},"end":{"line":149,"column":8}},{"start":{"line":149,"column":8},"end":{"line":149,"column":8}}]},"12":{"line":150,"type":"cond-expr","locations":[{"start":{"line":150,"column":12},"end":{"line":150,"column":43}},{"start":{"line":151,"column":12},"end":{"line":151,"column":57}}]},"13":{"line":155,"type":"if","locations":[{"start":{"line":155,"column":8},"end":{"line":155,"column":8}},{"start":{"line":155,"column":8},"end":{"line":155,"column":8}}]},"14":{"line":170,"type":"if","locations":[{"start":{"line":170,"column":15},"end":{"line":170,"column":15}},{"start":{"line":170,"column":15},"end":{"line":170,"column":15}}]},"15":{"line":182,"type":"if","locations":[{"start":{"line":182,"column":8},"end":{"line":182,"column":8}},{"start":{"line":182,"column":8},"end":{"line":182,"column":8}}]},"16":{"line":183,"type":"cond-expr","locations":[{"start":{"line":183,"column":12},"end":{"line":183,"column":59}},{"start":{"line":184,"column":12},"end":{"line":184,"column":45}}]},"17":{"line":190,"type":"if","locations":[{"start":{"line":190,"column":12},"end":{"line":190,"column":12}},{"start":{"line":190,"column":12},"end":{"line":190,"column":12}}]},"18":{"line":197,"type":"if","locations":[{"start":{"line":197,"column":16},"end":{"line":197,"column":16}},{"start":{"line":197,"column":16},"end":{"line":197,"column":16}}]},"19":{"line":212,"type":"if","locations":[{"start":{"line":212,"column":41},"end":{"line":212,"column":41}},{"start":{"line":212,"column":41},"end":{"line":212,"column":41}}]},"20":{"line":217,"type":"if","locations":[{"start":{"line":217,"column":12},"end":{"line":217,"column":12}},{"start":{"line":217,"column":12},"end":{"line":217,"column":12}}]},"21":{"line":229,"type":"if","locations":[{"start":{"line":229,"column":52},"end":{"line":229,"column":52}},{"start":{"line":229,"column":52},"end":{"line":229,"column":52}}]},"22":{"line":240,"type":"if","locations":[{"start":{"line":240,"column":12},"end":{"line":240,"column":12}},{"start":{"line":240,"column":12},"end":{"line":240,"column":12}}]},"23":{"line":342,"type":"if","locations":[{"start":{"line":342,"column":24},"end":{"line":342,"column":24}},{"start":{"line":342,"column":24},"end":{"line":342,"column":24}}]}}},"contracts/DUMMYDONOTDEPLOY.sol":{"l":{"26":2,"32":8,"36":33,"40":9,"41":9,"45":2},"path":"/Users/devonmartens/Haven1/remake/opt2/Contracts-Hardhat-Tests/Fee-Lib/contracts/DUMMYDONOTDEPLOY.sol","s":{"1":33,"2":9,"3":2},"b":{},"f":{"1":2,"2":8,"3":33,"4":9,"5":2},"fnMap":{"1":{"name":"setRequiredReset","line":25,"loc":{"start":{"line":25,"column":4},"end":{"line":27,"column":4}}},"2":{"name":"setPriceAverage","line":31,"loc":{"start":{"line":31,"column":4},"end":{"line":33,"column":4}}},"3":{"name":"consult","line":35,"loc":{"start":{"line":35,"column":4},"end":{"line":37,"column":4}}},"4":{"name":"refreshOracle","line":39,"loc":{"start":{"line":39,"column":4},"end":{"line":42,"column":4}}},"5":{"name":"viewJustKeepAdding","line":44,"loc":{"start":{"line":44,"column":4},"end":{"line":46,"column":4}}}},"statementMap":{"1":{"start":{"line":36,"column":8},"end":{"line":36,"column":27}},"2":{"start":{"line":41,"column":8},"end":{"line":41,"column":19}},"3":{"start":{"line":45,"column":8},"end":{"line":45,"column":29}}},"branchMap":{}},"contracts/Errors.sol":{"l":{},"path":"/Users/devonmartens/Haven1/remake/opt2/Contracts-Hardhat-Tests/Fee-Lib/contracts/Errors.sol","s":{},"b":{},"f":{},"fnMap":{},"statementMap":{},"branchMap":{}},"contracts/FeeContract.sol":{"l":{"76":236,"77":236,"78":236,"79":236,"80":236,"81":236,"82":2,"84":234,"85":234,"86":234,"87":234,"88":234,"89":651,"90":651,"91":651,"107":17,"108":16,"109":16,"111":1,"125":4,"126":1,"128":3,"132":2,"134":1,"135":1,"136":1,"154":4,"158":2,"160":2,"161":1,"163":1,"164":1,"165":1,"166":1,"176":1,"187":10,"191":8,"192":8,"195":8,"197":7,"199":7,"200":19,"201":19,"202":19,"204":18,"206":6,"207":6,"209":2,"218":4,"219":4,"220":10,"221":10,"222":10,"223":9,"225":3,"226":3,"235":1,"244":10,"245":32,"246":4,"249":6,"257":2,"265":1,"273":1,"281":3,"292":4,"303":2,"304":2,"305":2,"313":3,"321":5,"329":30,"337":9},"path":"/Users/devonmartens/Haven1/remake/opt2/Contracts-Hardhat-Tests/Fee-Lib/contracts/FeeContract.sol","s":{"1":236,"2":236,"3":236,"4":236,"5":236,"6":236,"7":2,"8":234,"9":651,"10":651,"11":17,"12":1,"13":4,"14":1,"15":3,"16":2,"17":1,"18":1,"19":4,"20":2,"21":2,"22":1,"23":10,"24":8,"25":8,"26":8,"27":7,"28":7,"29":19,"30":19,"31":19,"32":18,"33":6,"34":2,"35":4,"36":4,"37":10,"38":10,"39":10,"40":9,"41":3,"42":10,"43":32,"44":4,"45":6,"46":2,"47":1,"48":1,"49":3,"50":4,"51":2,"52":2,"53":2,"54":3,"55":5,"56":30,"57":9},"b":{"1":[236,1],"2":[2,234],"3":[1,1],"4":[16,1],"5":[2,14],"6":[4,1],"7":[1,3],"8":[2,1],"9":[1,1],"10":[4,1],"11":[2,2],"12":[1,1],"13":[1,1],"14":[1,1],"15":[8,2],"16":[4,4],"17":[7,1],"18":[18,1],"19":[4,1],"20":[9,1],"21":[1,1],"22":[4,28],"23":[2,2]},"f":{"1":236,"2":17,"3":4,"4":4,"5":1,"6":10,"7":4,"8":1,"9":10,"10":2,"11":1,"12":1,"13":3,"14":4,"15":2,"16":3,"17":5,"18":30,"19":9,"20":2},"fnMap":{"1":{"name":"initialize","line":75,"loc":{"start":{"line":69,"column":4},"end":{"line":93,"column":4}}},"2":{"name":"resetFee","line":106,"loc":{"start":{"line":106,"column":4},"end":{"line":113,"column":4}}},"3":{"name":"addChannel","line":124,"loc":{"start":{"line":121,"column":4},"end":{"line":137,"column":4}}},"4":{"name":"adjustChannel","line":153,"loc":{"start":{"line":149,"column":4},"end":{"line":167,"column":4}}},"5":{"name":"setEpoch","line":175,"loc":{"start":{"line":173,"column":4},"end":{"line":177,"column":4}}},"6":{"name":"collectFee","line":186,"loc":{"start":{"line":186,"column":4},"end":{"line":211,"column":4}}},"7":{"name":"forceFee","line":217,"loc":{"start":{"line":217,"column":4},"end":{"line":227,"column":4}}},"8":{"name":"setOracle","line":234,"loc":{"start":{"line":234,"column":4},"end":{"line":236,"column":4}}},"9":{"name":"isOriginalAddress","line":243,"loc":{"start":{"line":243,"column":4},"end":{"line":250,"column":4}}},"10":{"name":"getNextResetTime","line":256,"loc":{"start":{"line":256,"column":4},"end":{"line":258,"column":4}}},"11":{"name":"getChannels","line":264,"loc":{"start":{"line":264,"column":4},"end":{"line":266,"column":4}}},"12":{"name":"getWieghts","line":272,"loc":{"start":{"line":272,"column":4},"end":{"line":274,"column":4}}},"13":{"name":"getOracleAddress","line":280,"loc":{"start":{"line":280,"column":4},"end":{"line":282,"column":4}}},"14":{"name":"amountPaidToUponNextDistribution","line":289,"loc":{"start":{"line":289,"column":4},"end":{"line":293,"column":4}}},"15":{"name":"getChannelWeightByIndex","line":300,"loc":{"start":{"line":300,"column":4},"end":{"line":306,"column":4}}},"16":{"name":"getTotalContractShares","line":312,"loc":{"start":{"line":312,"column":4},"end":{"line":314,"column":4}}},"17":{"name":"getLastDistributionBlock","line":320,"loc":{"start":{"line":320,"column":4},"end":{"line":322,"column":4}}},"18":{"name":"queryOracle","line":328,"loc":{"start":{"line":328,"column":4},"end":{"line":330,"column":4}}},"19":{"name":"_refreshOracle","line":336,"loc":{"start":{"line":336,"column":4},"end":{"line":338,"column":4}}},"20":{"name":"_authorizeUpgrade","line":347,"loc":{"start":{"line":345,"column":4},"end":{"line":347,"column":54}}}},"statementMap":{"1":{"start":{"line":76,"column":8},"end":{"line":76,"column":29}},"2":{"start":{"line":77,"column":8},"end":{"line":77,"column":31}},"3":{"start":{"line":78,"column":8},"end":{"line":78,"column":50}},"4":{"start":{"line":79,"column":8},"end":{"line":79,"column":51}},"5":{"start":{"line":80,"column":8},"end":{"line":80,"column":49}},"6":{"start":{"line":81,"column":8},"end":{"line":81,"column":2751}},"7":{"start":{"line":82,"column":12},"end":{"line":82,"column":48}},"8":{"start":{"line":88,"column":8},"end":{"line":88,"column":3019}},"9":{"start":{"line":90,"column":12},"end":{"line":90,"column":38}},"10":{"start":{"line":91,"column":12},"end":{"line":91,"column":36}},"11":{"start":{"line":107,"column":8},"end":{"line":107,"column":3672}},"12":{"start":{"line":111,"column":12},"end":{"line":111,"column":47}},"13":{"start":{"line":125,"column":8},"end":{"line":125,"column":4372}},"14":{"start":{"line":126,"column":12},"end":{"line":126,"column":48}},"15":{"start":{"line":128,"column":8},"end":{"line":128,"column":4469}},"16":{"start":{"line":132,"column":12},"end":{"line":132,"column":41}},"17":{"start":{"line":134,"column":8},"end":{"line":134,"column":40}},"18":{"start":{"line":135,"column":8},"end":{"line":135,"column":28}},"19":{"start":{"line":154,"column":8},"end":{"line":154,"column":5465}},"20":{"start":{"line":158,"column":12},"end":{"line":158,"column":41}},"21":{"start":{"line":160,"column":8},"end":{"line":160,"column":5651}},"22":{"start":{"line":161,"column":12},"end":{"line":161,"column":41}},"23":{"start":{"line":187,"column":8},"end":{"line":187,"column":6673}},"24":{"start":{"line":191,"column":12},"end":{"line":191,"column":44}},"25":{"start":{"line":192,"column":12},"end":{"line":192,"column":6864}},"26":{"start":{"line":195,"column":12},"end":{"line":195,"column":55}},"27":{"start":{"line":197,"column":12},"end":{"line":197,"column":47}},"28":{"start":{"line":199,"column":12},"end":{"line":199,"column":7084}},"29":{"start":{"line":200,"column":16},"end":{"line":200,"column":68}},"30":{"start":{"line":201,"column":16},"end":{"line":201,"column":66}},"31":{"start":{"line":202,"column":16},"end":{"line":202,"column":52}},"32":{"start":{"line":204,"column":16},"end":{"line":204,"column":73}},"33":{"start":{"line":207,"column":12},"end":{"line":207,"column":27}},"34":{"start":{"line":209,"column":12},"end":{"line":209,"column":47}},"35":{"start":{"line":218,"column":8},"end":{"line":218,"column":43}},"36":{"start":{"line":219,"column":8},"end":{"line":219,"column":7780}},"37":{"start":{"line":220,"column":12},"end":{"line":220,"column":64}},"38":{"start":{"line":221,"column":12},"end":{"line":221,"column":65}},"39":{"start":{"line":222,"column":12},"end":{"line":222,"column":51}},"40":{"start":{"line":223,"column":12},"end":{"line":223,"column":69}},"41":{"start":{"line":225,"column":8},"end":{"line":225,"column":23}},"42":{"start":{"line":244,"column":8},"end":{"line":244,"column":8673}},"43":{"start":{"line":245,"column":12},"end":{"line":245,"column":8734}},"44":{"start":{"line":246,"column":16},"end":{"line":246,"column":28}},"45":{"start":{"line":249,"column":8},"end":{"line":249,"column":19}},"46":{"start":{"line":257,"column":8},"end":{"line":257,"column":28}},"47":{"start":{"line":265,"column":8},"end":{"line":265,"column":23}},"48":{"start":{"line":273,"column":8},"end":{"line":273,"column":22}},"49":{"start":{"line":281,"column":8},"end":{"line":281,"column":21}},"50":{"start":{"line":292,"column":8},"end":{"line":292,"column":73}},"51":{"start":{"line":303,"column":8},"end":{"line":303,"column":35}},"52":{"start":{"line":304,"column":8},"end":{"line":304,"column":32}},"53":{"start":{"line":305,"column":8},"end":{"line":305,"column":21}},"54":{"start":{"line":313,"column":8},"end":{"line":313,"column":30}},"55":{"start":{"line":321,"column":8},"end":{"line":321,"column":31}},"56":{"start":{"line":329,"column":8},"end":{"line":329,"column":45}},"57":{"start":{"line":337,"column":8},"end":{"line":337,"column":51}}},"branchMap":{"1":{"line":75,"type":"if","locations":[{"start":{"line":75,"column":15},"end":{"line":75,"column":15}},{"start":{"line":75,"column":15},"end":{"line":75,"column":15}}]},"2":{"line":81,"type":"if","locations":[{"start":{"line":81,"column":8},"end":{"line":81,"column":8}},{"start":{"line":81,"column":8},"end":{"line":81,"column":8}}]},"3":{"line":81,"type":"cond-expr","locations":[{"start":{"line":81,"column":12},"end":{"line":81,"column":31}},{"start":{"line":81,"column":36},"end":{"line":81,"column":54}}]},"4":{"line":107,"type":"if","locations":[{"start":{"line":107,"column":8},"end":{"line":107,"column":8}},{"start":{"line":107,"column":8},"end":{"line":107,"column":8}}]},"5":{"line":107,"type":"cond-expr","locations":[{"start":{"line":107,"column":12},"end":{"line":107,"column":42}},{"start":{"line":107,"column":47},"end":{"line":107,"column":54}}]},"6":{"line":124,"type":"if","locations":[{"start":{"line":124,"column":15},"end":{"line":124,"column":15}},{"start":{"line":124,"column":15},"end":{"line":124,"column":15}}]},"7":{"line":125,"type":"if","locations":[{"start":{"line":125,"column":8},"end":{"line":125,"column":8}},{"start":{"line":125,"column":8},"end":{"line":125,"column":8}}]},"8":{"line":128,"type":"if","locations":[{"start":{"line":128,"column":8},"end":{"line":128,"column":8}},{"start":{"line":128,"column":8},"end":{"line":128,"column":8}}]},"9":{"line":129,"type":"cond-expr","locations":[{"start":{"line":129,"column":12},"end":{"line":129,"column":57}},{"start":{"line":130,"column":12},"end":{"line":130,"column":43}}]},"10":{"line":153,"type":"if","locations":[{"start":{"line":153,"column":15},"end":{"line":153,"column":15}},{"start":{"line":153,"column":15},"end":{"line":153,"column":15}}]},"11":{"line":154,"type":"if","locations":[{"start":{"line":154,"column":8},"end":{"line":154,"column":8}},{"start":{"line":154,"column":8},"end":{"line":154,"column":8}}]},"12":{"line":155,"type":"cond-expr","locations":[{"start":{"line":155,"column":12},"end":{"line":155,"column":43}},{"start":{"line":156,"column":12},"end":{"line":156,"column":57}}]},"13":{"line":160,"type":"if","locations":[{"start":{"line":160,"column":8},"end":{"line":160,"column":8}},{"start":{"line":160,"column":8},"end":{"line":160,"column":8}}]},"14":{"line":175,"type":"if","locations":[{"start":{"line":175,"column":15},"end":{"line":175,"column":15}},{"start":{"line":175,"column":15},"end":{"line":175,"column":15}}]},"15":{"line":187,"type":"if","locations":[{"start":{"line":187,"column":8},"end":{"line":187,"column":8}},{"start":{"line":187,"column":8},"end":{"line":187,"column":8}}]},"16":{"line":188,"type":"cond-expr","locations":[{"start":{"line":188,"column":12},"end":{"line":188,"column":59}},{"start":{"line":189,"column":12},"end":{"line":189,"column":45}}]},"17":{"line":195,"type":"if","locations":[{"start":{"line":195,"column":12},"end":{"line":195,"column":12}},{"start":{"line":195,"column":12},"end":{"line":195,"column":12}}]},"18":{"line":202,"type":"if","locations":[{"start":{"line":202,"column":16},"end":{"line":202,"column":16}},{"start":{"line":202,"column":16},"end":{"line":202,"column":16}}]},"19":{"line":217,"type":"if","locations":[{"start":{"line":217,"column":41},"end":{"line":217,"column":41}},{"start":{"line":217,"column":41},"end":{"line":217,"column":41}}]},"20":{"line":222,"type":"if","locations":[{"start":{"line":222,"column":12},"end":{"line":222,"column":12}},{"start":{"line":222,"column":12},"end":{"line":222,"column":12}}]},"21":{"line":234,"type":"if","locations":[{"start":{"line":234,"column":52},"end":{"line":234,"column":52}},{"start":{"line":234,"column":52},"end":{"line":234,"column":52}}]},"22":{"line":245,"type":"if","locations":[{"start":{"line":245,"column":12},"end":{"line":245,"column":12}},{"start":{"line":245,"column":12},"end":{"line":245,"column":12}}]},"23":{"line":347,"type":"if","locations":[{"start":{"line":347,"column":24},"end":{"line":347,"column":24}},{"start":{"line":347,"column":24},"end":{"line":347,"column":24}}]}}},"contracts/FeeQuery.sol":{"l":{"29":62,"30":2,"32":60},"path":"/Users/devonmartens/Haven1/remake/opt2/Contracts-Hardhat-Tests/Fee-Lib/contracts/FeeQuery.sol","s":{"1":62,"2":2,"3":60},"b":{"1":[2,60]},"f":{"1":62},"fnMap":{"1":{"name":"getFee","line":28,"loc":{"start":{"line":28,"column":4},"end":{"line":34,"column":4}}}},"statementMap":{"1":{"start":{"line":29,"column":8},"end":{"line":29,"column":976}},"2":{"start":{"line":30,"column":12},"end":{"line":30,"column":31}},"3":{"start":{"line":32,"column":12},"end":{"line":32,"column":22}}},"branchMap":{"1":{"line":29,"type":"if","locations":[{"start":{"line":29,"column":8},"end":{"line":29,"column":8}},{"start":{"line":29,"column":8},"end":{"line":29,"column":8}}]}}},"contracts/H1DevelopedApplication.sol":{"l":{"23":11,"24":2,"26":9,"27":9,"28":8,"29":8,"30":7,"42":241,"43":1,"45":240,"46":240,"54":8,"55":8,"64":9,"65":9,"70":31,"71":31},"path":"/Users/devonmartens/Haven1/remake/opt2/Contracts-Hardhat-Tests/Fee-Lib/contracts/H1DevelopedApplication.sol","s":{"1":11,"2":2,"3":9,"4":9,"5":8,"6":8,"7":241,"8":1,"9":8,"10":9,"11":31,"12":31},"b":{"1":[2,9],"2":[8,1],"3":[7,1],"4":[1,240]},"f":{"1":11,"2":241,"3":8,"4":9,"5":31},"fnMap":{"1":{"name":"devApplicationFee","line":22,"loc":{"start":{"line":22,"column":4},"end":{"line":31,"column":4}}},"2":{"name":"constructor","line":41,"loc":{"start":{"line":41,"column":4},"end":{"line":47,"column":4}}},"3":{"name":"getDeveloperFee","line":53,"loc":{"start":{"line":53,"column":4},"end":{"line":56,"column":4}}},"4":{"name":"getHavenFee","line":63,"loc":{"start":{"line":63,"column":4},"end":{"line":66,"column":4}}},"5":{"name":"callFee","line":69,"loc":{"start":{"line":69,"column":4},"end":{"line":72,"column":4}}}},"statementMap":{"1":{"start":{"line":23,"column":8},"end":{"line":23,"column":711}},"2":{"start":{"line":24,"column":12},"end":{"line":24,"column":44}},"3":{"start":{"line":26,"column":8},"end":{"line":26,"column":69}},"4":{"start":{"line":27,"column":8},"end":{"line":27,"column":47}},"5":{"start":{"line":28,"column":8},"end":{"line":28,"column":68}},"6":{"start":{"line":29,"column":8},"end":{"line":29,"column":44}},"7":{"start":{"line":42,"column":8},"end":{"line":42,"column":1503}},"8":{"start":{"line":43,"column":12},"end":{"line":43,"column":41}},"9":{"start":{"line":54,"column":8},"end":{"line":54,"column":38}},"10":{"start":{"line":64,"column":8},"end":{"line":64,"column":38}},"11":{"start":{"line":70,"column":8},"end":{"line":70,"column":59}},"12":{"start":{"line":71,"column":8},"end":{"line":71,"column":25}}},"branchMap":{"1":{"line":23,"type":"if","locations":[{"start":{"line":23,"column":8},"end":{"line":23,"column":8}},{"start":{"line":23,"column":8},"end":{"line":23,"column":8}}]},"2":{"line":27,"type":"if","locations":[{"start":{"line":27,"column":8},"end":{"line":27,"column":8}},{"start":{"line":27,"column":8},"end":{"line":27,"column":8}}]},"3":{"line":29,"type":"if","locations":[{"start":{"line":29,"column":8},"end":{"line":29,"column":8}},{"start":{"line":29,"column":8},"end":{"line":29,"column":8}}]},"4":{"line":42,"type":"if","locations":[{"start":{"line":42,"column":8},"end":{"line":42,"column":8}},{"start":{"line":42,"column":8},"end":{"line":42,"column":8}}]}}},"contracts/H1NativeApplication.sol":{"l":{"19":13,"20":4,"22":9,"23":9,"24":8,"34":142,"35":1,"37":141,"38":141,"39":141,"48":27},"path":"/Users/devonmartens/Haven1/remake/opt2/Contracts-Hardhat-Tests/Fee-Lib/contracts/H1NativeApplication.sol","s":{"1":13,"2":4,"3":9,"4":9,"5":142,"6":1,"7":27},"b":{"1":[4,9],"2":[8,1],"3":[1,141]},"f":{"1":13,"2":142,"3":27},"fnMap":{"1":{"name":"applicationFee","line":18,"loc":{"start":{"line":18,"column":4},"end":{"line":25,"column":4}}},"2":{"name":"constructor","line":33,"loc":{"start":{"line":33,"column":4},"end":{"line":40,"column":4}}},"3":{"name":"callFee","line":47,"loc":{"start":{"line":47,"column":4},"end":{"line":49,"column":4}}}},"statementMap":{"1":{"start":{"line":19,"column":8},"end":{"line":19,"column":657}},"2":{"start":{"line":20,"column":12},"end":{"line":20,"column":44}},"3":{"start":{"line":22,"column":8},"end":{"line":22,"column":65}},"4":{"start":{"line":23,"column":8},"end":{"line":23,"column":47}},"5":{"start":{"line":34,"column":8},"end":{"line":34,"column":1223}},"6":{"start":{"line":35,"column":12},"end":{"line":35,"column":41}},"7":{"start":{"line":48,"column":8},"end":{"line":48,"column":45}}},"branchMap":{"1":{"line":19,"type":"if","locations":[{"start":{"line":19,"column":8},"end":{"line":19,"column":8}},{"start":{"line":19,"column":8},"end":{"line":19,"column":8}}]},"2":{"line":23,"type":"if","locations":[{"start":{"line":23,"column":8},"end":{"line":23,"column":8}},{"start":{"line":23,"column":8},"end":{"line":23,"column":8}}]},"3":{"line":34,"type":"if","locations":[{"start":{"line":34,"column":8},"end":{"line":34,"column":8}},{"start":{"line":34,"column":8},"end":{"line":34,"column":8}}]}}},"contracts/SimpleStorageWithDevAppFee.sol":{"l":{"17":7,"21":3},"path":"/Users/devonmartens/Haven1/remake/opt2/Contracts-Hardhat-Tests/Fee-Lib/contracts/SimpleStorageWithDevAppFee.sol","s":{"1":3},"b":{"1":[7,4]},"f":{"1":180,"2":7,"3":3},"fnMap":{"1":{"name":"constructor","line":14,"loc":{"start":{"line":11,"column":4},"end":{"line":14,"column":55}}},"2":{"name":"set","line":16,"loc":{"start":{"line":16,"column":4},"end":{"line":18,"column":4}}},"3":{"name":"get","line":20,"loc":{"start":{"line":20,"column":4},"end":{"line":22,"column":4}}}},"statementMap":{"1":{"start":{"line":21,"column":8},"end":{"line":21,"column":25}}},"branchMap":{"1":{"line":16,"type":"if","locations":[{"start":{"line":16,"column":40},"end":{"line":16,"column":40}},{"start":{"line":16,"column":40},"end":{"line":16,"column":40}}]}}},"contracts/SimpleStorageWithFee.sol":{"l":{"14":8,"18":1},"path":"/Users/devonmartens/Haven1/remake/opt2/Contracts-Hardhat-Tests/Fee-Lib/contracts/SimpleStorageWithFee.sol","s":{"1":1},"b":{"1":[8,5]},"f":{"1":72,"2":8,"3":1},"fnMap":{"1":{"name":"constructor","line":11,"loc":{"start":{"line":11,"column":4},"end":{"line":11,"column":73}}},"2":{"name":"set","line":13,"loc":{"start":{"line":13,"column":4},"end":{"line":15,"column":4}}},"3":{"name":"get","line":17,"loc":{"start":{"line":17,"column":4},"end":{"line":19,"column":4}}}},"statementMap":{"1":{"start":{"line":18,"column":8},"end":{"line":18,"column":25}}},"branchMap":{"1":{"line":13,"type":"if","locations":[{"start":{"line":13,"column":40},"end":{"line":13,"column":40}},{"start":{"line":13,"column":40},"end":{"line":13,"column":40}}]}}},"contracts/ValidatorRewards.sol":{"l":{"79":639,"80":639,"81":639,"82":639,"83":639,"84":639,"85":1803,"86":1803,"87":1803,"106":4,"107":3,"108":2,"109":2,"110":2,"111":2,"124":3,"128":2,"129":2,"130":2,"131":2,"132":2,"133":2,"145":4,"146":3,"147":2,"149":1,"150":1,"151":1,"152":1,"159":3,"166":26,"174":7,"182":31,"190":2,"198":25,"199":25,"209":2,"210":1,"212":1,"213":1,"214":1,"217":1,"218":1,"227":4,"228":12,"229":12,"230":12,"231":12,"233":12,"234":12,"235":12,"246":6,"247":13,"248":4,"251":2,"276":25},"path":"/Users/devonmartens/Haven1/remake/opt2/Contracts-Hardhat-Tests/Fee-Lib/contracts/ValidatorRewards.sol","s":{"1":639,"2":639,"3":639,"4":639,"5":639,"6":639,"7":1803,"8":4,"9":3,"10":2,"11":3,"12":2,"13":2,"14":2,"15":4,"16":3,"17":2,"18":1,"19":1,"20":3,"21":26,"22":7,"23":31,"24":2,"25":25,"26":25,"27":2,"28":1,"29":1,"30":1,"31":4,"32":12,"33":12,"34":12,"35":12,"36":6,"37":13,"38":4,"39":2,"40":25},"b":{"1":[639,1],"2":[4,1],"3":[3,1],"4":[2,1],"5":[3,1],"6":[2,1],"7":[4,1],"8":[3,1],"9":[2,1],"10":[1,1],"11":[1,1],"12":[4,9],"13":[1,1]},"f":{"1":639,"2":4,"3":3,"4":4,"5":3,"6":26,"7":7,"8":31,"9":2,"10":25,"11":2,"12":4,"13":6,"14":1,"15":25},"fnMap":{"1":{"name":"initialize","line":78,"loc":{"start":{"line":73,"column":4},"end":{"line":89,"column":4}}},"2":{"name":"adjustValidatorShares","line":105,"loc":{"start":{"line":102,"column":4},"end":{"line":112,"column":4}}},"3":{"name":"adjustValidatorAddress","line":123,"loc":{"start":{"line":120,"column":4},"end":{"line":134,"column":4}}},"4":{"name":"addValidator","line":144,"loc":{"start":{"line":141,"column":4},"end":{"line":153,"column":4}}},"5":{"name":"totalShares","line":158,"loc":{"start":{"line":158,"column":4},"end":{"line":160,"column":4}}},"6":{"name":"totalReleased","line":165,"loc":{"start":{"line":165,"column":4},"end":{"line":167,"column":4}}},"7":{"name":"shares","line":173,"loc":{"start":{"line":173,"column":4},"end":{"line":175,"column":4}}},"8":{"name":"released","line":181,"loc":{"start":{"line":181,"column":4},"end":{"line":183,"column":4}}},"9":{"name":"validators","line":189,"loc":{"start":{"line":189,"column":4},"end":{"line":191,"column":4}}},"10":{"name":"releasable","line":197,"loc":{"start":{"line":197,"column":4},"end":{"line":200,"column":4}}},"11":{"name":"release","line":208,"loc":{"start":{"line":208,"column":4},"end":{"line":219,"column":4}}},"12":{"name":"releaseAll","line":226,"loc":{"start":{"line":226,"column":4},"end":{"line":237,"column":4}}},"13":{"name":"isOriginalAddress","line":245,"loc":{"start":{"line":245,"column":4},"end":{"line":252,"column":4}}},"14":{"name":"_authorizeUpgrade","line":261,"loc":{"start":{"line":259,"column":4},"end":{"line":261,"column":54}}},"15":{"name":"_pendingPayment","line":271,"loc":{"start":{"line":271,"column":4},"end":{"line":278,"column":4}}}},"statementMap":{"1":{"start":{"line":79,"column":8},"end":{"line":79,"column":50}},"2":{"start":{"line":80,"column":8},"end":{"line":80,"column":51}},"3":{"start":{"line":81,"column":8},"end":{"line":81,"column":49}},"4":{"start":{"line":82,"column":8},"end":{"line":82,"column":29}},"5":{"start":{"line":83,"column":8},"end":{"line":83,"column":31}},"6":{"start":{"line":84,"column":8},"end":{"line":84,"column":3002}},"7":{"start":{"line":85,"column":12},"end":{"line":85,"column":57}},"8":{"start":{"line":106,"column":8},"end":{"line":106,"column":73}},"9":{"start":{"line":107,"column":8},"end":{"line":107,"column":61}},"10":{"start":{"line":111,"column":8},"end":{"line":111,"column":44}},"11":{"start":{"line":124,"column":8},"end":{"line":124,"column":4346}},"12":{"start":{"line":128,"column":8},"end":{"line":128,"column":63}},"13":{"start":{"line":129,"column":8},"end":{"line":129,"column":57}},"14":{"start":{"line":133,"column":8},"end":{"line":133,"column":73}},"15":{"start":{"line":145,"column":8},"end":{"line":145,"column":77}},"16":{"start":{"line":146,"column":8},"end":{"line":146,"column":61}},"17":{"start":{"line":147,"column":8},"end":{"line":147,"column":73}},"18":{"start":{"line":149,"column":8},"end":{"line":149,"column":43}},"19":{"start":{"line":152,"column":8},"end":{"line":152,"column":44}},"20":{"start":{"line":159,"column":8},"end":{"line":159,"column":27}},"21":{"start":{"line":166,"column":8},"end":{"line":166,"column":29}},"22":{"start":{"line":174,"column":8},"end":{"line":174,"column":31}},"23":{"start":{"line":182,"column":8},"end":{"line":182,"column":33}},"24":{"start":{"line":190,"column":8},"end":{"line":190,"column":44}},"25":{"start":{"line":198,"column":8},"end":{"line":198,"column":71}},"26":{"start":{"line":199,"column":8},"end":{"line":199,"column":73}},"27":{"start":{"line":209,"column":8},"end":{"line":209,"column":66}},"28":{"start":{"line":210,"column":8},"end":{"line":210,"column":45}},"29":{"start":{"line":217,"column":8},"end":{"line":217,"column":42}},"30":{"start":{"line":218,"column":8},"end":{"line":218,"column":46}},"31":{"start":{"line":227,"column":8},"end":{"line":227,"column":7963}},"32":{"start":{"line":228,"column":12},"end":{"line":228,"column":67}},"33":{"start":{"line":233,"column":12},"end":{"line":233,"column":81}},"34":{"start":{"line":234,"column":12},"end":{"line":234,"column":46}},"35":{"start":{"line":235,"column":12},"end":{"line":235,"column":68}},"36":{"start":{"line":246,"column":8},"end":{"line":246,"column":8795}},"37":{"start":{"line":247,"column":12},"end":{"line":247,"column":8870}},"38":{"start":{"line":248,"column":16},"end":{"line":248,"column":28}},"39":{"start":{"line":251,"column":8},"end":{"line":251,"column":19}},"40":{"start":{"line":276,"column":8},"end":{"line":276,"column":9948}}},"branchMap":{"1":{"line":78,"type":"if","locations":[{"start":{"line":78,"column":15},"end":{"line":78,"column":15}},{"start":{"line":78,"column":15},"end":{"line":78,"column":15}}]},"2":{"line":105,"type":"if","locations":[{"start":{"line":105,"column":15},"end":{"line":105,"column":15}},{"start":{"line":105,"column":15},"end":{"line":105,"column":15}}]},"3":{"line":106,"type":"if","locations":[{"start":{"line":106,"column":8},"end":{"line":106,"column":8}},{"start":{"line":106,"column":8},"end":{"line":106,"column":8}}]},"4":{"line":107,"type":"if","locations":[{"start":{"line":107,"column":8},"end":{"line":107,"column":8}},{"start":{"line":107,"column":8},"end":{"line":107,"column":8}}]},"5":{"line":123,"type":"if","locations":[{"start":{"line":123,"column":15},"end":{"line":123,"column":15}},{"start":{"line":123,"column":15},"end":{"line":123,"column":15}}]},"6":{"line":124,"type":"if","locations":[{"start":{"line":124,"column":8},"end":{"line":124,"column":8}},{"start":{"line":124,"column":8},"end":{"line":124,"column":8}}]},"7":{"line":144,"type":"if","locations":[{"start":{"line":144,"column":15},"end":{"line":144,"column":15}},{"start":{"line":144,"column":15},"end":{"line":144,"column":15}}]},"8":{"line":145,"type":"if","locations":[{"start":{"line":145,"column":8},"end":{"line":145,"column":8}},{"start":{"line":145,"column":8},"end":{"line":145,"column":8}}]},"9":{"line":146,"type":"if","locations":[{"start":{"line":146,"column":8},"end":{"line":146,"column":8}},{"start":{"line":146,"column":8},"end":{"line":146,"column":8}}]},"10":{"line":147,"type":"if","locations":[{"start":{"line":147,"column":8},"end":{"line":147,"column":8}},{"start":{"line":147,"column":8},"end":{"line":147,"column":8}}]},"11":{"line":209,"type":"if","locations":[{"start":{"line":209,"column":8},"end":{"line":209,"column":8}},{"start":{"line":209,"column":8},"end":{"line":209,"column":8}}]},"12":{"line":247,"type":"if","locations":[{"start":{"line":247,"column":12},"end":{"line":247,"column":12}},{"start":{"line":247,"column":12},"end":{"line":247,"column":12}}]},"13":{"line":261,"type":"if","locations":[{"start":{"line":261,"column":24},"end":{"line":261,"column":24}},{"start":{"line":261,"column":24},"end":{"line":261,"column":24}}]}}}}