{"contracts/BackedHRC20.sol":{"l":{"38":3,"55":102,"56":102,"57":102,"58":102,"59":102,"60":102,"69":5,"77":1,"90":4,"91":4,"94":4,"108":4,"109":2,"126":17,"138":7,"142":5,"159":1,"160":1,"185":23},"path":"/Users/devonmartens/Haven1/remake/opt2/Contracts-Hardhat-Tests/Bridge-Token-Hardhat/contracts/BackedHRC20.sol","s":{"1":3,"2":102,"3":102,"4":102,"5":102,"6":102,"7":102,"8":5,"9":1,"10":4,"11":4,"12":4,"13":2,"14":17,"15":7,"16":5,"17":1,"18":1,"19":23},"b":{"1":[102,1],"2":[5,2],"3":[1,1],"4":[2,2],"5":[18,1],"6":[17,1],"7":[7,1],"8":[5,2],"9":[1,1],"10":[1,1],"11":[23,1]},"f":{"1":3,"2":102,"3":5,"4":1,"5":4,"6":4,"7":17,"8":7,"9":1,"10":1,"11":23},"fnMap":{"1":{"name":"constructor","line":37,"loc":{"start":{"line":37,"column":4},"end":{"line":39,"column":4}}},"2":{"name":"initialize","line":54,"loc":{"start":{"line":49,"column":4},"end":{"line":61,"column":4}}},"3":{"name":"pause","line":68,"loc":{"start":{"line":68,"column":4},"end":{"line":70,"column":4}}},"4":{"name":"unpause","line":76,"loc":{"start":{"line":76,"column":4},"end":{"line":78,"column":4}}},"5":{"name":"isContract","line":87,"loc":{"start":{"line":87,"column":4},"end":{"line":95,"column":4}}},"6":{"name":"_approve","line":103,"loc":{"start":{"line":103,"column":4},"end":{"line":110,"column":4}}},"7":{"name":"issueBackedToken","line":125,"loc":{"start":{"line":122,"column":4},"end":{"line":127,"column":4}}},"8":{"name":"redeemBackedToken","line":137,"loc":{"start":{"line":137,"column":4},"end":{"line":143,"column":4}}},"9":{"name":"burnFrom","line":158,"loc":{"start":{"line":154,"column":4},"end":{"line":161,"column":4}}},"10":{"name":"_authorizeUpgrade","line":170,"loc":{"start":{"line":168,"column":4},"end":{"line":170,"column":54}}},"11":{"name":"_beforeTokenTransfer","line":184,"loc":{"start":{"line":180,"column":4},"end":{"line":186,"column":4}}}},"statementMap":{"1":{"start":{"line":38,"column":8},"end":{"line":38,"column":29}},"2":{"start":{"line":55,"column":8},"end":{"line":55,"column":24}},"3":{"start":{"line":56,"column":8},"end":{"line":56,"column":29}},"4":{"start":{"line":57,"column":8},"end":{"line":57,"column":31}},"5":{"start":{"line":58,"column":8},"end":{"line":58,"column":33}},"6":{"start":{"line":59,"column":8},"end":{"line":59,"column":54}},"7":{"start":{"line":60,"column":8},"end":{"line":60,"column":49}},"8":{"start":{"line":69,"column":8},"end":{"line":69,"column":15}},"9":{"start":{"line":77,"column":8},"end":{"line":77,"column":17}},"10":{"start":{"line":90,"column":8},"end":{"line":90,"column":19}},"11":{"start":{"line":94,"column":8},"end":{"line":94,"column":25}},"12":{"start":{"line":108,"column":8},"end":{"line":108,"column":75}},"13":{"start":{"line":109,"column":8},"end":{"line":109,"column":45}},"14":{"start":{"line":126,"column":8},"end":{"line":126,"column":24}},"15":{"start":{"line":138,"column":8},"end":{"line":138,"column":4974}},"16":{"start":{"line":142,"column":8},"end":{"line":142,"column":32}},"17":{"start":{"line":159,"column":8},"end":{"line":159,"column":28}},"18":{"start":{"line":160,"column":8},"end":{"line":160,"column":60}},"19":{"start":{"line":185,"column":8},"end":{"line":185,"column":51}}},"branchMap":{"1":{"line":54,"type":"if","locations":[{"start":{"line":54,"column":15},"end":{"line":54,"column":15}},{"start":{"line":54,"column":15},"end":{"line":54,"column":15}}]},"2":{"line":68,"type":"if","locations":[{"start":{"line":68,"column":30},"end":{"line":68,"column":30}},{"start":{"line":68,"column":30},"end":{"line":68,"column":30}}]},"3":{"line":76,"type":"if","locations":[{"start":{"line":76,"column":32},"end":{"line":76,"column":32}},{"start":{"line":76,"column":32},"end":{"line":76,"column":32}}]},"4":{"line":108,"type":"if","locations":[{"start":{"line":108,"column":8},"end":{"line":108,"column":8}},{"start":{"line":108,"column":8},"end":{"line":108,"column":8}}]},"5":{"line":125,"type":"if","locations":[{"start":{"line":125,"column":15},"end":{"line":125,"column":15}},{"start":{"line":125,"column":15},"end":{"line":125,"column":15}}]},"6":{"line":125,"type":"if","locations":[{"start":{"line":125,"column":29},"end":{"line":125,"column":29}},{"start":{"line":125,"column":29},"end":{"line":125,"column":29}}]},"7":{"line":137,"type":"if","locations":[{"start":{"line":137,"column":56},"end":{"line":137,"column":56}},{"start":{"line":137,"column":56},"end":{"line":137,"column":56}}]},"8":{"line":138,"type":"if","locations":[{"start":{"line":138,"column":8},"end":{"line":138,"column":8}},{"start":{"line":138,"column":8},"end":{"line":138,"column":8}}]},"9":{"line":158,"type":"if","locations":[{"start":{"line":158,"column":15},"end":{"line":158,"column":15}},{"start":{"line":158,"column":15},"end":{"line":158,"column":15}}]},"10":{"line":170,"type":"if","locations":[{"start":{"line":170,"column":24},"end":{"line":170,"column":24}},{"start":{"line":170,"column":24},"end":{"line":170,"column":24}}]},"11":{"line":184,"type":"if","locations":[{"start":{"line":184,"column":24},"end":{"line":184,"column":24}},{"start":{"line":184,"column":24},"end":{"line":184,"column":24}}]}}},"contracts/Errors.sol":{"l":{},"path":"/Users/devonmartens/Haven1/remake/opt2/Contracts-Hardhat-Tests/Bridge-Token-Hardhat/contracts/Errors.sol","s":{},"b":{},"f":{},"fnMap":{},"statementMap":{},"branchMap":{}}}