{"contracts/Errors.sol":{"l":{},"path":"/Users/devonmartens/Haven1/remake/opt2/Contracts-Hardhat-Tests/Bridge-Token-Hardhat/contracts/Errors.sol","s":{},"b":{},"f":{},"fnMap":{},"statementMap":{},"branchMap":{}},"contracts/HRC20.sol":{"l":{"44":131,"45":124,"53":3,"72":108,"73":108,"74":108,"75":108,"76":108,"77":108,"78":108,"79":108,"92":4,"93":4,"112":2,"113":2,"124":2,"125":4,"126":4,"137":2,"138":2,"147":6,"155":2,"168":4,"169":4,"172":4,"185":2,"186":1,"187":1,"188":1,"201":2,"202":1,"203":1,"204":1,"221":36,"225":27,"242":9,"243":7,"275":38},"path":"/Users/devonmartens/Haven1/remake/opt2/Contracts-Hardhat-Tests/Bridge-Token-Hardhat/contracts/HRC20.sol","s":{"1":131,"2":3,"3":108,"4":108,"5":108,"6":108,"7":108,"8":108,"9":108,"10":4,"11":2,"12":2,"13":4,"14":2,"15":6,"16":2,"17":4,"18":4,"19":2,"20":1,"21":1,"22":1,"23":2,"24":1,"25":1,"26":1,"27":36,"28":27,"29":9,"30":7,"31":38},"b":{"1":[124,7],"2":[108,1],"3":[4,1],"4":[2,1],"5":[2,1],"6":[2,1],"7":[6,2],"8":[2,1],"9":[1,1],"10":[1,1],"11":[39,1],"12":[37,2],"13":[36,1],"14":[27,9],"15":[21,6],"16":[12,1],"17":[10,2],"18":[9,1],"19":[7,2],"20":[1,1],"21":[41,1],"22":[39,2],"23":[38,1]},"f":{"1":131,"2":3,"3":108,"4":4,"5":2,"6":2,"7":2,"8":6,"9":2,"10":4,"11":2,"12":2,"13":36,"14":9,"15":1,"16":38},"fnMap":{"1":{"name":"blackListBlocked","line":43,"loc":{"start":{"line":43,"column":4},"end":{"line":46,"column":4}}},"2":{"name":"constructor","line":52,"loc":{"start":{"line":52,"column":4},"end":{"line":54,"column":4}}},"3":{"name":"initialize","line":71,"loc":{"start":{"line":65,"column":4},"end":{"line":80,"column":4}}},"4":{"name":"setBlackListAddress","line":91,"loc":{"start":{"line":88,"column":4},"end":{"line":94,"column":4}}},"5":{"name":"setWhiteListAddress","line":111,"loc":{"start":{"line":108,"column":4},"end":{"line":114,"column":4}}},"6":{"name":"setMultipleWhiteListAddresses","line":123,"loc":{"start":{"line":121,"column":4},"end":{"line":128,"column":4}}},"7":{"name":"setWhiteListActive","line":136,"loc":{"start":{"line":134,"column":4},"end":{"line":139,"column":4}}},"8":{"name":"pause","line":146,"loc":{"start":{"line":146,"column":4},"end":{"line":148,"column":4}}},"9":{"name":"unpause","line":154,"loc":{"start":{"line":154,"column":4},"end":{"line":156,"column":4}}},"10":{"name":"isContract","line":165,"loc":{"start":{"line":165,"column":4},"end":{"line":173,"column":4}}},"11":{"name":"approve","line":181,"loc":{"start":{"line":181,"column":4},"end":{"line":189,"column":4}}},"12":{"name":"increaseAllowance","line":197,"loc":{"start":{"line":197,"column":4},"end":{"line":205,"column":4}}},"13":{"name":"deposit","line":220,"loc":{"start":{"line":217,"column":4},"end":{"line":226,"column":4}}},"14":{"name":"withdraw","line":241,"loc":{"start":{"line":238,"column":4},"end":{"line":244,"column":4}}},"15":{"name":"_authorizeUpgrade","line":253,"loc":{"start":{"line":251,"column":4},"end":{"line":253,"column":54}}},"16":{"name":"_beforeTokenTransfer","line":273,"loc":{"start":{"line":264,"column":4},"end":{"line":276,"column":4}}}},"statementMap":{"1":{"start":{"line":44,"column":8},"end":{"line":44,"column":75}},"2":{"start":{"line":53,"column":8},"end":{"line":53,"column":29}},"3":{"start":{"line":72,"column":8},"end":{"line":72,"column":24}},"4":{"start":{"line":73,"column":8},"end":{"line":73,"column":29}},"5":{"start":{"line":74,"column":8},"end":{"line":74,"column":31}},"6":{"start":{"line":75,"column":8},"end":{"line":75,"column":33}},"7":{"start":{"line":77,"column":8},"end":{"line":77,"column":50}},"8":{"start":{"line":78,"column":8},"end":{"line":78,"column":51}},"9":{"start":{"line":79,"column":8},"end":{"line":79,"column":49}},"10":{"start":{"line":93,"column":8},"end":{"line":93,"column":60}},"11":{"start":{"line":113,"column":8},"end":{"line":113,"column":68}},"12":{"start":{"line":124,"column":8},"end":{"line":124,"column":4564}},"13":{"start":{"line":126,"column":12},"end":{"line":126,"column":67}},"14":{"start":{"line":138,"column":8},"end":{"line":138,"column":43}},"15":{"start":{"line":147,"column":8},"end":{"line":147,"column":15}},"16":{"start":{"line":155,"column":8},"end":{"line":155,"column":17}},"17":{"start":{"line":168,"column":8},"end":{"line":168,"column":19}},"18":{"start":{"line":172,"column":8},"end":{"line":172,"column":25}},"19":{"start":{"line":185,"column":8},"end":{"line":185,"column":75}},"20":{"start":{"line":186,"column":8},"end":{"line":186,"column":36}},"21":{"start":{"line":187,"column":8},"end":{"line":187,"column":39}},"22":{"start":{"line":188,"column":8},"end":{"line":188,"column":19}},"23":{"start":{"line":201,"column":8},"end":{"line":201,"column":75}},"24":{"start":{"line":202,"column":8},"end":{"line":202,"column":36}},"25":{"start":{"line":203,"column":8},"end":{"line":203,"column":71}},"26":{"start":{"line":204,"column":8},"end":{"line":204,"column":19}},"27":{"start":{"line":221,"column":8},"end":{"line":221,"column":8055}},"28":{"start":{"line":225,"column":8},"end":{"line":225,"column":24}},"29":{"start":{"line":242,"column":8},"end":{"line":242,"column":70}},"30":{"start":{"line":243,"column":8},"end":{"line":243,"column":26}},"31":{"start":{"line":275,"column":8},"end":{"line":275,"column":51}}},"branchMap":{"1":{"line":44,"type":"if","locations":[{"start":{"line":44,"column":8},"end":{"line":44,"column":8}},{"start":{"line":44,"column":8},"end":{"line":44,"column":8}}]},"2":{"line":71,"type":"if","locations":[{"start":{"line":71,"column":15},"end":{"line":71,"column":15}},{"start":{"line":71,"column":15},"end":{"line":71,"column":15}}]},"3":{"line":91,"type":"if","locations":[{"start":{"line":91,"column":15},"end":{"line":91,"column":15}},{"start":{"line":91,"column":15},"end":{"line":91,"column":15}}]},"4":{"line":111,"type":"if","locations":[{"start":{"line":111,"column":15},"end":{"line":111,"column":15}},{"start":{"line":111,"column":15},"end":{"line":111,"column":15}}]},"5":{"line":123,"type":"if","locations":[{"start":{"line":123,"column":15},"end":{"line":123,"column":15}},{"start":{"line":123,"column":15},"end":{"line":123,"column":15}}]},"6":{"line":136,"type":"if","locations":[{"start":{"line":136,"column":15},"end":{"line":136,"column":15}},{"start":{"line":136,"column":15},"end":{"line":136,"column":15}}]},"7":{"line":146,"type":"if","locations":[{"start":{"line":146,"column":30},"end":{"line":146,"column":30}},{"start":{"line":146,"column":30},"end":{"line":146,"column":30}}]},"8":{"line":154,"type":"if","locations":[{"start":{"line":154,"column":32},"end":{"line":154,"column":32}},{"start":{"line":154,"column":32},"end":{"line":154,"column":32}}]},"9":{"line":185,"type":"if","locations":[{"start":{"line":185,"column":8},"end":{"line":185,"column":8}},{"start":{"line":185,"column":8},"end":{"line":185,"column":8}}]},"10":{"line":201,"type":"if","locations":[{"start":{"line":201,"column":8},"end":{"line":201,"column":8}},{"start":{"line":201,"column":8},"end":{"line":201,"column":8}}]},"11":{"line":220,"type":"if","locations":[{"start":{"line":220,"column":15},"end":{"line":220,"column":15}},{"start":{"line":220,"column":15},"end":{"line":220,"column":15}}]},"12":{"line":220,"type":"if","locations":[{"start":{"line":220,"column":29},"end":{"line":220,"column":29}},{"start":{"line":220,"column":29},"end":{"line":220,"column":29}}]},"13":{"line":220,"type":"if","locations":[{"start":{"line":220,"column":50},"end":{"line":220,"column":50}},{"start":{"line":220,"column":50},"end":{"line":220,"column":50}}]},"14":{"line":221,"type":"if","locations":[{"start":{"line":221,"column":8},"end":{"line":221,"column":8}},{"start":{"line":221,"column":8},"end":{"line":221,"column":8}}]},"15":{"line":222,"type":"cond-expr","locations":[{"start":{"line":222,"column":12},"end":{"line":222,"column":39}},{"start":{"line":222,"column":44},"end":{"line":222,"column":73}}]},"16":{"line":241,"type":"if","locations":[{"start":{"line":241,"column":15},"end":{"line":241,"column":15}},{"start":{"line":241,"column":15},"end":{"line":241,"column":15}}]},"17":{"line":241,"type":"if","locations":[{"start":{"line":241,"column":29},"end":{"line":241,"column":29}},{"start":{"line":241,"column":29},"end":{"line":241,"column":29}}]},"18":{"line":241,"type":"if","locations":[{"start":{"line":241,"column":52},"end":{"line":241,"column":52}},{"start":{"line":241,"column":52},"end":{"line":241,"column":52}}]},"19":{"line":242,"type":"if","locations":[{"start":{"line":242,"column":8},"end":{"line":242,"column":8}},{"start":{"line":242,"column":8},"end":{"line":242,"column":8}}]},"20":{"line":253,"type":"if","locations":[{"start":{"line":253,"column":24},"end":{"line":253,"column":24}},{"start":{"line":253,"column":24},"end":{"line":253,"column":24}}]},"21":{"line":271,"type":"if","locations":[{"start":{"line":271,"column":8},"end":{"line":271,"column":8}},{"start":{"line":271,"column":8},"end":{"line":271,"column":8}}]},"22":{"line":272,"type":"if","locations":[{"start":{"line":272,"column":8},"end":{"line":272,"column":8}},{"start":{"line":272,"column":8},"end":{"line":272,"column":8}}]},"23":{"line":273,"type":"if","locations":[{"start":{"line":273,"column":8},"end":{"line":273,"column":8}},{"start":{"line":273,"column":8},"end":{"line":273,"column":8}}]}}}}