{
"contracts/DUMMYDONTDEPLOY.sol":{"l":{"39":72,"40":72,"41":72},"path":"/Users/devonmartens/Haven1/remake/opt2/Contracts-Hardhat-Tests/Prover-Test-Folder-2/contracts/DUMMYDONTDEPLOY.sol","s":{"1":72},"b":{},"f":{"1":156,"2":1,"3":72},"fnMap":{"1":{"name":"constructor","line":15,"loc":{"start":{"line":15,"column":4},"end":{"line":15,"column":18}}},"2":{"name":"updateAccountStatus","line":26,"loc":{"start":{"line":26,"column":0},"end":{"line":30,"column":18}}},"3":{"name":"assignAccountRole","line":33,"loc":{"start":{"line":33,"column":0},"end":{"line":43,"column":0}}}},"statementMap":{"1":{"start":{"line":39,"column":4},"end":{"line":39,"column":60}}},"branchMap":{}},
"contracts/Errors.sol":{"l":{},"path":"/Users/devonmartens/Haven1/remake/opt2/Contracts-Hardhat-Tests/Prover-Test-Folder-2/contracts/Errors.sol","s":{},"b":{},"f":{},"fnMap":{},"statementMap":{},"branchMap":{}},
"contracts/IPermissionsInterface.sol":{"l":{},"path":"/Users/devonmartens/Haven1/remake/opt2/Contracts-Hardhat-Tests/Prover-Test-Folder-2/contracts/IPermissionsInterface.sol","s":{},"b":{},"f":{},"fnMap":{},"statementMap":{},"branchMap":{}},
"contracts/ProofOfIdentity.sol":{"l":{"89":3,"108":186,"109":186,"110":186,"111":186,"112":186,"113":186,"138":74,"139":73,"140":73,"141":72,"143":72,"145":72,"146":72,"147":72,"148":72,"149":72,"177":8,"178":7,"179":7,"181":7,"183":7,"184":7,"194":4,"209":3,"210":2,"211":2,"225":1,"226":1,"234":3,"247":5,"248":4,"262":1,"274":1,"295":1},"path":"/Users/devonmartens/Haven1/remake/opt2/Contracts-Hardhat-Tests/Prover-Test-Folder-2/contracts/ProofOfIdentity.sol","s":{"1":3,"2":186,"3":186,"4":186,"5":186,"6":186,"7":74,"8":73,"9":73,"10":72,"11":72,"12":72,"13":72,"14":72,"15":8,"16":7,"17":7,"18":7,"19":4,"20":3,"21":2,"22":1,"23":1,"24":3,"25":5,"26":4,"27":1,"28":1,"29":1},"b":{"1":[186,1],"2":[74,1],"3":[73,1],"4":[73,0],"5":[72,1],"6":[8,1],"7":[7,1],"8":[7,0],"9":[7,0],"10":[4,1],"11":[3,1],"12":[2,1],"13":[1,1],"14":[4,1],"15":[1,1]},"f":{"1":3,"2":186,"3":74,"4":8,"5":4,"6":3,"7":1,"8":3,"9":5,"10":1,"11":1,"12":1,"13":1},"fnMap":{"1":{"name":"constructor","line":88,"loc":{"start":{"line":88,"column":4},"end":{"line":90,"column":4}}},"2":{"name":"initialize","line":106,"loc":{"start":{"line":101,"column":4},"end":{"line":114,"column":4}}},"3":{"name":"issueIdentity","line":137,"loc":{"start":{"line":133,"column":5},"end":{"line":150,"column":4}}},"4":{"name":"updateIdentity","line":176,"loc":{"start":{"line":172,"column":4},"end":{"line":185,"column":4}}},"5":{"name":"establishCompetencyRating","line":193,"loc":{"start":{"line":193,"column":4},"end":{"line":195,"column":4}}},"6":{"name":"updateTokenURI","line":208,"loc":{"start":{"line":204,"column":4},"end":{"line":212,"column":4}}},"7":{"name":"suspendAccountMaintainTokenAndIdentityBlob","line":224,"loc":{"start":{"line":221,"column":4},"end":{"line":227,"column":4}}},"8":{"name":"totalSupply","line":233,"loc":{"start":{"line":233,"column":4},"end":{"line":235,"column":4}}},"9":{"name":"tokenURI","line":244,"loc":{"start":{"line":244,"column":4},"end":{"line":249,"column":4}}},"10":{"name":"transferFrom","line":257,"loc":{"start":{"line":257,"column":4},"end":{"line":263,"column":4}}},"11":{"name":"safeTransferFrom","line":269,"loc":{"start":{"line":269,"column":4},"end":{"line":275,"column":4}}},"12":{"name":"_authorizeUpgrade","line":284,"loc":{"start":{"line":282,"column":3},"end":{"line":286,"column":5}}},"13":{"name":"supportsInterface","line":292,"loc":{"start":{"line":292,"column":4},"end":{"line":296,"column":4}}}},"statementMap":{"1":{"start":{"line":89,"column":8},"end":{"line":89,"column":29}},"2":{"start":{"line":108,"column":9},"end":{"line":108,"column":30}},"3":{"start":{"line":109,"column":8},"end":{"line":109,"column":50}},"4":{"start":{"line":110,"column":8},"end":{"line":110,"column":31}},"5":{"start":{"line":112,"column":8},"end":{"line":112,"column":51}},"6":{"start":{"line":113,"column":8},"end":{"line":113,"column":49}},"7":{"start":{"line":138,"column":8},"end":{"line":138,"column":67}},"8":{"start":{"line":139,"column":8},"end":{"line":139,"column":110}},"9":{"start":{"line":140,"column":8},"end":{"line":140,"column":91}},"10":{"start":{"line":141,"column":9},"end":{"line":141,"column":35}},"11":{"start":{"line":145,"column":8},"end":{"line":145,"column":52}},"12":{"start":{"line":147,"column":8},"end":{"line":147,"column":75}},"13":{"start":{"line":148,"column":8},"end":{"line":148,"column":63}},"14":{"start":{"line":149,"column":8},"end":{"line":149,"column":40}},"15":{"start":{"line":177,"column":8},"end":{"line":177,"column":65}},"16":{"start":{"line":178,"column":8},"end":{"line":178,"column":110}},"17":{"start":{"line":179,"column":8},"end":{"line":179,"column":91}},"18":{"start":{"line":184,"column":8},"end":{"line":184,"column":76}},"19":{"start":{"line":194,"column":8},"end":{"line":194,"column":53}},"20":{"start":{"line":209,"column":8},"end":{"line":209,"column":58}},"21":{"start":{"line":211,"column":8},"end":{"line":211,"column":56}},"22":{"start":{"line":225,"column":8},"end":{"line":225,"column":77}},"23":{"start":{"line":226,"column":8},"end":{"line":226,"column":68}},"24":{"start":{"line":234,"column":8},"end":{"line":234,"column":42}},"25":{"start":{"line":247,"column":8},"end":{"line":247,"column":58}},"26":{"start":{"line":248,"column":8},"end":{"line":248,"column":33}},"27":{"start":{"line":262,"column":8},"end":{"line":262,"column":41}},"28":{"start":{"line":274,"column":8},"end":{"line":274,"column":41}},"29":{"start":{"line":295,"column":8},"end":{"line":295,"column":51}}},"branchMap":{"1":{"line":106,"type":"if","locations":[{"start":{"line":106,"column":13},"end":{"line":106,"column":13}},{"start":{"line":106,"column":13},"end":{"line":106,"column":13}}]},"2":{"line":137,"type":"if","locations":[{"start":{"line":137,"column":15},"end":{"line":137,"column":15}},{"start":{"line":137,"column":15},"end":{"line":137,"column":15}}]},"3":{"line":138,"type":"if","locations":[{"start":{"line":138,"column":8},"end":{"line":138,"column":8}},{"start":{"line":138,"column":8},"end":{"line":138,"column":8}}]},"4":{"line":139,"type":"if","locations":[{"start":{"line":139,"column":8},"end":{"line":139,"column":8}},{"start":{"line":139,"column":8},"end":{"line":139,"column":8}}]},"5":{"line":140,"type":"if","locations":[{"start":{"line":140,"column":8},"end":{"line":140,"column":8}},{"start":{"line":140,"column":8},"end":{"line":140,"column":8}}]},"6":{"line":176,"type":"if","locations":[{"start":{"line":176,"column":15},"end":{"line":176,"column":15}},{"start":{"line":176,"column":15},"end":{"line":176,"column":15}}]},"7":{"line":177,"type":"if","locations":[{"start":{"line":177,"column":8},"end":{"line":177,"column":8}},{"start":{"line":177,"column":8},"end":{"line":177,"column":8}}]},"8":{"line":178,"type":"if","locations":[{"start":{"line":178,"column":8},"end":{"line":178,"column":8}},{"start":{"line":178,"column":8},"end":{"line":178,"column":8}}]},"9":{"line":179,"type":"if","locations":[{"start":{"line":179,"column":8},"end":{"line":179,"column":8}},{"start":{"line":179,"column":8},"end":{"line":179,"column":8}}]},"10":{"line":193,"type":"if","locations":[{"start":{"line":193,"column":78},"end":{"line":193,"column":78}},{"start":{"line":193,"column":78},"end":{"line":193,"column":78}}]},"11":{"line":208,"type":"if","locations":[{"start":{"line":208,"column":15},"end":{"line":208,"column":15}},{"start":{"line":208,"column":15},"end":{"line":208,"column":15}}]},"12":{"line":209,"type":"if","locations":[{"start":{"line":209,"column":8},"end":{"line":209,"column":8}},{"start":{"line":209,"column":8},"end":{"line":209,"column":8}}]},"13":{"line":224,"type":"if","locations":[{"start":{"line":224,"column":15},"end":{"line":224,"column":15}},{"start":{"line":224,"column":15},"end":{"line":224,"column":15}}]},"14":{"line":247,"type":"if","locations":[{"start":{"line":247,"column":8},"end":{"line":247,"column":8}},{"start":{"line":247,"column":8},"end":{"line":247,"column":8}}]},"15":{"line":284,"type":"if","locations":[{"start":{"line":284,"column":8},"end":{"line":284,"column":8}},{"start":{"line":284,"column":8},"end":{"line":284,"column":8}}]}}},
"contracts/RoleVerification.sol":{"l":{"37":18,"49":11,"61":11,"73":11,"86":3,"99":3,"100":1,"102":1,"115":2,"116":1,"118":1,"131":2,"132":1,"134":1,"148":2,"149":1,"151":1},"path":"/Users/devonmartens/Haven1/remake/opt2/Contracts-Hardhat-Tests/Prover-Test-Folder-2/contracts/RoleVerification.sol","s":{"1":18,"2":11,"3":11,"4":11,"5":3,"6":3,"7":1,"8":1,"9":2,"10":1,"11":1,"12":2,"13":1,"14":1,"15":2,"16":1,"17":1},"b":{"1":[1,1],"2":[1,1],"3":[1,1],"4":[1,1]},"f":{"1":18,"2":11,"3":11,"4":11,"5":3,"6":3,"7":2,"8":2,"9":2},"fnMap":{"1":{"name":"getUserAccountExpiry","line":34,"loc":{"start":{"line":34,"column":4},"end":{"line":38,"column":4}}},"2":{"name":"getUserAccountCountryCode","line":46,"loc":{"start":{"line":46,"column":4},"end":{"line":50,"column":4}}},"3":{"name":"getUserAccountLevel","line":58,"loc":{"start":{"line":58,"column":4},"end":{"line":62,"column":4}}},"4":{"name":"getUserAccountType","line":70,"loc":{"start":{"line":70,"column":4},"end":{"line":74,"column":4}}},"5":{"name":"getUserAccountCompetencyRating","line":83,"loc":{"start":{"line":83,"column":4},"end":{"line":87,"column":4}}},"6":{"name":"getUserAccountCountryCodePreventOnExpiry","line":96,"loc":{"start":{"line":96,"column":4},"end":{"line":103,"column":4}}},"7":{"name":"getUserAccountLevelPreventOnExpiry","line":112,"loc":{"start":{"line":112,"column":4},"end":{"line":119,"column":4}}},"8":{"name":"getUserAccountTypePreventOnExpiry","line":128,"loc":{"start":{"line":128,"column":4},"end":{"line":135,"column":4}}},"9":{"name":"getUserAccountCompetencyRatingPreventOnExpiry","line":145,"loc":{"start":{"line":145,"column":5},"end":{"line":152,"column":4}}}},"statementMap":{"1":{"start":{"line":37,"column":8},"end":{"line":37,"column":54}},"2":{"start":{"line":49,"column":8},"end":{"line":49,"column":49}},"3":{"start":{"line":61,"column":8},"end":{"line":61,"column":54}},"4":{"start":{"line":73,"column":8},"end":{"line":73,"column":54}},"5":{"start":{"line":86,"column":8},"end":{"line":86,"column":54}},"6":{"start":{"line":99,"column":8},"end":{"line":99,"column":3551}},"7":{"start":{"line":100,"column":12},"end":{"line":100,"column":44}},"8":{"start":{"line":102,"column":8},"end":{"line":102,"column":49}},"9":{"start":{"line":115,"column":8},"end":{"line":115,"column":4242}},"10":{"start":{"line":116,"column":12},"end":{"line":116,"column":44}},"11":{"start":{"line":118,"column":8},"end":{"line":118,"column":54}},"12":{"start":{"line":131,"column":8},"end":{"line":131,"column":4923}},"13":{"start":{"line":132,"column":12},"end":{"line":132,"column":44}},"14":{"start":{"line":134,"column":8},"end":{"line":134,"column":54}},"15":{"start":{"line":148,"column":8},"end":{"line":148,"column":5671}},"16":{"start":{"line":149,"column":12},"end":{"line":149,"column":44}},"17":{"start":{"line":151,"column":8},"end":{"line":151,"column":54}}},"branchMap":{"1":{"line":99,"type":"if","locations":[{"start":{"line":99,"column":8},"end":{"line":99,"column":8}},{"start":{"line":99,"column":8},"end":{"line":99,"column":8}}]},"2":{"line":115,"type":"if","locations":[{"start":{"line":115,"column":8},"end":{"line":115,"column":8}},{"start":{"line":115,"column":8},"end":{"line":115,"column":8}}]},"3":{"line":131,"type":"if","locations":[{"start":{"line":131,"column":8},"end":{"line":131,"column":8}},{"start":{"line":131,"column":8},"end":{"line":131,"column":8}}]},"4":{"line":148,"type":"if","locations":[{"start":{"line":148,"column":8},"end":{"line":148,"column":8}},{"start":{"line":148,"column":8},"end":{"line":148,"column":8}}]}}},
"contracts/VerifiableIdentity.sol":{"l":{"80":15,"95":1,"107":4,"116":4,"127":4,"138":4},"path":"/Users/devonmartens/Haven1/remake/opt2/Contracts-Hardhat-Tests/Prover-Test-Folder-2/contracts/VerifiableIdentity.sol","s":{"1":1,"2":4,"3":4,"4":4,"5":4},"b":{},"f":{"1":15,"2":1,"3":4,"4":4,"5":4,"6":4},"fnMap":{"1":{"name":"constructor","line":79,"loc":{"start":{"line":79,"column":4},"end":{"line":81,"column":4}}},"2":{"name":"getUserCompetencyRating","line":92,"loc":{"start":{"line":92,"column":4},"end":{"line":96,"column":4}}},"3":{"name":"getUserCountryCode","line":104,"loc":{"start":{"line":104,"column":4},"end":{"line":108,"column":4}}},"4":{"name":"getUserExpiry","line":115,"loc":{"start":{"line":115,"column":4},"end":{"line":117,"column":4}}},"5":{"name":"getUserLevel","line":124,"loc":{"start":{"line":124,"column":4},"end":{"line":128,"column":4}}},"6":{"name":"getUserType","line":135,"loc":{"start":{"line":135,"column":4},"end":{"line":139,"column":4}}}},"statementMap":{"1":{"start":{"line":95,"column":8},"end":{"line":95,"column":99}},"2":{"start":{"line":107,"column":8},"end":{"line":107,"column":94}},"3":{"start":{"line":116,"column":8},"end":{"line":116,"column":89}},"4":{"start":{"line":127,"column":8},"end":{"line":127,"column":88}},"5":{"start":{"line":138,"column":8},"end":{"line":138,"column":87}}},"branchMap":{}},
"contracts/VerifiableIdentityPreventsOnExpiry.sol":{"l":{"82":27,"97":3,"111":1,"126":2,"143":2,"159":2},"path":"/Users/devonmartens/Haven1/remake/opt2/Contracts-Hardhat-Tests/Prover-Test-Folder-2/contracts/VerifiableIdentityPreventsOnExpiry.sol","s":{"1":3,"2":1,"3":2,"4":2,"5":2},"b":{},"f":{"1":27,"2":3,"3":1,"4":2,"5":2,"6":2},"fnMap":{"1":{"name":"constructor","line":81,"loc":{"start":{"line":81,"column":4},"end":{"line":83,"column":4}}},"2":{"name":"getUserCountryCodePreventOnExpiry","line":94,"loc":{"start":{"line":94,"column":4},"end":{"line":100,"column":4}}},"3":{"name":"getUserExpiry","line":110,"loc":{"start":{"line":110,"column":4},"end":{"line":114,"column":4}}},"4":{"name":"getUserLevelPreventOnExpiry","line":123,"loc":{"start":{"line":123,"column":4},"end":{"line":130,"column":4}}},"5":{"name":"getUserCompetencyRatingPreventOnExpiry","line":140,"loc":{"start":{"line":140,"column":5},"end":{"line":147,"column":4}}},"6":{"name":"getUserTypePreventOnExpiry","line":156,"loc":{"start":{"line":156,"column":4},"end":{"line":163,"column":4}}}},"statementMap":{"1":{"start":{"line":97,"column":8},"end":{"line":97,"column":4102}},"2":{"start":{"line":111,"column":8},"end":{"line":111,"column":4715}},"3":{"start":{"line":126,"column":8},"end":{"line":126,"column":5388}},"4":{"start":{"line":143,"column":8},"end":{"line":143,"column":6080}},"5":{"start":{"line":159,"column":8},"end":{"line":159,"column":6779}}},"branchMap":{}}}
