TN:
SF:/Users/devonmartens/Haven1/remake/opt2/Contracts-Hardhat-Tests/Prover-Test-Folder-2/contracts/DUMMYDONTDEPLOY.sol
FN:15,constructor
FN:26,updateAccountStatus
FN:33,assignAccountRole
FNF:3
FNH:3
FNDA:156,constructor
FNDA:1,updateAccountStatus
FNDA:72,assignAccountRole
DA:39,72
DA:40,72
DA:41,72
LF:3
LH:3
BRF:0
BRH:0
end_of_record
TN:
SF:/Users/devonmartens/Haven1/remake/opt2/Contracts-Hardhat-Tests/Prover-Test-Folder-2/contracts/Errors.sol
FNF:0
FNH:0
LF:0
LH:0
BRF:0
BRH:0
end_of_record
TN:
SF:/Users/devonmartens/Haven1/remake/opt2/Contracts-Hardhat-Tests/Prover-Test-Folder-2/contracts/IPermissionsInterface.sol
FNF:0
FNH:0
LF:0
LH:0
BRF:0
BRH:0
end_of_record
TN:
SF:/Users/devonmartens/Haven1/remake/opt2/Contracts-Hardhat-Tests/Prover-Test-Folder-2/contracts/ProofOfIdentity.sol
FN:88,constructor
FN:106,initialize
FN:137,issueIdentity
FN:176,updateIdentity
FN:193,establishCompetencyRating
FN:208,updateTokenURI
FN:224,suspendAccountMaintainTokenAndIdentityBlob
FN:233,totalSupply
FN:244,tokenURI
FN:257,transferFrom
FN:269,safeTransferFrom
FN:284,_authorizeUpgrade
FN:292,supportsInterface
FNF:13
FNH:13
FNDA:3,constructor
FNDA:186,initialize
FNDA:74,issueIdentity
FNDA:8,updateIdentity
FNDA:4,establishCompetencyRating
FNDA:3,updateTokenURI
FNDA:1,suspendAccountMaintainTokenAndIdentityBlob
FNDA:3,totalSupply
FNDA:5,tokenURI
FNDA:1,transferFrom
FNDA:1,safeTransferFrom
FNDA:1,_authorizeUpgrade
FNDA:1,supportsInterface
DA:89,3
DA:108,186
DA:109,186
DA:110,186
DA:111,186
DA:112,186
DA:113,186
DA:138,74
DA:139,73
DA:140,73
DA:141,72
DA:143,72
DA:145,72
DA:146,72
DA:147,72
DA:148,72
DA:149,72
DA:177,8
DA:178,7
DA:179,7
DA:181,7
DA:183,7
DA:184,7
DA:194,4
DA:209,3
DA:210,2
DA:211,2
DA:225,1
DA:226,1
DA:234,3
DA:247,5
DA:248,4
DA:262,1
DA:274,1
DA:295,1
LF:35
LH:35
BRDA:106,1,0,186
BRDA:106,1,1,1
BRDA:137,2,0,74
BRDA:137,2,1,1
BRDA:138,3,0,73
BRDA:138,3,1,1
BRDA:139,4,0,73
BRDA:139,4,1,0
BRDA:140,5,0,72
BRDA:140,5,1,1
BRDA:176,6,0,8
BRDA:176,6,1,1
BRDA:177,7,0,7
BRDA:177,7,1,1
BRDA:178,8,0,7
BRDA:178,8,1,0
BRDA:179,9,0,7
BRDA:179,9,1,0
BRDA:193,10,0,4
BRDA:193,10,1,1
BRDA:208,11,0,3
BRDA:208,11,1,1
BRDA:209,12,0,2
BRDA:209,12,1,1
BRDA:224,13,0,1
BRDA:224,13,1,1
BRDA:247,14,0,4
BRDA:247,14,1,1
BRDA:284,15,0,1
BRDA:284,15,1,1
BRF:30
BRH:27
end_of_record
TN:
SF:/Users/devonmartens/Haven1/remake/opt2/Contracts-Hardhat-Tests/Prover-Test-Folder-2/contracts/RoleVerification.sol
FN:34,getUserAccountExpiry
FN:46,getUserAccountCountryCode
FN:58,getUserAccountLevel
FN:70,getUserAccountType
FN:83,getUserAccountCompetencyRating
FN:96,getUserAccountCountryCodePreventOnExpiry
FN:112,getUserAccountLevelPreventOnExpiry
FN:128,getUserAccountTypePreventOnExpiry
FN:145,getUserAccountCompetencyRatingPreventOnExpiry
FNF:9
FNH:9
FNDA:18,getUserAccountExpiry
FNDA:11,getUserAccountCountryCode
FNDA:11,getUserAccountLevel
FNDA:11,getUserAccountType
FNDA:3,getUserAccountCompetencyRating
FNDA:3,getUserAccountCountryCodePreventOnExpiry
FNDA:2,getUserAccountLevelPreventOnExpiry
FNDA:2,getUserAccountTypePreventOnExpiry
FNDA:2,getUserAccountCompetencyRatingPreventOnExpiry
DA:37,18
DA:49,11
DA:61,11
DA:73,11
DA:86,3
DA:99,3
DA:100,1
DA:102,1
DA:115,2
DA:116,1
DA:118,1
DA:131,2
DA:132,1
DA:134,1
DA:148,2
DA:149,1
DA:151,1
LF:17
LH:17
BRDA:99,1,0,1
BRDA:99,1,1,1
BRDA:115,2,0,1
BRDA:115,2,1,1
BRDA:131,3,0,1
BRDA:131,3,1,1
BRDA:148,4,0,1
BRDA:148,4,1,1
BRF:8
BRH:8
end_of_record
TN:
SF:/Users/devonmartens/Haven1/remake/opt2/Contracts-Hardhat-Tests/Prover-Test-Folder-2/contracts/VerifiableIdentity.sol
FN:79,constructor
FN:92,getUserCompetencyRating
FN:104,getUserCountryCode
FN:115,getUserExpiry
FN:124,getUserLevel
FN:135,getUserType
FNF:6
FNH:6
FNDA:15,constructor
FNDA:1,getUserCompetencyRating
FNDA:4,getUserCountryCode
FNDA:4,getUserExpiry
FNDA:4,getUserLevel
FNDA:4,getUserType
DA:80,15
DA:95,1
DA:107,4
DA:116,4
DA:127,4
DA:138,4
LF:6
LH:6
BRF:0
BRH:0
end_of_record
TN:
SF:/Users/devonmartens/Haven1/remake/opt2/Contracts-Hardhat-Tests/Prover-Test-Folder-2/contracts/VerifiableIdentityPreventsOnExpiry.sol
FN:81,constructor
FN:94,getUserCountryCodePreventOnExpiry
FN:110,getUserExpiry
FN:123,getUserLevelPreventOnExpiry
FN:140,getUserCompetencyRatingPreventOnExpiry
FN:156,getUserTypePreventOnExpiry
FNF:6
FNH:6
FNDA:27,constructor
FNDA:3,getUserCountryCodePreventOnExpiry
FNDA:1,getUserExpiry
FNDA:2,getUserLevelPreventOnExpiry
FNDA:2,getUserCompetencyRatingPreventOnExpiry
FNDA:2,getUserTypePreventOnExpiry
DA:82,27
DA:97,3
DA:111,1
DA:126,2
DA:143,2
DA:159,2
LF:6
LH:6
BRF:0
BRH:0
end_of_record
