{"contracts/DUMMYDONTDEPLOY.sol":{"l":{"39":59,"40":59,"41":59},"path":"/Users/devonmartens/Haven1/remake/opt2/Contracts-Hardhat-Tests/Prover-Test-Folder/contracts/DUMMYDONTDEPLOY.sol","s":{"1":59},"b":{},"f":{"1":153,"2":1,"3":59},"fnMap":{"1":{"name":"constructor","line":15,"loc":{"start":{"line":15,"column":4},"end":{"line":15,"column":18}}},"2":{"name":"updateAccountStatus","line":26,"loc":{"start":{"line":26,"column":0},"end":{"line":30,"column":18}}},"3":{"name":"assignAccountRole","line":33,"loc":{"start":{"line":33,"column":0},"end":{"line":43,"column":0}}}},"statementMap":{"1":{"start":{"line":39,"column":4},"end":{"line":39,"column":60}}},"branchMap":{}},"contracts/Errors.sol":{"l":{},"path":"/Users/devonmartens/Haven1/remake/opt2/Contracts-Hardhat-Tests/Prover-Test-Folder/contracts/Errors.sol","s":{},"b":{},"f":{},"fnMap":{},"statementMap":{},"branchMap":{}},"contracts/IPermissionsInterface.sol":{"l":{},"path":"/Users/devonmartens/Haven1/remake/opt2/Contracts-Hardhat-Tests/Prover-Test-Folder/contracts/IPermissionsInterface.sol","s":{},"b":{},"f":{},"fnMap":{},"statementMap":{},"branchMap":{}},"contracts/ProofOfIdentity.sol":{"l":{"103":3,"122":180,"123":180,"124":180,"125":180,"126":180,"127":180,"154":61,"156":60,"157":59,"158":59,"160":59,"168":59,"169":59,"170":59,"171":59,"172":59,"173":59,"202":8,"204":7,"205":7,"212":7,"213":7,"226":3,"227":3,"228":2,"229":2,"243":1,"244":1,"252":3,"265":5,"266":4,"280":1,"292":1,"313":1},"path":"/Users/devonmartens/Haven1/remake/opt2/Contracts-Hardhat-Tests/Prover-Test-Folder/contracts/ProofOfIdentity.sol","s":{"1":3,"2":180,"3":180,"4":180,"5":180,"6":180,"7":61,"8":60,"9":59,"10":59,"11":59,"12":59,"13":59,"14":59,"15":8,"16":7,"17":7,"18":3,"19":3,"20":2,"21":1,"22":1,"23":3,"24":5,"25":4,"26":1,"27":1,"28":1},"b":{"1":[180,1],"2":[61,1],"3":[60,1],"4":[59,1],"5":[8,1],"6":[7,1],"7":[3,1],"8":[2,1],"9":[1,1],"10":[4,1],"11":[1,1]},"f":{"1":3,"2":180,"3":61,"4":8,"5":3,"6":1,"7":3,"8":5,"9":1,"10":1,"11":1,"12":1},"fnMap":{"1":{"name":"constructor","line":102,"loc":{"start":{"line":102,"column":4},"end":{"line":104,"column":4}}},"2":{"name":"initialize","line":120,"loc":{"start":{"line":115,"column":4},"end":{"line":128,"column":4}}},"3":{"name":"issueIdentity","line":153,"loc":{"start":{"line":146,"column":4},"end":{"line":174,"column":4}}},"4":{"name":"updateIdentity","line":201,"loc":{"start":{"line":194,"column":4},"end":{"line":214,"column":4}}},"5":{"name":"updateTokenURI","line":225,"loc":{"start":{"line":222,"column":4},"end":{"line":230,"column":4}}},"6":{"name":"suspendAccountMaintainTokenAndIdentityBlob","line":242,"loc":{"start":{"line":239,"column":4},"end":{"line":245,"column":4}}},"7":{"name":"totalSupply","line":251,"loc":{"start":{"line":251,"column":4},"end":{"line":253,"column":4}}},"8":{"name":"tokenURI","line":262,"loc":{"start":{"line":262,"column":4},"end":{"line":267,"column":4}}},"9":{"name":"transferFrom","line":275,"loc":{"start":{"line":275,"column":4},"end":{"line":281,"column":4}}},"10":{"name":"safeTransferFrom","line":287,"loc":{"start":{"line":287,"column":4},"end":{"line":293,"column":4}}},"11":{"name":"_authorizeUpgrade","line":302,"loc":{"start":{"line":300,"column":3},"end":{"line":304,"column":5}}},"12":{"name":"supportsInterface","line":310,"loc":{"start":{"line":310,"column":4},"end":{"line":314,"column":4}}}},"statementMap":{"1":{"start":{"line":103,"column":8},"end":{"line":103,"column":29}},"2":{"start":{"line":122,"column":9},"end":{"line":122,"column":30}},"3":{"start":{"line":123,"column":8},"end":{"line":123,"column":50}},"4":{"start":{"line":124,"column":8},"end":{"line":124,"column":31}},"5":{"start":{"line":126,"column":8},"end":{"line":126,"column":51}},"6":{"start":{"line":127,"column":8},"end":{"line":127,"column":49}},"7":{"start":{"line":154,"column":8},"end":{"line":154,"column":67}},"8":{"start":{"line":156,"column":8},"end":{"line":156,"column":67}},"9":{"start":{"line":157,"column":9},"end":{"line":157,"column":35}},"10":{"start":{"line":158,"column":8},"end":{"line":158,"column":51}},"11":{"start":{"line":168,"column":8},"end":{"line":168,"column":34}},"12":{"start":{"line":171,"column":8},"end":{"line":171,"column":75}},"13":{"start":{"line":172,"column":8},"end":{"line":172,"column":45}},"14":{"start":{"line":173,"column":8},"end":{"line":173,"column":22}},"15":{"start":{"line":202,"column":8},"end":{"line":202,"column":65}},"16":{"start":{"line":204,"column":8},"end":{"line":204,"column":55}},"17":{"start":{"line":213,"column":8},"end":{"line":213,"column":46}},"18":{"start":{"line":226,"column":8},"end":{"line":226,"column":49}},"19":{"start":{"line":227,"column":8},"end":{"line":227,"column":58}},"20":{"start":{"line":229,"column":8},"end":{"line":229,"column":56}},"21":{"start":{"line":243,"column":8},"end":{"line":243,"column":77}},"22":{"start":{"line":244,"column":8},"end":{"line":244,"column":68}},"23":{"start":{"line":252,"column":8},"end":{"line":252,"column":42}},"24":{"start":{"line":265,"column":8},"end":{"line":265,"column":58}},"25":{"start":{"line":266,"column":8},"end":{"line":266,"column":33}},"26":{"start":{"line":280,"column":8},"end":{"line":280,"column":41}},"27":{"start":{"line":292,"column":8},"end":{"line":292,"column":41}},"28":{"start":{"line":313,"column":8},"end":{"line":313,"column":51}}},"branchMap":{"1":{"line":120,"type":"if","locations":[{"start":{"line":120,"column":13},"end":{"line":120,"column":13}},{"start":{"line":120,"column":13},"end":{"line":120,"column":13}}]},"2":{"line":153,"type":"if","locations":[{"start":{"line":153,"column":15},"end":{"line":153,"column":15}},{"start":{"line":153,"column":15},"end":{"line":153,"column":15}}]},"3":{"line":154,"type":"if","locations":[{"start":{"line":154,"column":8},"end":{"line":154,"column":8}},{"start":{"line":154,"column":8},"end":{"line":154,"column":8}}]},"4":{"line":156,"type":"if","locations":[{"start":{"line":156,"column":8},"end":{"line":156,"column":8}},{"start":{"line":156,"column":8},"end":{"line":156,"column":8}}]},"5":{"line":201,"type":"if","locations":[{"start":{"line":201,"column":15},"end":{"line":201,"column":15}},{"start":{"line":201,"column":15},"end":{"line":201,"column":15}}]},"6":{"line":202,"type":"if","locations":[{"start":{"line":202,"column":8},"end":{"line":202,"column":8}},{"start":{"line":202,"column":8},"end":{"line":202,"column":8}}]},"7":{"line":225,"type":"if","locations":[{"start":{"line":225,"column":15},"end":{"line":225,"column":15}},{"start":{"line":225,"column":15},"end":{"line":225,"column":15}}]},"8":{"line":227,"type":"if","locations":[{"start":{"line":227,"column":8},"end":{"line":227,"column":8}},{"start":{"line":227,"column":8},"end":{"line":227,"column":8}}]},"9":{"line":242,"type":"if","locations":[{"start":{"line":242,"column":15},"end":{"line":242,"column":15}},{"start":{"line":242,"column":15},"end":{"line":242,"column":15}}]},"10":{"line":265,"type":"if","locations":[{"start":{"line":265,"column":8},"end":{"line":265,"column":8}},{"start":{"line":265,"column":8},"end":{"line":265,"column":8}}]},"11":{"line":302,"type":"if","locations":[{"start":{"line":302,"column":8},"end":{"line":302,"column":8}},{"start":{"line":302,"column":8},"end":{"line":302,"column":8}}]}}},"contracts/RoleVerification.sol":{"l":{"38":18,"50":7},"path":"/Users/devonmartens/Haven1/remake/opt2/Contracts-Hardhat-Tests/Prover-Test-Folder/contracts/RoleVerification.sol","s":{"1":18,"2":7},"b":{},"f":{"1":18,"2":7},"fnMap":{"1":{"name":"getUserAccountExpiry","line":35,"loc":{"start":{"line":35,"column":4},"end":{"line":39,"column":4}}},"2":{"name":"getUserAccountIdentityBlob","line":47,"loc":{"start":{"line":47,"column":4},"end":{"line":51,"column":4}}}},"statementMap":{"1":{"start":{"line":38,"column":8},"end":{"line":38,"column":45}},"2":{"start":{"line":50,"column":8},"end":{"line":50,"column":38}}},"branchMap":{}},"contracts/UserInformation.sol":{"l":{"23":11,"35":11,"47":11},"path":"/Users/devonmartens/Haven1/remake/opt2/Contracts-Hardhat-Tests/Prover-Test-Folder/contracts/UserInformation.sol","s":{"1":11,"2":11,"3":11},"b":{},"f":{"1":11,"2":11,"3":11},"fnMap":{"1":{"name":"getUserAccountCountryCode","line":20,"loc":{"start":{"line":20,"column":4},"end":{"line":24,"column":4}}},"2":{"name":"getUserAccountLevel","line":32,"loc":{"start":{"line":32,"column":4},"end":{"line":36,"column":4}}},"3":{"name":"getUserAccountType","line":44,"loc":{"start":{"line":44,"column":4},"end":{"line":48,"column":4}}}},"statementMap":{"1":{"start":{"line":23,"column":8},"end":{"line":23,"column":50}},"2":{"start":{"line":35,"column":8},"end":{"line":35,"column":44}},"3":{"start":{"line":47,"column":8},"end":{"line":47,"column":47}}},"branchMap":{}},"contracts/UserInformationPreventsOnExpiry.sol":{"l":{"24":2,"25":1,"27":1,"40":2,"41":1,"43":1,"56":2,"57":1,"59":1},"path":"/Users/devonmartens/Haven1/remake/opt2/Contracts-Hardhat-Tests/Prover-Test-Folder/contracts/UserInformationPreventsOnExpiry.sol","s":{"1":2,"2":1,"3":1,"4":2,"5":1,"6":1,"7":2,"8":1,"9":1},"b":{"1":[1,1],"2":[1,1],"3":[1,1]},"f":{"1":2,"2":2,"3":2},"fnMap":{"1":{"name":"getUserAccountCountryCodePreventOnExpiry","line":21,"loc":{"start":{"line":21,"column":4},"end":{"line":28,"column":4}}},"2":{"name":"getUserAccountLevelPreventOnExpiry","line":37,"loc":{"start":{"line":37,"column":4},"end":{"line":44,"column":4}}},"3":{"name":"getUserAccountTypePreventOnExpiry","line":53,"loc":{"start":{"line":53,"column":4},"end":{"line":60,"column":4}}}},"statementMap":{"1":{"start":{"line":24,"column":8},"end":{"line":24,"column":1050}},"2":{"start":{"line":25,"column":12},"end":{"line":25,"column":44}},"3":{"start":{"line":27,"column":8},"end":{"line":27,"column":50}},"4":{"start":{"line":40,"column":8},"end":{"line":40,"column":1733}},"5":{"start":{"line":41,"column":12},"end":{"line":41,"column":44}},"6":{"start":{"line":43,"column":8},"end":{"line":43,"column":44}},"7":{"start":{"line":56,"column":8},"end":{"line":56,"column":2395}},"8":{"start":{"line":57,"column":12},"end":{"line":57,"column":44}},"9":{"start":{"line":59,"column":8},"end":{"line":59,"column":47}}},"branchMap":{"1":{"line":24,"type":"if","locations":[{"start":{"line":24,"column":8},"end":{"line":24,"column":8}},{"start":{"line":24,"column":8},"end":{"line":24,"column":8}}]},"2":{"line":40,"type":"if","locations":[{"start":{"line":40,"column":8},"end":{"line":40,"column":8}},{"start":{"line":40,"column":8},"end":{"line":40,"column":8}}]},"3":{"line":56,"type":"if","locations":[{"start":{"line":56,"column":8},"end":{"line":56,"column":8}},{"start":{"line":56,"column":8},"end":{"line":56,"column":8}}]}}},"contracts/VerifiableIdentity.sol":{"l":{"16":21,"29":4,"38":4,"49":2,"60":4,"71":4},"path":"/Users/devonmartens/Haven1/remake/opt2/Contracts-Hardhat-Tests/Prover-Test-Folder/contracts/VerifiableIdentity.sol","s":{"1":4,"2":4,"3":2,"4":4,"5":4},"b":{},"f":{"1":21,"2":4,"3":4,"4":2,"5":4,"6":4},"fnMap":{"1":{"name":"constructor","line":15,"loc":{"start":{"line":15,"column":4},"end":{"line":17,"column":4}}},"2":{"name":"getUserCountryCode","line":26,"loc":{"start":{"line":26,"column":4},"end":{"line":30,"column":4}}},"3":{"name":"getUserExpiry","line":37,"loc":{"start":{"line":37,"column":4},"end":{"line":39,"column":4}}},"4":{"name":"getUserIdentityData","line":46,"loc":{"start":{"line":46,"column":4},"end":{"line":50,"column":4}}},"5":{"name":"getUserLevel","line":57,"loc":{"start":{"line":57,"column":4},"end":{"line":61,"column":4}}},"6":{"name":"getUserType","line":68,"loc":{"start":{"line":68,"column":4},"end":{"line":72,"column":4}}}},"statementMap":{"1":{"start":{"line":29,"column":8},"end":{"line":29,"column":71}},"2":{"start":{"line":38,"column":8},"end":{"line":38,"column":66}},"3":{"start":{"line":49,"column":8},"end":{"line":49,"column":72}},"4":{"start":{"line":60,"column":8},"end":{"line":60,"column":65}},"5":{"start":{"line":71,"column":8},"end":{"line":71,"column":64}}},"branchMap":{}},"contracts/VerifiableIdentityPreventsOnExpiry.sol":{"l":{"17":24,"35":1,"49":1,"64":1,"81":1,"97":1},"path":"/Users/devonmartens/Haven1/remake/opt2/Contracts-Hardhat-Tests/Prover-Test-Folder/contracts/VerifiableIdentityPreventsOnExpiry.sol","s":{"1":1,"2":1,"3":1,"4":1,"5":1},"b":{},"f":{"1":24,"2":1,"3":1,"4":1,"5":1,"6":1},"fnMap":{"1":{"name":"constructor","line":16,"loc":{"start":{"line":16,"column":4},"end":{"line":20,"column":4}}},"2":{"name":"getUserCountryCodePreventOnExpiry","line":32,"loc":{"start":{"line":32,"column":4},"end":{"line":39,"column":4}}},"3":{"name":"getUserExpiry","line":48,"loc":{"start":{"line":48,"column":4},"end":{"line":52,"column":4}}},"4":{"name":"getUserIdentityData","line":61,"loc":{"start":{"line":61,"column":4},"end":{"line":69,"column":4}}},"5":{"name":"getUserLevelPreventOnExpiry","line":78,"loc":{"start":{"line":78,"column":4},"end":{"line":85,"column":4}}},"6":{"name":"getUserTypePreventOnExpiry","line":94,"loc":{"start":{"line":94,"column":4},"end":{"line":101,"column":4}}}},"statementMap":{"1":{"start":{"line":35,"column":8},"end":{"line":35,"column":1550}},"2":{"start":{"line":49,"column":8},"end":{"line":49,"column":2171}},"3":{"start":{"line":64,"column":8},"end":{"line":64,"column":2823}},"4":{"start":{"line":81,"column":8},"end":{"line":81,"column":3527}},"5":{"start":{"line":97,"column":8},"end":{"line":97,"column":4210}}},"branchMap":{}}}