{"contracts/BaseHRC20.sol":{"l":{"15":93,"16":93,"20":17,"24":8},"path":"/Users/devonmartens/Haven1/remake/opt2/Contracts-Hardhat-Tests/Base-Token/contracts/BaseHRC20.sol","s":{"1":93,"2":93,"3":17,"4":8},"b":{"1":[17,1]},"f":{"1":93,"2":17,"3":8},"fnMap":{"1":{"name":"constructor","line":14,"loc":{"start":{"line":8,"column":4},"end":{"line":17,"column":4}}},"2":{"name":"mintToken","line":19,"loc":{"start":{"line":19,"column":4},"end":{"line":21,"column":4}}},"3":{"name":"burnToken","line":23,"loc":{"start":{"line":23,"column":6},"end":{"line":25,"column":4}}}},"statementMap":{"1":{"start":{"line":15,"column":8},"end":{"line":15,"column":51}},"2":{"start":{"line":16,"column":8},"end":{"line":16,"column":49}},"3":{"start":{"line":20,"column":8},"end":{"line":20,"column":24}},"4":{"start":{"line":24,"column":8},"end":{"line":24,"column":32}}},"branchMap":{"1":{"line":19,"type":"if","locations":[{"start":{"line":19,"column":60},"end":{"line":19,"column":60}},{"start":{"line":19,"column":60},"end":{"line":19,"column":60}}]}}},"contracts/Errors.sol":{"l":{},"path":"/Users/devonmartens/Haven1/remake/opt2/Contracts-Hardhat-Tests/Base-Token/contracts/Errors.sol","s":{},"b":{},"f":{},"fnMap":{},"statementMap":{},"branchMap":{}},"contracts/HRC20.sol":{"l":{"49":1,"50":1,"64":4,"65":4,"68":4,"73":5,"77":1,"91":4,"92":2,"107":24},"path":"/Users/devonmartens/Haven1/remake/opt2/Contracts-Hardhat-Tests/Base-Token/contracts/HRC20.sol","s":{"1":1,"2":1,"3":4,"4":4,"5":5,"6":1,"7":4,"8":2,"9":24},"b":{"1":[1,1],"2":[5,2],"3":[1,1],"4":[2,2],"5":[24,3]},"f":{"1":1,"2":4,"3":5,"4":1,"5":4,"6":24},"fnMap":{"1":{"name":"burnFrom","line":48,"loc":{"start":{"line":44,"column":4},"end":{"line":51,"column":4}}},"2":{"name":"isContract","line":61,"loc":{"start":{"line":61,"column":4},"end":{"line":69,"column":4}}},"3":{"name":"pause","line":72,"loc":{"start":{"line":72,"column":4},"end":{"line":74,"column":4}}},"4":{"name":"unpause","line":76,"loc":{"start":{"line":76,"column":4},"end":{"line":78,"column":4}}},"5":{"name":"_approve","line":86,"loc":{"start":{"line":86,"column":4},"end":{"line":93,"column":4}}},"6":{"name":"_beforeTokenTransfer","line":106,"loc":{"start":{"line":102,"column":4},"end":{"line":108,"column":4}}}},"statementMap":{"1":{"start":{"line":49,"column":8},"end":{"line":49,"column":28}},"2":{"start":{"line":50,"column":8},"end":{"line":50,"column":60}},"3":{"start":{"line":64,"column":8},"end":{"line":64,"column":19}},"4":{"start":{"line":68,"column":8},"end":{"line":68,"column":25}},"5":{"start":{"line":73,"column":8},"end":{"line":73,"column":15}},"6":{"start":{"line":77,"column":8},"end":{"line":77,"column":17}},"7":{"start":{"line":91,"column":8},"end":{"line":91,"column":75}},"8":{"start":{"line":92,"column":8},"end":{"line":92,"column":45}},"9":{"start":{"line":107,"column":8},"end":{"line":107,"column":51}}},"branchMap":{"1":{"line":48,"type":"if","locations":[{"start":{"line":48,"column":15},"end":{"line":48,"column":15}},{"start":{"line":48,"column":15},"end":{"line":48,"column":15}}]},"2":{"line":72,"type":"if","locations":[{"start":{"line":72,"column":28},"end":{"line":72,"column":28}},{"start":{"line":72,"column":28},"end":{"line":72,"column":28}}]},"3":{"line":76,"type":"if","locations":[{"start":{"line":76,"column":30},"end":{"line":76,"column":30}},{"start":{"line":76,"column":30},"end":{"line":76,"column":30}}]},"4":{"line":91,"type":"if","locations":[{"start":{"line":91,"column":8},"end":{"line":91,"column":8}},{"start":{"line":91,"column":8},"end":{"line":91,"column":8}}]},"5":{"line":106,"type":"if","locations":[{"start":{"line":106,"column":24},"end":{"line":106,"column":24}},{"start":{"line":106,"column":24},"end":{"line":106,"column":24}}]}}}}