{
  "contracts/Errors.sol": {
    "l": {},
    "path": "/Users/devonmartens/Haven1/remake/opt2/Contracts-Hardhat-Tests/Bridge-Token-Hardhat/contracts/Errors.sol",
    "s": {},
    "b": {},
    "f": {},
    "fnMap": {},
    "statementMap": {},
    "branchMap": {}
  },
  "contracts/HRC20.sol": {
    "l": {
      "42": 118,
      "43": 112,
      "57": 3,
      "79": 102,
      "80": 102,
      "81": 102,
      "82": 102,
      "83": 102,
      "84": 102,
      "85": 102,
      "86": 102,
      "87": 102,
      "100": 3,
      "101": 3,
      "120": 2,
      "121": 2,
      "132": 2,
      "133": 4,
      "134": 4,
      "145": 2,
      "146": 2,
      "155": 6,
      "163": 2,
      "176": 4,
      "177": 4,
      "180": 4,
      "193": 2,
      "194": 1,
      "195": 1,
      "196": 1,
      "209": 2,
      "210": 1,
      "211": 1,
      "212": 1,
      "229": 34,
      "233": 25,
      "250": 8,
      "251": 6,
      "283": 34
    },
    "path": "/Users/devonmartens/Haven1/remake/opt2/Contracts-Hardhat-Tests/Bridge-Token-Hardhat/contracts/HRC20.sol",
    "s": {
      "1": 118,
      "2": 3,
      "3": 102,
      "4": 102,
      "5": 102,
      "6": 102,
      "7": 102,
      "8": 102,
      "9": 102,
      "10": 102,
      "11": 3,
      "12": 2,
      "13": 2,
      "14": 4,
      "15": 2,
      "16": 6,
      "17": 2,
      "18": 4,
      "19": 4,
      "20": 2,
      "21": 1,
      "22": 1,
      "23": 1,
      "24": 2,
      "25": 1,
      "26": 1,
      "27": 1,
      "28": 34,
      "29": 25,
      "30": 8,
      "31": 6,
      "32": 34
    },
    "b": {
      "1": [112, 6],
      "2": [102, 0],
      "3": [3, 1],
      "4": [2, 1],
      "5": [2, 1],
      "6": [2, 1],
      "7": [6, 2],
      "8": [2, 1],
      "9": [1, 1],
      "10": [1, 1],
      "11": [37, 1],
      "12": [35, 2],
      "13": [34, 1],
      "14": [25, 9],
      "15": [19, 6],
      "16": [11, 1],
      "17": [9, 2],
      "18": [8, 1],
      "19": [6, 2],
      "20": [1, 1],
      "21": [36, 1],
      "22": [34, 2],
      "23": [34, 0]
    },
    "f": {
      "1": 118,
      "2": 3,
      "3": 102,
      "4": 3,
      "5": 2,
      "6": 2,
      "7": 2,
      "8": 6,
      "9": 2,
      "10": 4,
      "11": 2,
      "12": 2,
      "13": 34,
      "14": 8,
      "15": 1,
      "16": 34
    },
    "fnMap": {
      "1": {
        "name": "blackListBlocked",
        "line": 41,
        "loc": {
          "start": { "line": 41, "column": 4 },
          "end": { "line": 44, "column": 4 }
        }
      },
      "2": {
        "name": "constructor",
        "line": 56,
        "loc": {
          "start": { "line": 56, "column": 4 },
          "end": { "line": 58, "column": 4 }
        }
      },
      "3": {
        "name": "initialize",
        "line": 78,
        "loc": {
          "start": { "line": 70, "column": 4 },
          "end": { "line": 88, "column": 4 }
        }
      },
      "4": {
        "name": "setBlackListAddress",
        "line": 99,
        "loc": {
          "start": { "line": 96, "column": 4 },
          "end": { "line": 102, "column": 4 }
        }
      },
      "5": {
        "name": "setWhiteListAddress",
        "line": 119,
        "loc": {
          "start": { "line": 116, "column": 4 },
          "end": { "line": 122, "column": 4 }
        }
      },
      "6": {
        "name": "setMultipleWhiteListAddresses",
        "line": 131,
        "loc": {
          "start": { "line": 129, "column": 4 },
          "end": { "line": 136, "column": 4 }
        }
      },
      "7": {
        "name": "setWhiteListActive",
        "line": 144,
        "loc": {
          "start": { "line": 142, "column": 4 },
          "end": { "line": 147, "column": 4 }
        }
      },
      "8": {
        "name": "pause",
        "line": 154,
        "loc": {
          "start": { "line": 154, "column": 4 },
          "end": { "line": 156, "column": 4 }
        }
      },
      "9": {
        "name": "unpause",
        "line": 162,
        "loc": {
          "start": { "line": 162, "column": 4 },
          "end": { "line": 164, "column": 4 }
        }
      },
      "10": {
        "name": "isContract",
        "line": 173,
        "loc": {
          "start": { "line": 173, "column": 4 },
          "end": { "line": 181, "column": 4 }
        }
      },
      "11": {
        "name": "approve",
        "line": 189,
        "loc": {
          "start": { "line": 189, "column": 4 },
          "end": { "line": 197, "column": 4 }
        }
      },
      "12": {
        "name": "increaseAllowance",
        "line": 205,
        "loc": {
          "start": { "line": 205, "column": 4 },
          "end": { "line": 213, "column": 4 }
        }
      },
      "13": {
        "name": "deposit",
        "line": 228,
        "loc": {
          "start": { "line": 225, "column": 4 },
          "end": { "line": 234, "column": 4 }
        }
      },
      "14": {
        "name": "withdraw",
        "line": 249,
        "loc": {
          "start": { "line": 246, "column": 4 },
          "end": { "line": 252, "column": 4 }
        }
      },
      "15": {
        "name": "_authorizeUpgrade",
        "line": 261,
        "loc": {
          "start": { "line": 259, "column": 4 },
          "end": { "line": 261, "column": 49 }
        }
      },
      "16": {
        "name": "_beforeTokenTransfer",
        "line": 281,
        "loc": {
          "start": { "line": 272, "column": 4 },
          "end": { "line": 284, "column": 4 }
        }
      }
    },
    "statementMap": {
      "1": {
        "start": { "line": 42, "column": 8 },
        "end": { "line": 42, "column": 75 }
      },
      "2": {
        "start": { "line": 57, "column": 8 },
        "end": { "line": 57, "column": 29 }
      },
      "3": {
        "start": { "line": 79, "column": 8 },
        "end": { "line": 79, "column": 24 }
      },
      "4": {
        "start": { "line": 80, "column": 8 },
        "end": { "line": 80, "column": 29 }
      },
      "5": {
        "start": { "line": 81, "column": 8 },
        "end": { "line": 81, "column": 31 }
      },
      "6": {
        "start": { "line": 82, "column": 8 },
        "end": { "line": 82, "column": 33 }
      },
      "7": {
        "start": { "line": 84, "column": 8 },
        "end": { "line": 84, "column": 44 }
      },
      "8": {
        "start": { "line": 85, "column": 8 },
        "end": { "line": 85, "column": 38 }
      },
      "9": {
        "start": { "line": 86, "column": 8 },
        "end": { "line": 86, "column": 48 }
      },
      "10": {
        "start": { "line": 87, "column": 8 },
        "end": { "line": 87, "column": 42 }
      },
      "11": {
        "start": { "line": 101, "column": 8 },
        "end": { "line": 101, "column": 60 }
      },
      "12": {
        "start": { "line": 121, "column": 8 },
        "end": { "line": 121, "column": 68 }
      },
      "13": {
        "start": { "line": 132, "column": 8 },
        "end": { "line": 132, "column": 4925 }
      },
      "14": {
        "start": { "line": 134, "column": 12 },
        "end": { "line": 134, "column": 67 }
      },
      "15": {
        "start": { "line": 146, "column": 8 },
        "end": { "line": 146, "column": 43 }
      },
      "16": {
        "start": { "line": 155, "column": 8 },
        "end": { "line": 155, "column": 15 }
      },
      "17": {
        "start": { "line": 163, "column": 8 },
        "end": { "line": 163, "column": 17 }
      },
      "18": {
        "start": { "line": 176, "column": 8 },
        "end": { "line": 176, "column": 19 }
      },
      "19": {
        "start": { "line": 180, "column": 8 },
        "end": { "line": 180, "column": 25 }
      },
      "20": {
        "start": { "line": 193, "column": 8 },
        "end": { "line": 193, "column": 75 }
      },
      "21": {
        "start": { "line": 194, "column": 8 },
        "end": { "line": 194, "column": 36 }
      },
      "22": {
        "start": { "line": 195, "column": 8 },
        "end": { "line": 195, "column": 39 }
      },
      "23": {
        "start": { "line": 196, "column": 8 },
        "end": { "line": 196, "column": 19 }
      },
      "24": {
        "start": { "line": 209, "column": 8 },
        "end": { "line": 209, "column": 75 }
      },
      "25": {
        "start": { "line": 210, "column": 8 },
        "end": { "line": 210, "column": 36 }
      },
      "26": {
        "start": { "line": 211, "column": 8 },
        "end": { "line": 211, "column": 71 }
      },
      "27": {
        "start": { "line": 212, "column": 8 },
        "end": { "line": 212, "column": 19 }
      },
      "28": {
        "start": { "line": 229, "column": 8 },
        "end": { "line": 229, "column": 8420 }
      },
      "29": {
        "start": { "line": 233, "column": 8 },
        "end": { "line": 233, "column": 24 }
      },
      "30": {
        "start": { "line": 250, "column": 8 },
        "end": { "line": 250, "column": 70 }
      },
      "31": {
        "start": { "line": 251, "column": 8 },
        "end": { "line": 251, "column": 26 }
      },
      "32": {
        "start": { "line": 283, "column": 8 },
        "end": { "line": 283, "column": 51 }
      }
    },
    "branchMap": {
      "1": {
        "line": 42,
        "type": "if",
        "locations": [
          {
            "start": { "line": 42, "column": 8 },
            "end": { "line": 42, "column": 8 }
          },
          {
            "start": { "line": 42, "column": 8 },
            "end": { "line": 42, "column": 8 }
          }
        ]
      },
      "2": {
        "line": 78,
        "type": "if",
        "locations": [
          {
            "start": { "line": 78, "column": 15 },
            "end": { "line": 78, "column": 15 }
          },
          {
            "start": { "line": 78, "column": 15 },
            "end": { "line": 78, "column": 15 }
          }
        ]
      },
      "3": {
        "line": 99,
        "type": "if",
        "locations": [
          {
            "start": { "line": 99, "column": 15 },
            "end": { "line": 99, "column": 15 }
          },
          {
            "start": { "line": 99, "column": 15 },
            "end": { "line": 99, "column": 15 }
          }
        ]
      },
      "4": {
        "line": 119,
        "type": "if",
        "locations": [
          {
            "start": { "line": 119, "column": 15 },
            "end": { "line": 119, "column": 15 }
          },
          {
            "start": { "line": 119, "column": 15 },
            "end": { "line": 119, "column": 15 }
          }
        ]
      },
      "5": {
        "line": 131,
        "type": "if",
        "locations": [
          {
            "start": { "line": 131, "column": 15 },
            "end": { "line": 131, "column": 15 }
          },
          {
            "start": { "line": 131, "column": 15 },
            "end": { "line": 131, "column": 15 }
          }
        ]
      },
      "6": {
        "line": 144,
        "type": "if",
        "locations": [
          {
            "start": { "line": 144, "column": 15 },
            "end": { "line": 144, "column": 15 }
          },
          {
            "start": { "line": 144, "column": 15 },
            "end": { "line": 144, "column": 15 }
          }
        ]
      },
      "7": {
        "line": 154,
        "type": "if",
        "locations": [
          {
            "start": { "line": 154, "column": 30 },
            "end": { "line": 154, "column": 30 }
          },
          {
            "start": { "line": 154, "column": 30 },
            "end": { "line": 154, "column": 30 }
          }
        ]
      },
      "8": {
        "line": 162,
        "type": "if",
        "locations": [
          {
            "start": { "line": 162, "column": 32 },
            "end": { "line": 162, "column": 32 }
          },
          {
            "start": { "line": 162, "column": 32 },
            "end": { "line": 162, "column": 32 }
          }
        ]
      },
      "9": {
        "line": 193,
        "type": "if",
        "locations": [
          {
            "start": { "line": 193, "column": 8 },
            "end": { "line": 193, "column": 8 }
          },
          {
            "start": { "line": 193, "column": 8 },
            "end": { "line": 193, "column": 8 }
          }
        ]
      },
      "10": {
        "line": 209,
        "type": "if",
        "locations": [
          {
            "start": { "line": 209, "column": 8 },
            "end": { "line": 209, "column": 8 }
          },
          {
            "start": { "line": 209, "column": 8 },
            "end": { "line": 209, "column": 8 }
          }
        ]
      },
      "11": {
        "line": 228,
        "type": "if",
        "locations": [
          {
            "start": { "line": 228, "column": 15 },
            "end": { "line": 228, "column": 15 }
          },
          {
            "start": { "line": 228, "column": 15 },
            "end": { "line": 228, "column": 15 }
          }
        ]
      },
      "12": {
        "line": 228,
        "type": "if",
        "locations": [
          {
            "start": { "line": 228, "column": 29 },
            "end": { "line": 228, "column": 29 }
          },
          {
            "start": { "line": 228, "column": 29 },
            "end": { "line": 228, "column": 29 }
          }
        ]
      },
      "13": {
        "line": 228,
        "type": "if",
        "locations": [
          {
            "start": { "line": 228, "column": 50 },
            "end": { "line": 228, "column": 50 }
          },
          {
            "start": { "line": 228, "column": 50 },
            "end": { "line": 228, "column": 50 }
          }
        ]
      },
      "14": {
        "line": 229,
        "type": "if",
        "locations": [
          {
            "start": { "line": 229, "column": 8 },
            "end": { "line": 229, "column": 8 }
          },
          {
            "start": { "line": 229, "column": 8 },
            "end": { "line": 229, "column": 8 }
          }
        ]
      },
      "15": {
        "line": 230,
        "type": "cond-expr",
        "locations": [
          {
            "start": { "line": 230, "column": 12 },
            "end": { "line": 230, "column": 39 }
          },
          {
            "start": { "line": 230, "column": 44 },
            "end": { "line": 230, "column": 73 }
          }
        ]
      },
      "16": {
        "line": 249,
        "type": "if",
        "locations": [
          {
            "start": { "line": 249, "column": 15 },
            "end": { "line": 249, "column": 15 }
          },
          {
            "start": { "line": 249, "column": 15 },
            "end": { "line": 249, "column": 15 }
          }
        ]
      },
      "17": {
        "line": 249,
        "type": "if",
        "locations": [
          {
            "start": { "line": 249, "column": 29 },
            "end": { "line": 249, "column": 29 }
          },
          {
            "start": { "line": 249, "column": 29 },
            "end": { "line": 249, "column": 29 }
          }
        ]
      },
      "18": {
        "line": 249,
        "type": "if",
        "locations": [
          {
            "start": { "line": 249, "column": 52 },
            "end": { "line": 249, "column": 52 }
          },
          {
            "start": { "line": 249, "column": 52 },
            "end": { "line": 249, "column": 52 }
          }
        ]
      },
      "19": {
        "line": 250,
        "type": "if",
        "locations": [
          {
            "start": { "line": 250, "column": 8 },
            "end": { "line": 250, "column": 8 }
          },
          {
            "start": { "line": 250, "column": 8 },
            "end": { "line": 250, "column": 8 }
          }
        ]
      },
      "20": {
        "line": 261,
        "type": "if",
        "locations": [
          {
            "start": { "line": 261, "column": 24 },
            "end": { "line": 261, "column": 24 }
          },
          {
            "start": { "line": 261, "column": 24 },
            "end": { "line": 261, "column": 24 }
          }
        ]
      },
      "21": {
        "line": 279,
        "type": "if",
        "locations": [
          {
            "start": { "line": 279, "column": 8 },
            "end": { "line": 279, "column": 8 }
          },
          {
            "start": { "line": 279, "column": 8 },
            "end": { "line": 279, "column": 8 }
          }
        ]
      },
      "22": {
        "line": 280,
        "type": "if",
        "locations": [
          {
            "start": { "line": 280, "column": 8 },
            "end": { "line": 280, "column": 8 }
          },
          {
            "start": { "line": 280, "column": 8 },
            "end": { "line": 280, "column": 8 }
          }
        ]
      },
      "23": {
        "line": 281,
        "type": "if",
        "locations": [
          {
            "start": { "line": 281, "column": 8 },
            "end": { "line": 281, "column": 8 }
          },
          {
            "start": { "line": 281, "column": 8 },
            "end": { "line": 281, "column": 8 }
          }
        ]
      }
    }
  }
}
