TN:
SF:/Users/devonmartens/Haven1/remake/opt2/Contracts-Hardhat-Tests/Bridge-Token-Hardhat/contracts/BackedHRC20.sol
FN:37,constructor
FN:54,initialize
FN:69,pause
FN:77,unpause
FN:88,isContract
FN:104,approve
FN:120,increaseAllowance
FN:143,issueBackedToken
FN:157,redeemBackedToken
FN:171,burnFrom
FN:183,_authorizeUpgrade
FN:200,_beforeTokenTransfer
FNF:12
FNH:12
FNDA:3,constructor
FNDA:81,initialize
FNDA:6,pause
FNDA:2,unpause
FNDA:4,isContract
FNDA:2,approve
FNDA:2,increaseAllowance
FNDA:15,issueBackedToken
FNDA:5,redeemBackedToken
FNDA:1,burnFrom
FNDA:1,_authorizeUpgrade
FNDA:19,_beforeTokenTransfer
DA:38,3
DA:55,81
DA:56,81
DA:57,81
DA:58,81
DA:59,81
DA:60,81
DA:61,81
DA:70,6
DA:78,2
DA:91,4
DA:92,4
DA:95,4
DA:108,2
DA:109,1
DA:110,1
DA:111,1
DA:124,2
DA:125,1
DA:126,1
DA:127,1
DA:144,15
DA:158,5
DA:159,3
DA:172,1
DA:173,1
DA:202,19
LF:27
LH:27
BRDA:54,1,0,81
BRDA:54,1,1,1
BRDA:69,2,0,6
BRDA:69,2,1,2
BRDA:77,3,0,2
BRDA:77,3,1,1
BRDA:108,4,0,1
BRDA:108,4,1,1
BRDA:124,5,0,1
BRDA:124,5,1,1
BRDA:143,6,0,16
BRDA:143,6,1,1
BRDA:143,7,0,15
BRDA:143,7,1,1
BRDA:157,8,0,5
BRDA:157,8,1,1
BRDA:158,9,0,3
BRDA:158,9,1,2
BRDA:171,10,0,1
BRDA:171,10,1,1
BRDA:183,11,0,1
BRDA:183,11,1,1
BRDA:200,12,0,19
BRDA:200,12,1,1
BRF:24
BRH:24
end_of_record
TN:
SF:/Users/devonmartens/Haven1/remake/opt2/Contracts-Hardhat-Tests/Bridge-Token-Hardhat/contracts/Errors.sol
FNF:0
FNH:0
LF:0
LH:0
BRF:0
BRH:0
end_of_record
