TN:
SF:/Users/devonmartens/Haven1/remake/opt2/Contracts-Hardhat-Tests/Bridge-Token-Hardhat/contracts/Errors.sol
FNF:0
FNH:0
LF:0
LH:0
BRF:0
BRH:0
end_of_record
TN:
SF:/Users/devonmartens/Haven1/remake/opt2/Contracts-Hardhat-Tests/Bridge-Token-Hardhat/contracts/HRC20.sol
FN:41,blackListBlocked
FN:56,constructor
FN:78,initialize
FN:100,setBlackListAddress
FN:120,setWhiteListAddress
FN:132,setMultipleWhiteListAddresses
FN:145,setWhiteListActive
FN:155,pause
FN:163,unpause
FN:174,isContract
FN:190,approve
FN:206,increaseAllowance
FN:229,deposit
FN:250,withdraw
FN:262,_authorizeUpgrade
FN:282,_beforeTokenTransfer
FNF:16
FNH:16
FNDA:131,blackListBlocked
FNDA:3,constructor
FNDA:108,initialize
FNDA:4,setBlackListAddress
FNDA:2,setWhiteListAddress
FNDA:2,setMultipleWhiteListAddresses
FNDA:2,setWhiteListActive
FNDA:6,pause
FNDA:2,unpause
FNDA:4,isContract
FNDA:2,approve
FNDA:2,increaseAllowance
FNDA:36,deposit
FNDA:9,withdraw
FNDA:1,_authorizeUpgrade
FNDA:38,_beforeTokenTransfer
DA:42,131
DA:43,124
DA:57,3
DA:79,108
DA:80,108
DA:81,108
DA:82,108
DA:83,108
DA:84,108
DA:85,108
DA:86,108
DA:87,108
DA:88,108
DA:101,4
DA:102,4
DA:121,2
DA:122,2
DA:133,2
DA:134,4
DA:135,4
DA:146,2
DA:147,2
DA:156,6
DA:164,2
DA:177,4
DA:178,4
DA:181,4
DA:194,2
DA:195,1
DA:196,1
DA:197,1
DA:210,2
DA:211,1
DA:212,1
DA:213,1
DA:230,36
DA:234,27
DA:251,9
DA:252,7
DA:284,38
LF:40
LH:40
BRDA:42,1,0,124
BRDA:42,1,1,7
BRDA:78,2,0,108
BRDA:78,2,1,1
BRDA:100,3,0,4
BRDA:100,3,1,1
BRDA:120,4,0,2
BRDA:120,4,1,1
BRDA:132,5,0,2
BRDA:132,5,1,1
BRDA:145,6,0,2
BRDA:145,6,1,1
BRDA:155,7,0,6
BRDA:155,7,1,2
BRDA:163,8,0,2
BRDA:163,8,1,1
BRDA:194,9,0,1
BRDA:194,9,1,1
BRDA:210,10,0,1
BRDA:210,10,1,1
BRDA:229,11,0,39
BRDA:229,11,1,1
BRDA:229,12,0,37
BRDA:229,12,1,2
BRDA:229,13,0,36
BRDA:229,13,1,1
BRDA:230,14,0,27
BRDA:230,14,1,9
BRDA:231,15,0,21
BRDA:231,15,1,6
BRDA:250,16,0,12
BRDA:250,16,1,1
BRDA:250,17,0,10
BRDA:250,17,1,2
BRDA:250,18,0,9
BRDA:250,18,1,1
BRDA:251,19,0,7
BRDA:251,19,1,2
BRDA:262,20,0,1
BRDA:262,20,1,1
BRDA:280,21,0,41
BRDA:280,21,1,1
BRDA:281,22,0,39
BRDA:281,22,1,2
BRDA:282,23,0,38
BRDA:282,23,1,1
BRF:46
BRH:46
end_of_record
